Unknown command: '0.0.0.0'
Type 'manage.py help' for usage.
Unknown command: '0:8000'
Type 'manage.py help' for usage.
Watching for file changes with StatReloader
Invalid HTTP_HOST header: '192.168.0.194:8000'. You may need to add '192.168.0.194' to ALLOWED_HOSTS.
Bad Request: /
[07/Oct/2020 12:54:00] "GET / HTTP/1.1" 400 67563
Invalid HTTP_HOST header: '192.168.0.194:8000'. You may need to add '192.168.0.194' to ALLOWED_HOSTS.
Bad Request: /favicon.ico
[07/Oct/2020 12:54:00] "GET /favicon.ico HTTP/1.1" 400 67606
/home/aviox/CodeProve/CodeProve/settings.py changed, reloading.
Performing system checks...

System check identified no issues (0 silenced).
October 07, 2020 - 12:53:42
Django version 3.1.2, using settings 'CodeProve.settings'
Starting development server at http://0:8000/
Quit the server with CONTROL-C.
Watching for file changes with StatReloader
[07/Oct/2020 12:54:20] "GET / HTTP/1.1" 200 4617
[07/Oct/2020 12:54:20] "GET /static/app/content/site.css HTTP/1.1" 200 10065
[07/Oct/2020 12:54:20] "GET /static/app/content/font-awesome.css HTTP/1.1" 200 30999
[07/Oct/2020 12:54:20] "GET /static/app/content/bootstrap.min.css HTTP/1.1" 200 97949
[07/Oct/2020 12:54:20] "GET /static/app/scripts/bootstrap.js HTTP/1.1" 200 59250
[07/Oct/2020 12:54:20] "GET /static/app/scripts/bootstrap.min.js HTTP/1.1" 200 28518
[07/Oct/2020 12:54:20] "GET /static/app/scripts/modernizr-2.6.2.js HTTP/1.1" 200 51395
[07/Oct/2020 12:54:20] "GET /static/app/scripts/respond.js HTTP/1.1" 200 10318
[07/Oct/2020 12:54:20] "GET /static/app/scripts/jquery.min.js HTTP/1.1" 200 84345
[07/Oct/2020 12:54:20] "GET /static/app/scripts/jquery-1.10.2.js HTTP/1.1" 200 273990
Not Found: /favicon.ico
[07/Oct/2020 12:54:20] "GET /favicon.ico HTTP/1.1" 404 1762
Watching for file changes with StatReloader
[08/Oct/2020 06:15:53] "GET /password_reset/ HTTP/1.1" 200 3867
[08/Oct/2020 06:18:35] "POST /newcompile/ HTTP/1.1" 200 75
[08/Oct/2020 06:18:53] "POST /newcompile/ HTTP/1.1" 200 75
[08/Oct/2020 06:18:56] "GET /newcompile/ HTTP/1.1" 200 8897
[08/Oct/2020 06:18:56] "GET /static/app/scripts/modernizr-2.6.2.js HTTP/1.1" 304 0
[08/Oct/2020 06:18:56] "GET /static/app/scripts/jquery-1.10.2.js HTTP/1.1" 304 0
[08/Oct/2020 06:18:56] "GET /static/app/scripts/jquery.min.js HTTP/1.1" 304 0
[08/Oct/2020 06:18:56] "GET /static/app/scripts/bootstrap.js HTTP/1.1" 304 0
[08/Oct/2020 06:18:56] "GET /static/app/scripts/respond.js HTTP/1.1" 304 0
[08/Oct/2020 06:18:56] "GET /static/app/scripts/bootstrap.min.js HTTP/1.1" 304 0
Not Found: /favicon.ico
[08/Oct/2020 06:18:56] "GET /favicon.ico HTTP/1.1" 404 1758
[08/Oct/2020 06:19:01] "POST /newcompile/ HTTP/1.1" 200 75
[08/Oct/2020 06:19:06] "POST /newcompile/ HTTP/1.1" 200 75
[08/Oct/2020 06:19:10] "POST /newcompile/ HTTP/1.1" 200 75
[08/Oct/2020 06:19:24] "GET /newcompile/ HTTP/1.1" 200 8900
[08/Oct/2020 06:19:24] "GET /static/app/scripts/modernizr-2.6.2.js HTTP/1.1" 304 0
[08/Oct/2020 06:19:24] "GET /static/app/scripts/bootstrap.js HTTP/1.1" 304 0
[08/Oct/2020 06:19:24] "GET /static/app/scripts/jquery-1.10.2.js HTTP/1.1" 304 0
[08/Oct/2020 06:19:24] "GET /static/app/scripts/respond.js HTTP/1.1" 304 0
[08/Oct/2020 06:19:24] "GET /static/app/scripts/jquery.min.js HTTP/1.1" 304 0
[08/Oct/2020 06:19:24] "GET /static/app/scripts/bootstrap.min.js HTTP/1.1" 304 0
Not Found: /favicon.ico
[08/Oct/2020 06:19:24] "GET /favicon.ico HTTP/1.1" 404 1758
[08/Oct/2020 06:19:28] "POST /newcompile/ HTTP/1.1" 200 75
[08/Oct/2020 06:27:22] "GET /newcompile/ HTTP/1.1" 200 8903
[08/Oct/2020 06:27:22] "GET /static/app/scripts/modernizr-2.6.2.js HTTP/1.1" 304 0
[08/Oct/2020 06:27:22] "GET /static/app/scripts/jquery-1.10.2.js HTTP/1.1" 304 0
[08/Oct/2020 06:27:22] "GET /static/app/scripts/bootstrap.js HTTP/1.1" 304 0
[08/Oct/2020 06:27:22] "GET /static/app/scripts/respond.js HTTP/1.1" 304 0
[08/Oct/2020 06:27:22] "GET /static/app/scripts/jquery.min.js HTTP/1.1" 304 0
[08/Oct/2020 06:27:22] "GET /static/app/scripts/bootstrap.min.js HTTP/1.1" 304 0
Not Found: /favicon.ico
[08/Oct/2020 06:27:22] "GET /favicon.ico HTTP/1.1" 404 1758
[08/Oct/2020 06:27:25] "POST /newcompile/ HTTP/1.1" 200 75
[08/Oct/2020 06:27:29] "POST /newcompile/ HTTP/1.1" 200 75
[08/Oct/2020 06:27:31] "POST /newcompile/ HTTP/1.1" 200 75
[08/Oct/2020 06:27:38] "GET /newcompile/ HTTP/1.1" 200 8900
[08/Oct/2020 06:27:38] "GET /static/app/scripts/modernizr-2.6.2.js HTTP/1.1" 304 0
[08/Oct/2020 06:27:38] "GET /static/app/scripts/respond.js HTTP/1.1" 304 0
[08/Oct/2020 06:27:38] "GET /static/app/scripts/bootstrap.js HTTP/1.1" 304 0
[08/Oct/2020 06:27:38] "GET /static/app/scripts/bootstrap.min.js HTTP/1.1" 304 0
[08/Oct/2020 06:27:38] "GET /static/app/scripts/jquery-1.10.2.js HTTP/1.1" 304 0
[08/Oct/2020 06:27:38] "GET /static/app/scripts/jquery.min.js HTTP/1.1" 304 0
[08/Oct/2020 06:27:41] "POST /newcompile/ HTTP/1.1" 200 75
[08/Oct/2020 06:27:46] "POST /newcompile/ HTTP/1.1" 200 75
[08/Oct/2020 06:27:47] "POST /newcompile/ HTTP/1.1" 200 75
[08/Oct/2020 06:27:48] "POST /newcompile/ HTTP/1.1" 200 75
[08/Oct/2020 06:27:48] "POST /newcompile/ HTTP/1.1" 200 75
[08/Oct/2020 06:27:48] "POST /newcompile/ HTTP/1.1" 200 75
[08/Oct/2020 06:27:49] "POST /newcompile/ HTTP/1.1" 200 75
[08/Oct/2020 06:27:49] "POST /newcompile/ HTTP/1.1" 200 75
[08/Oct/2020 06:27:49] "POST /newcompile/ HTTP/1.1" 200 75
[08/Oct/2020 06:27:49] "POST /newcompile/ HTTP/1.1" 200 75
[08/Oct/2020 06:27:49] "POST /newcompile/ HTTP/1.1" 200 75
[08/Oct/2020 06:28:05] "GET /newcompile/ HTTP/1.1" 200 8899
[08/Oct/2020 06:28:05] "GET /static/app/scripts/modernizr-2.6.2.js HTTP/1.1" 304 0
[08/Oct/2020 06:28:05] "GET /static/app/scripts/jquery-1.10.2.js HTTP/1.1" 304 0
[08/Oct/2020 06:28:05] "GET /static/app/scripts/bootstrap.js HTTP/1.1" 304 0
[08/Oct/2020 06:28:05] "GET /static/app/scripts/respond.js HTTP/1.1" 304 0
[08/Oct/2020 06:28:05] "GET /static/app/scripts/bootstrap.min.js HTTP/1.1" 304 0
[08/Oct/2020 06:28:05] "GET /static/app/scripts/jquery.min.js HTTP/1.1" 304 0
[08/Oct/2020 06:28:08] "POST /newcompile/ HTTP/1.1" 200 75
[08/Oct/2020 06:28:10] "POST /newcompile/ HTTP/1.1" 200 75
[08/Oct/2020 06:28:17] "GET /newcompile/ HTTP/1.1" 200 8896
[08/Oct/2020 06:28:17] "GET /static/app/scripts/modernizr-2.6.2.js HTTP/1.1" 304 0
[08/Oct/2020 06:28:17] "GET /static/app/scripts/jquery-1.10.2.js HTTP/1.1" 304 0
[08/Oct/2020 06:28:17] "GET /static/app/scripts/bootstrap.min.js HTTP/1.1" 304 0
[08/Oct/2020 06:28:17] "GET /static/app/scripts/respond.js HTTP/1.1" 304 0
[08/Oct/2020 06:28:17] "GET /static/app/scripts/bootstrap.js HTTP/1.1" 304 0
[08/Oct/2020 06:28:17] "GET /static/app/scripts/jquery.min.js HTTP/1.1" 304 0
[08/Oct/2020 06:28:20] "POST /newcompile/ HTTP/1.1" 200 75
[08/Oct/2020 06:29:09] "GET /newcompile/ HTTP/1.1" 200 8903
[08/Oct/2020 06:29:10] "GET /static/app/scripts/modernizr-2.6.2.js HTTP/1.1" 304 0
[08/Oct/2020 06:29:10] "GET /static/app/scripts/bootstrap.min.js HTTP/1.1" 304 0
[08/Oct/2020 06:29:10] "GET /static/app/scripts/bootstrap.js HTTP/1.1" 304 0
[08/Oct/2020 06:29:10] "GET /static/app/scripts/respond.js HTTP/1.1" 304 0
[08/Oct/2020 06:29:10] "GET /static/app/scripts/jquery-1.10.2.js HTTP/1.1" 304 0
[08/Oct/2020 06:29:10] "GET /static/app/scripts/jquery.min.js HTTP/1.1" 304 0
[08/Oct/2020 06:29:13] "POST /newcompile/ HTTP/1.1" 200 75
[08/Oct/2020 06:29:15] "POST /newcompile/ HTTP/1.1" 200 75
[08/Oct/2020 06:29:16] "POST /newcompile/ HTTP/1.1" 200 75
[08/Oct/2020 06:30:19] "GET /newcompile/ HTTP/1.1" 200 8903
[08/Oct/2020 06:30:19] "GET /static/app/scripts/modernizr-2.6.2.js HTTP/1.1" 304 0
[08/Oct/2020 06:30:19] "GET /static/app/scripts/bootstrap.js HTTP/1.1" 304 0
[08/Oct/2020 06:30:19] "GET /static/app/scripts/bootstrap.min.js HTTP/1.1" 304 0
[08/Oct/2020 06:30:19] "GET /static/app/scripts/jquery.min.js HTTP/1.1" 304 0
[08/Oct/2020 06:30:19] "GET /static/app/scripts/respond.js HTTP/1.1" 304 0
[08/Oct/2020 06:30:19] "GET /static/app/scripts/jquery-1.10.2.js HTTP/1.1" 304 0
[08/Oct/2020 06:30:22] "POST /newcompile/ HTTP/1.1" 200 75
[08/Oct/2020 06:30:38] "GET /newcompile/ HTTP/1.1" 200 8906
[08/Oct/2020 06:30:38] "GET /static/app/scripts/modernizr-2.6.2.js HTTP/1.1" 304 0
[08/Oct/2020 06:30:38] "GET /static/app/scripts/jquery-1.10.2.js HTTP/1.1" 304 0
[08/Oct/2020 06:30:38] "GET /static/app/scripts/bootstrap.js HTTP/1.1" 304 0
[08/Oct/2020 06:30:38] "GET /static/app/scripts/jquery.min.js HTTP/1.1" 304 0
[08/Oct/2020 06:30:38] "GET /static/app/scripts/bootstrap.min.js HTTP/1.1" 304 0
[08/Oct/2020 06:30:38] "GET /static/app/scripts/respond.js HTTP/1.1" 304 0
[08/Oct/2020 06:30:41] "POST /newcompile/ HTTP/1.1" 200 75
[08/Oct/2020 06:30:57] "GET /newcompile/ HTTP/1.1" 200 8903
[08/Oct/2020 06:30:57] "GET /static/app/scripts/modernizr-2.6.2.js HTTP/1.1" 304 0
[08/Oct/2020 06:30:57] "GET /static/app/scripts/jquery-1.10.2.js HTTP/1.1" 304 0
[08/Oct/2020 06:30:57] "GET /static/app/scripts/bootstrap.js HTTP/1.1" 304 0
[08/Oct/2020 06:30:57] "GET /static/app/scripts/respond.js HTTP/1.1" 304 0
[08/Oct/2020 06:30:57] "GET /static/app/scripts/jquery.min.js HTTP/1.1" 304 0
[08/Oct/2020 06:30:57] "GET /static/app/scripts/bootstrap.min.js HTTP/1.1" 304 0
[08/Oct/2020 06:31:00] "POST /newcompile/ HTTP/1.1" 200 75
[08/Oct/2020 06:31:31] "GET /newcompile/ HTTP/1.1" 200 8912
[08/Oct/2020 06:31:31] "GET /static/app/scripts/modernizr-2.6.2.js HTTP/1.1" 304 0
[08/Oct/2020 06:31:31] "GET /static/app/scripts/respond.js HTTP/1.1" 304 0
[08/Oct/2020 06:31:31] "GET /static/app/scripts/bootstrap.js HTTP/1.1" 304 0
[08/Oct/2020 06:31:31] "GET /static/app/scripts/jquery.min.js HTTP/1.1" 304 0
[08/Oct/2020 06:31:31] "GET /static/app/scripts/jquery-1.10.2.js HTTP/1.1" 304 0
[08/Oct/2020 06:31:31] "GET /static/app/scripts/bootstrap.min.js HTTP/1.1" 304 0
[08/Oct/2020 06:31:33] "POST /newcompile/ HTTP/1.1" 200 75
[08/Oct/2020 06:31:41] "POST /newcompile/ HTTP/1.1" 200 75
[08/Oct/2020 06:32:07] "GET /newcompile/ HTTP/1.1" 200 8885
[08/Oct/2020 06:32:07] "GET /static/app/scripts/modernizr-2.6.2.js HTTP/1.1" 304 0
[08/Oct/2020 06:32:07] "GET /static/app/scripts/bootstrap.js HTTP/1.1" 304 0
[08/Oct/2020 06:32:07] "GET /static/app/scripts/jquery.min.js HTTP/1.1" 304 0
[08/Oct/2020 06:32:07] "GET /static/app/scripts/jquery-1.10.2.js HTTP/1.1" 304 0
[08/Oct/2020 06:32:07] "GET /static/app/scripts/respond.js HTTP/1.1" 304 0
[08/Oct/2020 06:32:07] "GET /static/app/scripts/bootstrap.min.js HTTP/1.1" 304 0
[08/Oct/2020 06:32:11] "POST /newcompile/ HTTP/1.1" 200 75
[08/Oct/2020 06:32:18] "GET /newcompile/ HTTP/1.1" 200 8879
[08/Oct/2020 06:32:18] "GET /static/app/scripts/modernizr-2.6.2.js HTTP/1.1" 304 0
[08/Oct/2020 06:32:18] "GET /static/app/scripts/jquery-1.10.2.js HTTP/1.1" 304 0
[08/Oct/2020 06:32:18] "GET /static/app/scripts/bootstrap.js HTTP/1.1" 304 0
[08/Oct/2020 06:32:18] "GET /static/app/scripts/jquery.min.js HTTP/1.1" 304 0
[08/Oct/2020 06:32:18] "GET /static/app/scripts/respond.js HTTP/1.1" 304 0
[08/Oct/2020 06:32:18] "GET /static/app/scripts/bootstrap.min.js HTTP/1.1" 304 0
[08/Oct/2020 06:32:22] "POST /newcompile/ HTTP/1.1" 200 75
[08/Oct/2020 06:32:40] "GET /newcompile/ HTTP/1.1" 200 8879
[08/Oct/2020 06:32:40] "GET /static/app/scripts/modernizr-2.6.2.js HTTP/1.1" 304 0
[08/Oct/2020 06:32:40] "GET /static/app/scripts/jquery.min.js HTTP/1.1" 304 0
[08/Oct/2020 06:32:40] "GET /static/app/scripts/respond.js HTTP/1.1" 304 0
[08/Oct/2020 06:32:40] "GET /static/app/scripts/jquery-1.10.2.js HTTP/1.1" 304 0
[08/Oct/2020 06:32:40] "GET /static/app/scripts/bootstrap.js HTTP/1.1" 304 0
[08/Oct/2020 06:32:40] "GET /static/app/scripts/bootstrap.min.js HTTP/1.1" 304 0
[08/Oct/2020 06:32:43] "POST /newcompile/ HTTP/1.1" 200 75
[08/Oct/2020 06:33:11] "GET /newcompile/ HTTP/1.1" 200 8885
[08/Oct/2020 06:33:11] "GET /static/app/scripts/modernizr-2.6.2.js HTTP/1.1" 304 0
[08/Oct/2020 06:33:11] "GET /static/app/scripts/jquery-1.10.2.js HTTP/1.1" 304 0
[08/Oct/2020 06:33:11] "GET /static/app/scripts/bootstrap.js HTTP/1.1" 304 0
[08/Oct/2020 06:33:11] "GET /static/app/scripts/bootstrap.min.js HTTP/1.1" 304 0
[08/Oct/2020 06:33:11] "GET /static/app/scripts/jquery.min.js HTTP/1.1" 304 0
[08/Oct/2020 06:33:11] "GET /static/app/scripts/respond.js HTTP/1.1" 304 0
[08/Oct/2020 06:33:14] "POST /newcompile/ HTTP/1.1" 200 75
[08/Oct/2020 06:33:26] "GET /newcompile/ HTTP/1.1" 200 8872
[08/Oct/2020 06:33:26] "GET /static/app/scripts/modernizr-2.6.2.js HTTP/1.1" 304 0
[08/Oct/2020 06:33:26] "GET /static/app/scripts/jquery-1.10.2.js HTTP/1.1" 304 0
[08/Oct/2020 06:33:26] "GET /static/app/scripts/bootstrap.min.js HTTP/1.1" 304 0
[08/Oct/2020 06:33:26] "GET /static/app/scripts/bootstrap.js HTTP/1.1" 304 0
[08/Oct/2020 06:33:26] "GET /static/app/scripts/respond.js HTTP/1.1" 304 0
[08/Oct/2020 06:33:26] "GET /static/app/scripts/jquery.min.js HTTP/1.1" 304 0
[08/Oct/2020 06:33:28] "POST /newcompile/ HTTP/1.1" 200 75
[08/Oct/2020 06:34:01] "GET /newcompile/ HTTP/1.1" 200 8882
[08/Oct/2020 06:34:01] "GET /static/app/scripts/modernizr-2.6.2.js HTTP/1.1" 304 0
[08/Oct/2020 06:34:01] "GET /static/app/scripts/bootstrap.js HTTP/1.1" 304 0
[08/Oct/2020 06:34:01] "GET /static/app/scripts/respond.js HTTP/1.1" 304 0
[08/Oct/2020 06:34:01] "GET /static/app/scripts/jquery.min.js HTTP/1.1" 304 0
[08/Oct/2020 06:34:01] "GET /static/app/scripts/jquery-1.10.2.js HTTP/1.1" 304 0
[08/Oct/2020 06:34:01] "GET /static/app/scripts/bootstrap.min.js HTTP/1.1" 304 0
[08/Oct/2020 06:34:04] "POST /newcompile/ HTTP/1.1" 200 75
[08/Oct/2020 06:35:20] "GET /newcompile/ HTTP/1.1" 200 8882
[08/Oct/2020 06:35:20] "GET /static/app/scripts/modernizr-2.6.2.js HTTP/1.1" 304 0
[08/Oct/2020 06:35:20] "GET /static/app/scripts/bootstrap.js HTTP/1.1" 304 0
[08/Oct/2020 06:35:20] "GET /static/app/scripts/bootstrap.min.js HTTP/1.1" 304 0
[08/Oct/2020 06:35:20] "GET /static/app/scripts/respond.js HTTP/1.1" 304 0
[08/Oct/2020 06:35:20] "GET /static/app/scripts/jquery-1.10.2.js HTTP/1.1" 304 0
[08/Oct/2020 06:35:20] "GET /static/app/scripts/jquery.min.js HTTP/1.1" 304 0
[08/Oct/2020 06:35:23] "POST /newcompile/ HTTP/1.1" 200 75
[08/Oct/2020 06:35:35] "GET /newcompile/ HTTP/1.1" 200 8879
[08/Oct/2020 06:35:35] "GET /static/app/scripts/modernizr-2.6.2.js HTTP/1.1" 304 0
[08/Oct/2020 06:35:35] "GET /static/app/scripts/jquery-1.10.2.js HTTP/1.1" 304 0
[08/Oct/2020 06:35:35] "GET /static/app/scripts/bootstrap.js HTTP/1.1" 304 0
[08/Oct/2020 06:35:35] "GET /static/app/scripts/respond.js HTTP/1.1" 304 0
[08/Oct/2020 06:35:35] "GET /static/app/scripts/bootstrap.min.js HTTP/1.1" 304 0
[08/Oct/2020 06:35:35] "GET /static/app/scripts/jquery.min.js HTTP/1.1" 304 0
[08/Oct/2020 06:35:38] "POST /newcompile/ HTTP/1.1" 200 75
[08/Oct/2020 06:36:46] "GET /newcompile/ HTTP/1.1" 200 8879
[08/Oct/2020 06:36:46] "GET /static/app/scripts/modernizr-2.6.2.js HTTP/1.1" 304 0
[08/Oct/2020 06:36:46] "GET /static/app/scripts/bootstrap.js HTTP/1.1" 304 0
[08/Oct/2020 06:36:46] "GET /static/app/scripts/respond.js HTTP/1.1" 304 0
[08/Oct/2020 06:36:46] "GET /static/app/scripts/jquery-1.10.2.js HTTP/1.1" 304 0
[08/Oct/2020 06:36:46] "GET /static/app/scripts/bootstrap.min.js HTTP/1.1" 304 0
[08/Oct/2020 06:36:46] "GET /static/app/scripts/jquery.min.js HTTP/1.1" 304 0
[08/Oct/2020 06:36:49] "POST /newcompile/ HTTP/1.1" 200 75
/home/aviox/CodeProve/app/views.py changed, reloading.
Performing system checks...

System check identified no issues (0 silenced).
October 08, 2020 - 06:14:20
Django version 3.1.2, using settings 'CodeProve.settings'
Starting development server at http://0:8000/
Quit the server with CONTROL-C.
<QueryDict: {'lang': ['python3,0'], 'source': ['print("hii")'], 'csrfmiddlewaretoken': ['ow45QcBDjaqrNgYbTi3e904bptqC8SibzJACd4W64anFzQnC5n4JB7zmWzboajRe']}>
<QueryDict: {'lang': ['python3,0'], 'source': ['print("hii")'], 'csrfmiddlewaretoken': ['ow45QcBDjaqrNgYbTi3e904bptqC8SibzJACd4W64anFzQnC5n4JB7zmWzboajRe']}>
<QueryDict: {'lang': ['python3,0'], 'source': ['print("hii")'], 'csrfmiddlewaretoken': ['UXMCkBhqUczmgHHtX8Na4CK5qJLVogZG5ai9HtCTFcwA2h6U9dOFwJfgXPwHqHyJ']}>
<QueryDict: {'lang': ['python3,0'], 'source': ['print("hii")'], 'csrfmiddlewaretoken': ['UXMCkBhqUczmgHHtX8Na4CK5qJLVogZG5ai9HtCTFcwA2h6U9dOFwJfgXPwHqHyJ']}>
<QueryDict: {'lang': ['python3,0'], 'source': ['print("hii")'], 'csrfmiddlewaretoken': ['UXMCkBhqUczmgHHtX8Na4CK5qJLVogZG5ai9HtCTFcwA2h6U9dOFwJfgXPwHqHyJ']}>
<QueryDict: {'lang': ['python3,0'], 'source': ['print("hii")'], 'csrfmiddlewaretoken': ['h0lxdfZ9gpiBxnCtCuCJa6UFM48pTdWksdR4A7kC1pfPjX1UOzDeCdpQjaTbVEvn']}>
<QueryDict: {'lang': ['python3,0'], 'source': ['print("hii")'], 'csrfmiddlewaretoken': ['kNJtwfg4YZ7d1PHCVx7mh7cEkm5DBEE2v0f0T7BxJZ4rNp637C8RJeHPRsQpD5d5']}>
<QueryDict: {'lang': ['python3,0'], 'source': ['print("hii")'], 'csrfmiddlewaretoken': ['kNJtwfg4YZ7d1PHCVx7mh7cEkm5DBEE2v0f0T7BxJZ4rNp637C8RJeHPRsQpD5d5']}>
<QueryDict: {'lang': ['python3,0'], 'source': ['print("hii")'], 'csrfmiddlewaretoken': ['kNJtwfg4YZ7d1PHCVx7mh7cEkm5DBEE2v0f0T7BxJZ4rNp637C8RJeHPRsQpD5d5']}>
<QueryDict: {'lang': ['python3,0'], 'source': ['print("hii")'], 'csrfmiddlewaretoken': ['6OEMG4Us2nEozmpxrqhYn4u8XmFE8BaKh1aj3WfVNnBClWOYDvitPbZjusqqa2JN']}>
<QueryDict: {'lang': ['python3,0'], 'source': ['print("hii")'], 'csrfmiddlewaretoken': ['6OEMG4Us2nEozmpxrqhYn4u8XmFE8BaKh1aj3WfVNnBClWOYDvitPbZjusqqa2JN']}>
<QueryDict: {'lang': ['python3,0'], 'source': ['print("hii")'], 'csrfmiddlewaretoken': ['6OEMG4Us2nEozmpxrqhYn4u8XmFE8BaKh1aj3WfVNnBClWOYDvitPbZjusqqa2JN']}>
<QueryDict: {'lang': ['python3,0'], 'source': ['print("hii")'], 'csrfmiddlewaretoken': ['6OEMG4Us2nEozmpxrqhYn4u8XmFE8BaKh1aj3WfVNnBClWOYDvitPbZjusqqa2JN']}>
<QueryDict: {'lang': ['python3,0'], 'source': ['print("hii")'], 'csrfmiddlewaretoken': ['6OEMG4Us2nEozmpxrqhYn4u8XmFE8BaKh1aj3WfVNnBClWOYDvitPbZjusqqa2JN']}>
<QueryDict: {'lang': ['python3,0'], 'source': ['print("hii")'], 'csrfmiddlewaretoken': ['6OEMG4Us2nEozmpxrqhYn4u8XmFE8BaKh1aj3WfVNnBClWOYDvitPbZjusqqa2JN']}>
<QueryDict: {'lang': ['python3,0'], 'source': ['print("hii")'], 'csrfmiddlewaretoken': ['6OEMG4Us2nEozmpxrqhYn4u8XmFE8BaKh1aj3WfVNnBClWOYDvitPbZjusqqa2JN']}>
<QueryDict: {'lang': ['python3,0'], 'source': ['print("hii")'], 'csrfmiddlewaretoken': ['6OEMG4Us2nEozmpxrqhYn4u8XmFE8BaKh1aj3WfVNnBClWOYDvitPbZjusqqa2JN']}>
<QueryDict: {'lang': ['python3,0'], 'source': ['print("hii")'], 'csrfmiddlewaretoken': ['6OEMG4Us2nEozmpxrqhYn4u8XmFE8BaKh1aj3WfVNnBClWOYDvitPbZjusqqa2JN']}>
<QueryDict: {'lang': ['python3,0'], 'source': ['print("hii")'], 'csrfmiddlewaretoken': ['6OEMG4Us2nEozmpxrqhYn4u8XmFE8BaKh1aj3WfVNnBClWOYDvitPbZjusqqa2JN']}>
<QueryDict: {'lang': ['python3,0'], 'source': ['print("hii")'], 'csrfmiddlewaretoken': ['6OEMG4Us2nEozmpxrqhYn4u8XmFE8BaKh1aj3WfVNnBClWOYDvitPbZjusqqa2JN']}>
<QueryDict: {'lang': ['python3,0'], 'source': ['print("hii")'], 'csrfmiddlewaretoken': ['tmBGG17ajdx4EvgpKvI1Ka2JJsp1tdSHEz7d3TsD4duiq5FQWAJwchxUgyaNvErK']}>
<QueryDict: {'lang': ['python3,0'], 'source': ['print("hii")'], 'csrfmiddlewaretoken': ['tmBGG17ajdx4EvgpKvI1Ka2JJsp1tdSHEz7d3TsD4duiq5FQWAJwchxUgyaNvErK']}>
<QueryDict: {'lang': ['python3,0'], 'source': ['print("hii")'], 'csrfmiddlewaretoken': ['lP6mfyXAGVeUL09Q3jxTcqzgh1lAPlt0w2CTCqi3rVb8xAyhfoyoEx4rO76mRM23']}>
<QueryDict: {'lang': ['python3,0'], 'source': ['print("hii")'], 'csrfmiddlewaretoken': ['ghnlar0YkTV7cqd1Wd8rWiXwRcEMsJaPruTSxjlr5TSlY0Cs8i9WopsHoipyuaJS']}>
<QueryDict: {'lang': ['python3,0'], 'source': ['print("hii")'], 'csrfmiddlewaretoken': ['ghnlar0YkTV7cqd1Wd8rWiXwRcEMsJaPruTSxjlr5TSlY0Cs8i9WopsHoipyuaJS']}>
<QueryDict: {'lang': ['python3,0'], 'source': ['print("hii")'], 'csrfmiddlewaretoken': ['ghnlar0YkTV7cqd1Wd8rWiXwRcEMsJaPruTSxjlr5TSlY0Cs8i9WopsHoipyuaJS']}>
<QueryDict: {'lang': ['python3,0'], 'source': ['print("hii")'], 'csrfmiddlewaretoken': ['aYyoXRsvxMgTadckFNBcXINT2ODjJd5flb4VkJNYiMd7WNBLRSCHpPi4zUo5LEEi']}>
<QueryDict: {'lang': ['python3,0'], 'source': ['print("hii")'], 'csrfmiddlewaretoken': ['D1xk67A07izP5I9R1FQXnu7YiyfkbZ0vOe3RtZVtSiw3RiyidKRsPBC9PE06dqzy']}>
<QueryDict: {'lang': ['python3,0'], 'source': ['print("hii")'], 'csrfmiddlewaretoken': ['N229w5dywBpQ2S7ChVZZcx7VjE05ilF6YfyGTXy1hBm4Osw3t00uEEC6QKLRkMe9']}>
<QueryDict: {'lang': ['python3,0'], 'source': ['print("hii")'], 'csrfmiddlewaretoken': ['sOgBbHPNAwYY9hqR92htFDuFAZeLbYnwD1M8yzaglwVcVRPil7iY7KZQ75ZxdpWz']}>
<QueryDict: {'lang': ['python3,0'], 'source': ['print("hii")'], 'csrfmiddlewaretoken': ['sOgBbHPNAwYY9hqR92htFDuFAZeLbYnwD1M8yzaglwVcVRPil7iY7KZQ75ZxdpWz']}>
<QueryDict: {'lang': ['python3,0'], 'source': ['print("hii")'], 'csrfmiddlewaretoken': ['B0TKqSoc5ryhDTbXXXbq8U8h3Lj6ItFgMdphNKJFQrvvptAo92cVA1DsAR4SKUej']}>
<QueryDict: {'lang': ['python3,0'], 'source': ['print("hii")'], 'csrfmiddlewaretoken': ['gY2GpZdtq3RzIqclFpK2UocJYvWnUZGXrbydMRyWb3ONu0BMRuLxmvHUvBH9Wqf0']}>
<QueryDict: {'lang': ['python3,0'], 'source': ['print("hii")'], 'csrfmiddlewaretoken': ['IDO7fcNzCu1LgljyH4RNoD3yEYzFpwi0TQkEC482nuYZ2VIZT9SiQKyJb4krrXR3']}>
<QueryDict: {'lang': ['python3,0'], 'source': ['print("hii")'], 'csrfmiddlewaretoken': ['uygnuix6bZ7l9xOKPcIORJCHZw2W6MsWFLMURaSzWZ4zV7db1hJjjQ7SwCNI8d1Z']}>
<QueryDict: {'lang': ['python3,0'], 'source': ['print("hii")'], 'csrfmiddlewaretoken': ['tnP56JBMA48qF6lBLLFkxfGuzbwNAUzkEAlCtBWfl45ErGK2XQGPZmbF6hhzCl8n']}>
<QueryDict: {'lang': ['python3,0'], 'source': ['print("hii")'], 'csrfmiddlewaretoken': ['bx1n0OmUY4dbGMT27F56ffX20tzBRzjWmKxUnGHnJ4apsmitjK6BHmsdxzknT0SZ']}>
<QueryDict: {'lang': ['python3,0'], 'source': ['print("hii")'], 'csrfmiddlewaretoken': ['maBSrZKlqYjVacw4qciA9L5q8nkLR0gFxn7pOR5ObYg9WMVvChj5BSABFt5xTrPI']}>
<QueryDict: {'lang': ['python3,0'], 'source': ['print("hii")'], 'csrfmiddlewaretoken': ['VICeEbIOBCQAjRJwzjB6ur9Rhrsux46d6V8L133hmCNO5r8XLoCBWyE2OxdgzvFg']}>
<QueryDict: {'lang': ['python3,0'], 'source': ['print("hii")'], 'csrfmiddlewaretoken': ['SbRAfGY4gqXLrLzZLEamJVEQhAqWSaCR3on7Cyjx1qUZdlYqXJbRb291OGbIUBbU']}>
Watching for file changes with StatReloader
Exception in thread django-main-thread:
Traceback (most recent call last):
  File "/usr/lib/python3.6/threading.py", line 916, in _bootstrap_inner
    self.run()
  File "/usr/lib/python3.6/threading.py", line 864, in run
    self._target(*self._args, **self._kwargs)
  File "/home/aviox/virtualenvs/codeprove/lib/python3.6/site-packages/django/utils/autoreload.py", line 53, in wrapper
    fn(*args, **kwargs)
  File "/home/aviox/virtualenvs/codeprove/lib/python3.6/site-packages/django/core/management/commands/runserver.py", line 118, in inner_run
    self.check(display_num_errors=True)
  File "/home/aviox/virtualenvs/codeprove/lib/python3.6/site-packages/django/core/management/base.py", line 396, in check
    databases=databases,
  File "/home/aviox/virtualenvs/codeprove/lib/python3.6/site-packages/django/core/checks/registry.py", line 70, in run_checks
    new_errors = check(app_configs=app_configs, databases=databases)
  File "/home/aviox/virtualenvs/codeprove/lib/python3.6/site-packages/django/core/checks/urls.py", line 40, in check_url_namespaces_unique
    all_namespaces = _load_all_namespaces(resolver)
  File "/home/aviox/virtualenvs/codeprove/lib/python3.6/site-packages/django/core/checks/urls.py", line 57, in _load_all_namespaces
    url_patterns = getattr(resolver, 'url_patterns', [])
  File "/home/aviox/virtualenvs/codeprove/lib/python3.6/site-packages/django/utils/functional.py", line 48, in __get__
    res = instance.__dict__[self.name] = self.func(instance)
  File "/home/aviox/virtualenvs/codeprove/lib/python3.6/site-packages/django/urls/resolvers.py", line 589, in url_patterns
    patterns = getattr(self.urlconf_module, "urlpatterns", self.urlconf_module)
  File "/home/aviox/virtualenvs/codeprove/lib/python3.6/site-packages/django/utils/functional.py", line 48, in __get__
    res = instance.__dict__[self.name] = self.func(instance)
  File "/home/aviox/virtualenvs/codeprove/lib/python3.6/site-packages/django/urls/resolvers.py", line 582, in urlconf_module
    return import_module(self.urlconf_name)
  File "/usr/lib/python3.6/importlib/__init__.py", line 126, in import_module
    return _bootstrap._gcd_import(name[level:], package, level)
  File "<frozen importlib._bootstrap>", line 994, in _gcd_import
  File "<frozen importlib._bootstrap>", line 971, in _find_and_load
  File "<frozen importlib._bootstrap>", line 955, in _find_and_load_unlocked
  File "<frozen importlib._bootstrap>", line 665, in _load_unlocked
  File "<frozen importlib._bootstrap_external>", line 678, in exec_module
  File "<frozen importlib._bootstrap>", line 219, in _call_with_frames_removed
  File "/home/aviox/CodeProve/CodeProve/urls.py", line 21, in <module>
    from app import views as user_views
  File "/home/aviox/CodeProve/app/views.py", line 43
    return JsonResponse(, safe=False)
                        ^
SyntaxError: invalid syntax

/home/aviox/CodeProve/app/views.py changed, reloading.
Performing system checks...

Watching for file changes with StatReloader
/home/aviox/CodeProve/app/views.py changed, reloading.
Performing system checks...

System check identified no issues (0 silenced).
October 08, 2020 - 06:39:32
Django version 3.1.2, using settings 'CodeProve.settings'
Starting development server at http://0:8000/
Quit the server with CONTROL-C.
Watching for file changes with StatReloader
[08/Oct/2020 06:40:14] "POST /newcompile/ HTTP/1.1" 200 75
[08/Oct/2020 06:40:25] "POST /newcompile/ HTTP/1.1" 200 77
[08/Oct/2020 06:41:02] "GET /newcompile/ HTTP/1.1" 200 8879
[08/Oct/2020 06:41:02] "GET /static/app/scripts/modernizr-2.6.2.js HTTP/1.1" 304 0
[08/Oct/2020 06:41:02] "GET /static/app/scripts/jquery-1.10.2.js HTTP/1.1" 304 0
[08/Oct/2020 06:41:02] "GET /static/app/scripts/bootstrap.js HTTP/1.1" 304 0
[08/Oct/2020 06:41:02] "GET /static/app/scripts/bootstrap.min.js HTTP/1.1" 304 0
[08/Oct/2020 06:41:02] "GET /static/app/scripts/jquery.min.js HTTP/1.1" 304 0
[08/Oct/2020 06:41:02] "GET /static/app/scripts/respond.js HTTP/1.1" 304 0
[08/Oct/2020 06:41:05] "POST /newcompile/ HTTP/1.1" 200 77
/home/aviox/CodeProve/CodeProve/settings.py changed, reloading.
Performing system checks...

System check identified no issues (0 silenced).
October 08, 2020 - 06:40:09
Django version 3.1.2, using settings 'CodeProve.settings'
Starting development server at http://0:8000/
Quit the server with CONTROL-C.
<QueryDict: {'lang': ['python3,0'], 'source': ['print("hii")'], 'csrfmiddlewaretoken': ['SbRAfGY4gqXLrLzZLEamJVEQhAqWSaCR3on7Cyjx1qUZdlYqXJbRb291OGbIUBbU']}>
{'output': 'hii\n', 'statusCode': 200, 'memory': '5276', 'cpuTime': '0.02'}
<QueryDict: {'lang': ['python3,0'], 'source': ['print("hello")'], 'csrfmiddlewaretoken': ['SbRAfGY4gqXLrLzZLEamJVEQhAqWSaCR3on7Cyjx1qUZdlYqXJbRb291OGbIUBbU']}>
{'output': 'hello\n', 'statusCode': 200, 'memory': '5288', 'cpuTime': '0.02'}
<QueryDict: {'lang': ['python3,0'], 'source': ['print("hello")'], 'csrfmiddlewaretoken': ['ybaMq0cmpweWsn9tvZ7FK5rxHbSjLrSSJoGjNSxPawbaeXyUH48accWIehD5NSrV']}>
{'output': 'hello\n', 'statusCode': 200, 'memory': '5256', 'cpuTime': '0.03'}
Watching for file changes with StatReloader
/home/aviox/CodeProve/CodeProve/settings.py changed, reloading.
Performing system checks...

System check identified no issues (0 silenced).
October 08, 2020 - 06:41:30
Django version 3.1.2, using settings 'CodeProve.settings'
Starting development server at http://0:8000/
Quit the server with CONTROL-C.
Watching for file changes with StatReloader
/home/aviox/CodeProve/app/views.py changed, reloading.
Performing system checks...

System check identified no issues (0 silenced).
October 08, 2020 - 06:41:41
Django version 3.1.2, using settings 'CodeProve.settings'
Starting development server at http://0:8000/
Quit the server with CONTROL-C.
Watching for file changes with StatReloader
/home/aviox/CodeProve/app/views.py changed, reloading.
Performing system checks...

System check identified no issues (0 silenced).
October 08, 2020 - 06:46:02
Django version 3.1.2, using settings 'CodeProve.settings'
Starting development server at http://0:8000/
Quit the server with CONTROL-C.
Watching for file changes with StatReloader
/home/aviox/CodeProve/app/views.py changed, reloading.
Performing system checks...

System check identified no issues (0 silenced).
October 08, 2020 - 06:47:08
Django version 3.1.2, using settings 'CodeProve.settings'
Starting development server at http://0:8000/
Quit the server with CONTROL-C.
Watching for file changes with StatReloader
/home/aviox/CodeProve/app/views.py changed, reloading.
Performing system checks...

System check identified no issues (0 silenced).
October 08, 2020 - 06:47:16
Django version 3.1.2, using settings 'CodeProve.settings'
Starting development server at http://0:8000/
Quit the server with CONTROL-C.
Watching for file changes with StatReloader
/home/aviox/CodeProve/app/views.py changed, reloading.
Performing system checks...

System check identified no issues (0 silenced).
October 08, 2020 - 06:52:33
Django version 3.1.2, using settings 'CodeProve.settings'
Starting development server at http://0:8000/
Quit the server with CONTROL-C.
Watching for file changes with StatReloader
/home/aviox/CodeProve/app/views.py changed, reloading.
Performing system checks...

System check identified no issues (0 silenced).
October 08, 2020 - 06:52:35
Django version 3.1.2, using settings 'CodeProve.settings'
Starting development server at http://0:8000/
Quit the server with CONTROL-C.
Watching for file changes with StatReloader
/home/aviox/CodeProve/app/views.py changed, reloading.
Performing system checks...

System check identified no issues (0 silenced).
October 08, 2020 - 06:53:03
Django version 3.1.2, using settings 'CodeProve.settings'
Starting development server at http://0:8000/
Quit the server with CONTROL-C.
Watching for file changes with StatReloader
/home/aviox/CodeProve/app/views.py changed, reloading.
Performing system checks...

System check identified no issues (0 silenced).
October 08, 2020 - 06:53:26
Django version 3.1.2, using settings 'CodeProve.settings'
Starting development server at http://0:8000/
Quit the server with CONTROL-C.
Watching for file changes with StatReloader
/home/aviox/CodeProve/app/views.py changed, reloading.
Performing system checks...

System check identified no issues (0 silenced).
October 08, 2020 - 06:55:26
Django version 3.1.2, using settings 'CodeProve.settings'
Starting development server at http://0:8000/
Quit the server with CONTROL-C.
Watching for file changes with StatReloader
/home/aviox/CodeProve/app/views.py changed, reloading.
Performing system checks...

System check identified no issues (0 silenced).
October 08, 2020 - 06:56:55
Django version 3.1.2, using settings 'CodeProve.settings'
Starting development server at http://0:8000/
Quit the server with CONTROL-C.
Watching for file changes with StatReloader
/home/aviox/CodeProve/app/views.py changed, reloading.
Performing system checks...

System check identified no issues (0 silenced).
October 08, 2020 - 06:57:07
Django version 3.1.2, using settings 'CodeProve.settings'
Starting development server at http://0:8000/
Quit the server with CONTROL-C.
Watching for file changes with StatReloader
/home/aviox/CodeProve/app/views.py changed, reloading.
Performing system checks...

System check identified no issues (0 silenced).
October 08, 2020 - 06:57:30
Django version 3.1.2, using settings 'CodeProve.settings'
Starting development server at http://0:8000/
Quit the server with CONTROL-C.
Watching for file changes with StatReloader
/home/aviox/CodeProve/app/views.py changed, reloading.
Performing system checks...

System check identified no issues (0 silenced).
October 08, 2020 - 06:57:36
Django version 3.1.2, using settings 'CodeProve.settings'
Starting development server at http://0:8000/
Quit the server with CONTROL-C.
Watching for file changes with StatReloader
/home/aviox/CodeProve/app/views.py changed, reloading.
Performing system checks...

System check identified no issues (0 silenced).
October 08, 2020 - 06:58:48
Django version 3.1.2, using settings 'CodeProve.settings'
Starting development server at http://0:8000/
Quit the server with CONTROL-C.
Watching for file changes with StatReloader
/home/aviox/CodeProve/app/views.py changed, reloading.
Performing system checks...

System check identified no issues (0 silenced).
October 08, 2020 - 06:59:19
Django version 3.1.2, using settings 'CodeProve.settings'
Starting development server at http://0:8000/
Quit the server with CONTROL-C.
Watching for file changes with StatReloader
/home/aviox/CodeProve/app/views.py changed, reloading.
Performing system checks...

System check identified no issues (0 silenced).
October 08, 2020 - 06:59:47
Django version 3.1.2, using settings 'CodeProve.settings'
Starting development server at http://0:8000/
Quit the server with CONTROL-C.
Watching for file changes with StatReloader
/home/aviox/CodeProve/app/views.py changed, reloading.
Performing system checks...

System check identified no issues (0 silenced).
October 08, 2020 - 07:00:12
Django version 3.1.2, using settings 'CodeProve.settings'
Starting development server at http://0:8000/
Quit the server with CONTROL-C.
Watching for file changes with StatReloader
/home/aviox/CodeProve/app/views.py changed, reloading.
Performing system checks...

System check identified no issues (0 silenced).
October 08, 2020 - 07:01:09
Django version 3.1.2, using settings 'CodeProve.settings'
Starting development server at http://0:8000/
Quit the server with CONTROL-C.
Watching for file changes with StatReloader
/home/aviox/CodeProve/app/views.py changed, reloading.
Performing system checks...

System check identified no issues (0 silenced).
October 08, 2020 - 07:01:27
Django version 3.1.2, using settings 'CodeProve.settings'
Starting development server at http://0:8000/
Quit the server with CONTROL-C.
Watching for file changes with StatReloader
/home/aviox/CodeProve/app/views.py changed, reloading.
Performing system checks...

System check identified no issues (0 silenced).
October 08, 2020 - 07:02:26
Django version 3.1.2, using settings 'CodeProve.settings'
Starting development server at http://0:8000/
Quit the server with CONTROL-C.
Watching for file changes with StatReloader
/home/aviox/CodeProve/app/views.py changed, reloading.
Performing system checks...

System check identified no issues (0 silenced).
October 08, 2020 - 07:03:02
Django version 3.1.2, using settings 'CodeProve.settings'
Starting development server at http://0:8000/
Quit the server with CONTROL-C.
Watching for file changes with StatReloader
/home/aviox/CodeProve/app/views.py changed, reloading.
Performing system checks...

System check identified no issues (0 silenced).
October 08, 2020 - 07:03:16
Django version 3.1.2, using settings 'CodeProve.settings'
Starting development server at http://0:8000/
Quit the server with CONTROL-C.
Watching for file changes with StatReloader
/home/aviox/CodeProve/app/views.py changed, reloading.
Performing system checks...

System check identified no issues (0 silenced).
October 08, 2020 - 07:14:42
Django version 3.1.2, using settings 'CodeProve.settings'
Starting development server at http://0:8000/
Quit the server with CONTROL-C.
Watching for file changes with StatReloader
/home/aviox/CodeProve/app/views.py changed, reloading.
Performing system checks...

System check identified no issues (0 silenced).
October 08, 2020 - 07:15:08
Django version 3.1.2, using settings 'CodeProve.settings'
Starting development server at http://0:8000/
Quit the server with CONTROL-C.
Watching for file changes with StatReloader
/home/aviox/CodeProve/app/views.py changed, reloading.
Performing system checks...

System check identified no issues (0 silenced).
October 08, 2020 - 07:15:11
Django version 3.1.2, using settings 'CodeProve.settings'
Starting development server at http://0:8000/
Quit the server with CONTROL-C.
Watching for file changes with StatReloader
/home/aviox/CodeProve/app/views.py changed, reloading.
Performing system checks...

System check identified no issues (0 silenced).
October 08, 2020 - 07:21:45
Django version 3.1.2, using settings 'CodeProve.settings'
Starting development server at http://0:8000/
Quit the server with CONTROL-C.
Watching for file changes with StatReloader
/home/aviox/CodeProve/app/views.py changed, reloading.
Performing system checks...

System check identified no issues (0 silenced).
October 08, 2020 - 07:21:48
Django version 3.1.2, using settings 'CodeProve.settings'
Starting development server at http://0:8000/
Quit the server with CONTROL-C.
Watching for file changes with StatReloader
/home/aviox/CodeProve/app/views.py changed, reloading.
Performing system checks...

System check identified no issues (0 silenced).
October 08, 2020 - 07:21:53
Django version 3.1.2, using settings 'CodeProve.settings'
Starting development server at http://0:8000/
Quit the server with CONTROL-C.
Watching for file changes with StatReloader
/home/aviox/CodeProve/app/views.py changed, reloading.
Performing system checks...

System check identified no issues (0 silenced).
October 08, 2020 - 07:21:59
Django version 3.1.2, using settings 'CodeProve.settings'
Starting development server at http://0:8000/
Quit the server with CONTROL-C.
Watching for file changes with StatReloader
/home/aviox/CodeProve/app/views.py changed, reloading.
Performing system checks...

System check identified no issues (0 silenced).
October 08, 2020 - 07:22:23
Django version 3.1.2, using settings 'CodeProve.settings'
Starting development server at http://0:8000/
Quit the server with CONTROL-C.
Watching for file changes with StatReloader
/home/aviox/CodeProve/app/views.py changed, reloading.
Performing system checks...

System check identified no issues (0 silenced).
October 08, 2020 - 07:22:35
Django version 3.1.2, using settings 'CodeProve.settings'
Starting development server at http://0:8000/
Quit the server with CONTROL-C.
Watching for file changes with StatReloader
/home/aviox/CodeProve/app/views.py changed, reloading.
Performing system checks...

System check identified no issues (0 silenced).
October 08, 2020 - 07:23:11
Django version 3.1.2, using settings 'CodeProve.settings'
Starting development server at http://0:8000/
Quit the server with CONTROL-C.
Watching for file changes with StatReloader
/home/aviox/CodeProve/app/views.py changed, reloading.
Performing system checks...

System check identified no issues (0 silenced).
October 08, 2020 - 07:23:21
Django version 3.1.2, using settings 'CodeProve.settings'
Starting development server at http://0:8000/
Quit the server with CONTROL-C.
Watching for file changes with StatReloader
/home/aviox/CodeProve/app/models.py changed, reloading.
Performing system checks...

System check identified no issues (0 silenced).
October 08, 2020 - 07:24:09
Django version 3.1.2, using settings 'CodeProve.settings'
Starting development server at http://0:8000/
Quit the server with CONTROL-C.
Watching for file changes with StatReloader
/home/aviox/CodeProve/app/views.py changed, reloading.
Performing system checks...

System check identified no issues (0 silenced).
October 08, 2020 - 07:26:59
Django version 3.1.2, using settings 'CodeProve.settings'
Starting development server at http://0:8000/
Quit the server with CONTROL-C.
Watching for file changes with StatReloader
/home/aviox/CodeProve/app/views.py changed, reloading.
Performing system checks...

System check identified no issues (0 silenced).
October 08, 2020 - 07:27:11
Django version 3.1.2, using settings 'CodeProve.settings'
Starting development server at http://0:8000/
Quit the server with CONTROL-C.
Watching for file changes with StatReloader
/home/aviox/CodeProve/app/views.py changed, reloading.
Performing system checks...

System check identified no issues (0 silenced).
October 08, 2020 - 07:27:51
Django version 3.1.2, using settings 'CodeProve.settings'
Starting development server at http://0:8000/
Quit the server with CONTROL-C.
Watching for file changes with StatReloader
/home/aviox/CodeProve/app/views.py changed, reloading.
Performing system checks...

System check identified no issues (0 silenced).
October 08, 2020 - 07:28:12
Django version 3.1.2, using settings 'CodeProve.settings'
Starting development server at http://0:8000/
Quit the server with CONTROL-C.
Watching for file changes with StatReloader
/home/aviox/CodeProve/app/views.py changed, reloading.
Performing system checks...

System check identified no issues (0 silenced).
October 08, 2020 - 07:28:44
Django version 3.1.2, using settings 'CodeProve.settings'
Starting development server at http://0:8000/
Quit the server with CONTROL-C.
Watching for file changes with StatReloader
/home/aviox/CodeProve/app/views.py changed, reloading.
Performing system checks...

System check identified no issues (0 silenced).
October 08, 2020 - 07:29:12
Django version 3.1.2, using settings 'CodeProve.settings'
Starting development server at http://0:8000/
Quit the server with CONTROL-C.
Watching for file changes with StatReloader
/home/aviox/CodeProve/app/views.py changed, reloading.
Performing system checks...

System check identified no issues (0 silenced).
October 08, 2020 - 07:33:25
Django version 3.1.2, using settings 'CodeProve.settings'
Starting development server at http://0:8000/
Quit the server with CONTROL-C.
Watching for file changes with StatReloader
/home/aviox/CodeProve/app/views.py changed, reloading.
Performing system checks...

System check identified no issues (0 silenced).
October 08, 2020 - 07:33:27
Django version 3.1.2, using settings 'CodeProve.settings'
Starting development server at http://0:8000/
Quit the server with CONTROL-C.
Watching for file changes with StatReloader
/home/aviox/CodeProve/app/views.py changed, reloading.
Performing system checks...

System check identified no issues (0 silenced).
October 08, 2020 - 07:33:34
Django version 3.1.2, using settings 'CodeProve.settings'
Starting development server at http://0:8000/
Quit the server with CONTROL-C.
Watching for file changes with StatReloader
/home/aviox/CodeProve/app/views.py changed, reloading.
Performing system checks...

System check identified no issues (0 silenced).
October 08, 2020 - 07:34:50
Django version 3.1.2, using settings 'CodeProve.settings'
Starting development server at http://0:8000/
Quit the server with CONTROL-C.
Watching for file changes with StatReloader
/home/aviox/CodeProve/app/views.py changed, reloading.
Performing system checks...

System check identified no issues (0 silenced).
October 08, 2020 - 07:37:04
Django version 3.1.2, using settings 'CodeProve.settings'
Starting development server at http://0:8000/
Quit the server with CONTROL-C.
Watching for file changes with StatReloader
/home/aviox/CodeProve/app/views.py changed, reloading.
Performing system checks...

System check identified no issues (0 silenced).
October 08, 2020 - 07:37:10
Django version 3.1.2, using settings 'CodeProve.settings'
Starting development server at http://0:8000/
Quit the server with CONTROL-C.
Watching for file changes with StatReloader
/home/aviox/CodeProve/app/views.py changed, reloading.
Performing system checks...

System check identified no issues (0 silenced).
October 08, 2020 - 07:38:09
Django version 3.1.2, using settings 'CodeProve.settings'
Starting development server at http://0:8000/
Quit the server with CONTROL-C.
Watching for file changes with StatReloader
/home/aviox/CodeProve/app/views.py changed, reloading.
Performing system checks...

System check identified no issues (0 silenced).
October 08, 2020 - 07:38:17
Django version 3.1.2, using settings 'CodeProve.settings'
Starting development server at http://0:8000/
Quit the server with CONTROL-C.
Watching for file changes with StatReloader
/home/aviox/CodeProve/app/views.py changed, reloading.
Performing system checks...

System check identified no issues (0 silenced).
October 08, 2020 - 07:38:21
Django version 3.1.2, using settings 'CodeProve.settings'
Starting development server at http://0:8000/
Quit the server with CONTROL-C.
Watching for file changes with StatReloader
/home/aviox/CodeProve/app/views.py changed, reloading.
Performing system checks...

System check identified no issues (0 silenced).
October 08, 2020 - 07:39:22
Django version 3.1.2, using settings 'CodeProve.settings'
Starting development server at http://0:8000/
Quit the server with CONTROL-C.
Watching for file changes with StatReloader
/home/aviox/CodeProve/app/views.py changed, reloading.
Performing system checks...

System check identified no issues (0 silenced).
October 08, 2020 - 07:39:39
Django version 3.1.2, using settings 'CodeProve.settings'
Starting development server at http://0:8000/
Quit the server with CONTROL-C.
Watching for file changes with StatReloader
/home/aviox/CodeProve/app/views.py changed, reloading.
Performing system checks...

System check identified no issues (0 silenced).
October 08, 2020 - 07:40:06
Django version 3.1.2, using settings 'CodeProve.settings'
Starting development server at http://0:8000/
Quit the server with CONTROL-C.
Watching for file changes with StatReloader
/home/aviox/CodeProve/app/views.py changed, reloading.
Performing system checks...

System check identified no issues (0 silenced).
October 08, 2020 - 07:40:22
Django version 3.1.2, using settings 'CodeProve.settings'
Starting development server at http://0:8000/
Quit the server with CONTROL-C.
Watching for file changes with StatReloader
/home/aviox/CodeProve/app/views.py changed, reloading.
Performing system checks...

System check identified no issues (0 silenced).
October 08, 2020 - 07:40:46
Django version 3.1.2, using settings 'CodeProve.settings'
Starting development server at http://0:8000/
Quit the server with CONTROL-C.
Watching for file changes with StatReloader
/home/aviox/CodeProve/app/views.py changed, reloading.
Performing system checks...

System check identified no issues (0 silenced).
October 08, 2020 - 07:43:53
Django version 3.1.2, using settings 'CodeProve.settings'
Starting development server at http://0:8000/
Quit the server with CONTROL-C.
Watching for file changes with StatReloader
/home/aviox/CodeProve/app/views.py changed, reloading.
Performing system checks...

System check identified no issues (0 silenced).
October 08, 2020 - 07:44:26
Django version 3.1.2, using settings 'CodeProve.settings'
Starting development server at http://0:8000/
Quit the server with CONTROL-C.
Watching for file changes with StatReloader
/home/aviox/CodeProve/app/views.py changed, reloading.
Performing system checks...

System check identified no issues (0 silenced).
October 08, 2020 - 07:44:41
Django version 3.1.2, using settings 'CodeProve.settings'
Starting development server at http://0:8000/
Quit the server with CONTROL-C.
Watching for file changes with StatReloader
/home/aviox/CodeProve/app/views.py changed, reloading.
Performing system checks...

System check identified no issues (0 silenced).
October 08, 2020 - 07:45:24
Django version 3.1.2, using settings 'CodeProve.settings'
Starting development server at http://0:8000/
Quit the server with CONTROL-C.
Watching for file changes with StatReloader
/home/aviox/CodeProve/app/views.py changed, reloading.
Performing system checks...

System check identified no issues (0 silenced).
October 08, 2020 - 07:45:35
Django version 3.1.2, using settings 'CodeProve.settings'
Starting development server at http://0:8000/
Quit the server with CONTROL-C.
Watching for file changes with StatReloader
/home/aviox/CodeProve/app/views.py changed, reloading.
Performing system checks...

System check identified no issues (0 silenced).
October 08, 2020 - 07:45:42
Django version 3.1.2, using settings 'CodeProve.settings'
Starting development server at http://0:8000/
Quit the server with CONTROL-C.
Watching for file changes with StatReloader
/home/aviox/CodeProve/app/views.py changed, reloading.
Performing system checks...

System check identified no issues (0 silenced).
October 08, 2020 - 07:46:08
Django version 3.1.2, using settings 'CodeProve.settings'
Starting development server at http://0:8000/
Quit the server with CONTROL-C.
Watching for file changes with StatReloader
/home/aviox/CodeProve/app/views.py changed, reloading.
Performing system checks...

System check identified no issues (0 silenced).
October 08, 2020 - 07:46:49
Django version 3.1.2, using settings 'CodeProve.settings'
Starting development server at http://0:8000/
Quit the server with CONTROL-C.
Watching for file changes with StatReloader
/home/aviox/CodeProve/app/views.py changed, reloading.
Performing system checks...

System check identified no issues (0 silenced).
October 08, 2020 - 07:48:51
Django version 3.1.2, using settings 'CodeProve.settings'
Starting development server at http://0:8000/
Quit the server with CONTROL-C.
Watching for file changes with StatReloader
/home/aviox/CodeProve/app/views.py changed, reloading.
Performing system checks...

System check identified no issues (0 silenced).
October 08, 2020 - 07:48:59
Django version 3.1.2, using settings 'CodeProve.settings'
Starting development server at http://0:8000/
Quit the server with CONTROL-C.
Watching for file changes with StatReloader
/home/aviox/CodeProve/app/views.py changed, reloading.
Performing system checks...

System check identified no issues (0 silenced).
October 08, 2020 - 07:49:41
Django version 3.1.2, using settings 'CodeProve.settings'
Starting development server at http://0:8000/
Quit the server with CONTROL-C.
Watching for file changes with StatReloader
/home/aviox/CodeProve/app/views.py changed, reloading.
Performing system checks...

System check identified no issues (0 silenced).
October 08, 2020 - 07:52:03
Django version 3.1.2, using settings 'CodeProve.settings'
Starting development server at http://0:8000/
Quit the server with CONTROL-C.
Watching for file changes with StatReloader
/home/aviox/CodeProve/app/views.py changed, reloading.
Performing system checks...

System check identified no issues (0 silenced).
October 08, 2020 - 07:52:31
Django version 3.1.2, using settings 'CodeProve.settings'
Starting development server at http://0:8000/
Quit the server with CONTROL-C.
Watching for file changes with StatReloader
/home/aviox/CodeProve/app/views.py changed, reloading.
Performing system checks...

System check identified no issues (0 silenced).
October 08, 2020 - 07:52:36
Django version 3.1.2, using settings 'CodeProve.settings'
Starting development server at http://0:8000/
Quit the server with CONTROL-C.
Watching for file changes with StatReloader
/home/aviox/CodeProve/app/views.py changed, reloading.
Performing system checks...

System check identified no issues (0 silenced).
October 08, 2020 - 07:52:58
Django version 3.1.2, using settings 'CodeProve.settings'
Starting development server at http://0:8000/
Quit the server with CONTROL-C.
Watching for file changes with StatReloader
/home/aviox/CodeProve/app/views.py changed, reloading.
Performing system checks...

System check identified no issues (0 silenced).
October 08, 2020 - 07:53:19
Django version 3.1.2, using settings 'CodeProve.settings'
Starting development server at http://0:8000/
Quit the server with CONTROL-C.
Watching for file changes with StatReloader
/home/aviox/CodeProve/app/views.py changed, reloading.
Performing system checks...

System check identified no issues (0 silenced).
October 08, 2020 - 07:54:03
Django version 3.1.2, using settings 'CodeProve.settings'
Starting development server at http://0:8000/
Quit the server with CONTROL-C.
Watching for file changes with StatReloader
/home/aviox/CodeProve/app/views.py changed, reloading.
Performing system checks...

System check identified no issues (0 silenced).
October 08, 2020 - 07:54:50
Django version 3.1.2, using settings 'CodeProve.settings'
Starting development server at http://0:8000/
Quit the server with CONTROL-C.
Watching for file changes with StatReloader
/home/aviox/CodeProve/app/views.py changed, reloading.
Performing system checks...

System check identified no issues (0 silenced).
October 08, 2020 - 08:00:04
Django version 3.1.2, using settings 'CodeProve.settings'
Starting development server at http://0:8000/
Quit the server with CONTROL-C.
Watching for file changes with StatReloader
/home/aviox/CodeProve/app/views.py changed, reloading.
Performing system checks...

System check identified no issues (0 silenced).
October 08, 2020 - 08:05:49
Django version 3.1.2, using settings 'CodeProve.settings'
Starting development server at http://0:8000/
Quit the server with CONTROL-C.
Watching for file changes with StatReloader
/home/aviox/CodeProve/app/views.py changed, reloading.
Performing system checks...

System check identified no issues (0 silenced).
October 08, 2020 - 08:06:18
Django version 3.1.2, using settings 'CodeProve.settings'
Starting development server at http://0:8000/
Quit the server with CONTROL-C.
Watching for file changes with StatReloader
/home/aviox/CodeProve/app/views.py changed, reloading.
Performing system checks...

System check identified no issues (0 silenced).
October 08, 2020 - 08:21:19
Django version 3.1.2, using settings 'CodeProve.settings'
Starting development server at http://0:8000/
Quit the server with CONTROL-C.
Watching for file changes with StatReloader
/home/aviox/CodeProve/app/views.py changed, reloading.
Performing system checks...

System check identified no issues (0 silenced).
October 08, 2020 - 08:21:48
Django version 3.1.2, using settings 'CodeProve.settings'
Starting development server at http://0:8000/
Quit the server with CONTROL-C.
Watching for file changes with StatReloader
/home/aviox/CodeProve/app/views.py changed, reloading.
Performing system checks...

System check identified no issues (0 silenced).
October 08, 2020 - 09:06:11
Django version 3.1.2, using settings 'CodeProve.settings'
Starting development server at http://0:8000/
Quit the server with CONTROL-C.
Watching for file changes with StatReloader
/home/aviox/CodeProve/app/views.py changed, reloading.
Performing system checks...

System check identified no issues (0 silenced).
October 08, 2020 - 09:07:09
Django version 3.1.2, using settings 'CodeProve.settings'
Starting development server at http://0:8000/
Quit the server with CONTROL-C.
Watching for file changes with StatReloader
/home/aviox/CodeProve/app/views.py changed, reloading.
Performing system checks...

System check identified no issues (0 silenced).
October 08, 2020 - 09:07:25
Django version 3.1.2, using settings 'CodeProve.settings'
Starting development server at http://0:8000/
Quit the server with CONTROL-C.
Watching for file changes with StatReloader
/home/aviox/CodeProve/app/views.py changed, reloading.
Performing system checks...

System check identified no issues (0 silenced).
October 08, 2020 - 09:07:40
Django version 3.1.2, using settings 'CodeProve.settings'
Starting development server at http://0:8000/
Quit the server with CONTROL-C.
Watching for file changes with StatReloader
/home/aviox/CodeProve/app/views.py changed, reloading.
Performing system checks...

System check identified no issues (0 silenced).
October 08, 2020 - 09:28:31
Django version 3.1.2, using settings 'CodeProve.settings'
Starting development server at http://0:8000/
Quit the server with CONTROL-C.
Watching for file changes with StatReloader
/home/aviox/CodeProve/app/views.py changed, reloading.
Performing system checks...

System check identified no issues (0 silenced).
October 08, 2020 - 09:29:03
Django version 3.1.2, using settings 'CodeProve.settings'
Starting development server at http://0:8000/
Quit the server with CONTROL-C.
Watching for file changes with StatReloader
/home/aviox/CodeProve/app/views.py changed, reloading.
Performing system checks...

System check identified no issues (0 silenced).
October 08, 2020 - 09:30:54
Django version 3.1.2, using settings 'CodeProve.settings'
Starting development server at http://0:8000/
Quit the server with CONTROL-C.
Watching for file changes with StatReloader
/home/aviox/CodeProve/app/views.py changed, reloading.
Performing system checks...

System check identified no issues (0 silenced).
October 08, 2020 - 09:31:31
Django version 3.1.2, using settings 'CodeProve.settings'
Starting development server at http://0:8000/
Quit the server with CONTROL-C.
Watching for file changes with StatReloader
/home/aviox/CodeProve/app/views.py changed, reloading.
Performing system checks...

System check identified no issues (0 silenced).
October 08, 2020 - 09:31:53
Django version 3.1.2, using settings 'CodeProve.settings'
Starting development server at http://0:8000/
Quit the server with CONTROL-C.
Watching for file changes with StatReloader
/home/aviox/CodeProve/app/models.py changed, reloading.
Performing system checks...

System check identified no issues (0 silenced).
October 08, 2020 - 09:32:25
Django version 3.1.2, using settings 'CodeProve.settings'
Starting development server at http://0:8000/
Quit the server with CONTROL-C.
Watching for file changes with StatReloader
/home/aviox/CodeProve/CodeProve/settings.py changed, reloading.
Performing system checks...

System check identified no issues (0 silenced).
October 08, 2020 - 09:34:58
Django version 3.1.2, using settings 'CodeProve.settings'
Starting development server at http://0:8000/
Quit the server with CONTROL-C.
Watching for file changes with StatReloader
/home/aviox/CodeProve/CodeProve/settings.py changed, reloading.
Performing system checks...

System check identified no issues (0 silenced).
October 08, 2020 - 10:14:05
Django version 3.1.2, using settings 'CodeProve.settings'
Starting development server at http://0:8000/
Quit the server with CONTROL-C.
Watching for file changes with StatReloader
/home/aviox/CodeProve/CodeProve/settings.py changed, reloading.
Performing system checks...

System check identified no issues (0 silenced).
October 08, 2020 - 10:19:47
Django version 3.1.2, using settings 'CodeProve.settings'
Starting development server at http://0:8000/
Quit the server with CONTROL-C.
Watching for file changes with StatReloader
/home/aviox/CodeProve/CodeProve/settings.py changed, reloading.
Performing system checks...

System check identified no issues (0 silenced).
October 08, 2020 - 10:24:55
Django version 3.1.2, using settings 'CodeProve.settings'
Starting development server at http://0:8000/
Quit the server with CONTROL-C.
Watching for file changes with StatReloader
/home/aviox/CodeProve/CodeProve/settings.py changed, reloading.
Performing system checks...

System check identified no issues (0 silenced).
October 08, 2020 - 10:33:33
Django version 3.1.2, using settings 'CodeProve.settings'
Starting development server at http://0:8000/
Quit the server with CONTROL-C.
Watching for file changes with StatReloader
/home/aviox/CodeProve/CodeProve/settings.py changed, reloading.
Performing system checks...

System check identified no issues (0 silenced).
October 08, 2020 - 10:34:24
Django version 3.1.2, using settings 'CodeProve.settings'
Starting development server at http://0:8000/
Quit the server with CONTROL-C.
Watching for file changes with StatReloader
/home/aviox/CodeProve/CodeProve/settings.py changed, reloading.
Performing system checks...

System check identified no issues (0 silenced).
October 08, 2020 - 10:45:34
Django version 3.1.2, using settings 'CodeProve.settings'
Starting development server at http://0:8000/
Quit the server with CONTROL-C.
Watching for file changes with StatReloader
/home/aviox/CodeProve/CodeProve/settings.py changed, reloading.
Performing system checks...

System check identified no issues (0 silenced).
October 08, 2020 - 11:22:21
Django version 3.1.2, using settings 'CodeProve.settings'
Starting development server at http://0:8000/
Quit the server with CONTROL-C.
Watching for file changes with StatReloader
/home/aviox/CodeProve/CodeProve/settings.py changed, reloading.
Performing system checks...

System check identified no issues (0 silenced).
October 08, 2020 - 11:26:22
Django version 3.1.2, using settings 'CodeProve.settings'
Starting development server at http://0:8000/
Quit the server with CONTROL-C.
Watching for file changes with StatReloader
/home/aviox/CodeProve/CodeProve/settings.py changed, reloading.
Performing system checks...

System check identified no issues (0 silenced).
October 08, 2020 - 11:27:24
Django version 3.1.2, using settings 'CodeProve.settings'
Starting development server at http://0:8000/
Quit the server with CONTROL-C.
Watching for file changes with StatReloader
/home/aviox/CodeProve/CodeProve/settings.py changed, reloading.
Performing system checks...

System check identified no issues (0 silenced).
October 08, 2020 - 11:27:26
Django version 3.1.2, using settings 'CodeProve.settings'
Starting development server at http://0:8000/
Quit the server with CONTROL-C.
Watching for file changes with StatReloader
/home/aviox/CodeProve/CodeProve/settings.py changed, reloading.
Performing system checks...

System check identified no issues (0 silenced).
October 08, 2020 - 11:51:08
Django version 3.1.2, using settings 'CodeProve.settings'
Starting development server at http://0:8000/
Quit the server with CONTROL-C.
Watching for file changes with StatReloader
/home/aviox/CodeProve/CodeProve/settings.py changed, reloading.
Performing system checks...

System check identified no issues (0 silenced).
October 08, 2020 - 11:51:18
Django version 3.1.2, using settings 'CodeProve.settings'
Starting development server at http://0:8000/
Quit the server with CONTROL-C.
Watching for file changes with StatReloader
/home/aviox/CodeProve/CodeProve/settings.py changed, reloading.
Performing system checks...

System check identified no issues (0 silenced).
October 08, 2020 - 11:53:50
Django version 3.1.2, using settings 'CodeProve.settings'
Starting development server at http://0:8000/
Quit the server with CONTROL-C.
Watching for file changes with StatReloader
/home/aviox/CodeProve/CodeProve/settings.py changed, reloading.
Performing system checks...

System check identified no issues (0 silenced).
October 08, 2020 - 11:56:07
Django version 3.1.2, using settings 'CodeProve.settings'
Starting development server at http://0:8000/
Quit the server with CONTROL-C.
Watching for file changes with StatReloader
/home/aviox/CodeProve/CodeProve/settings.py changed, reloading.
Performing system checks...

System check identified no issues (0 silenced).
October 08, 2020 - 11:58:02
Django version 3.1.2, using settings 'CodeProve.settings'
Starting development server at http://0:8000/
Quit the server with CONTROL-C.
Watching for file changes with StatReloader
/home/aviox/CodeProve/CodeProve/settings.py changed, reloading.
Performing system checks...

System check identified no issues (0 silenced).
October 08, 2020 - 11:59:17
Django version 3.1.2, using settings 'CodeProve.settings'
Starting development server at http://0:8000/
Quit the server with CONTROL-C.
Watching for file changes with StatReloader
/home/aviox/CodeProve/CodeProve/settings.py changed, reloading.
Performing system checks...

System check identified no issues (0 silenced).
October 08, 2020 - 12:00:58
Django version 3.1.2, using settings 'CodeProve.settings'
Starting development server at http://0:8000/
Quit the server with CONTROL-C.
Watching for file changes with StatReloader
/home/aviox/CodeProve/CodeProve/settings.py changed, reloading.
Performing system checks...

System check identified no issues (0 silenced).
October 08, 2020 - 12:03:28
Django version 3.1.2, using settings 'CodeProve.settings'
Starting development server at http://0:8000/
Quit the server with CONTROL-C.
Watching for file changes with StatReloader
/home/aviox/CodeProve/CodeProve/settings.py changed, reloading.
Performing system checks...

System check identified no issues (0 silenced).
October 08, 2020 - 12:03:47
Django version 3.1.2, using settings 'CodeProve.settings'
Starting development server at http://0:8000/
Quit the server with CONTROL-C.
Watching for file changes with StatReloader
/home/aviox/CodeProve/CodeProve/settings.py changed, reloading.
Performing system checks...

System check identified no issues (0 silenced).
October 08, 2020 - 12:05:26
Django version 3.1.2, using settings 'CodeProve.settings'
Starting development server at http://0:8000/
Quit the server with CONTROL-C.
Watching for file changes with StatReloader
/home/aviox/CodeProve/CodeProve/settings.py changed, reloading.
Performing system checks...

System check identified no issues (0 silenced).
October 08, 2020 - 12:05:33
Django version 3.1.2, using settings 'CodeProve.settings'
Starting development server at http://0:8000/
Quit the server with CONTROL-C.
Watching for file changes with StatReloader
/home/aviox/CodeProve/CodeProve/settings.py changed, reloading.
Performing system checks...

System check identified no issues (0 silenced).
October 08, 2020 - 12:05:55
Django version 3.1.2, using settings 'CodeProve.settings'
Starting development server at http://0:8000/
Quit the server with CONTROL-C.
Watching for file changes with StatReloader
/home/aviox/CodeProve/CodeProve/settings.py changed, reloading.
Performing system checks...

System check identified no issues (0 silenced).
October 08, 2020 - 12:07:40
Django version 3.1.2, using settings 'CodeProve.settings'
Starting development server at http://0:8000/
Quit the server with CONTROL-C.
Watching for file changes with StatReloader
/home/aviox/CodeProve/CodeProve/settings.py changed, reloading.
Performing system checks...

System check identified no issues (0 silenced).
October 08, 2020 - 12:08:06
Django version 3.1.2, using settings 'CodeProve.settings'
Starting development server at http://0:8000/
Quit the server with CONTROL-C.
Watching for file changes with StatReloader
/home/aviox/CodeProve/app/views.py changed, reloading.
Performing system checks...

System check identified no issues (0 silenced).
October 08, 2020 - 12:09:03
Django version 3.1.2, using settings 'CodeProve.settings'
Starting development server at http://0:8000/
Quit the server with CONTROL-C.
Watching for file changes with StatReloader
/home/aviox/CodeProve/CodeProve/settings.py changed, reloading.
Performing system checks...

System check identified no issues (0 silenced).
October 08, 2020 - 12:30:07
Django version 3.1.2, using settings 'CodeProve.settings'
Starting development server at http://0:8000/
Quit the server with CONTROL-C.
Watching for file changes with StatReloader
/home/aviox/CodeProve/CodeProve/settings.py changed, reloading.
Performing system checks...

System check identified no issues (0 silenced).
October 08, 2020 - 12:38:20
Django version 3.1.2, using settings 'CodeProve.settings'
Starting development server at http://0:8000/
Quit the server with CONTROL-C.
Watching for file changes with StatReloader
Watching for file changes with StatReloader
[13/Oct/2020 12:17:45] "GET / HTTP/1.1" 200 4630
[13/Oct/2020 12:17:46] "GET /static/app/content/bootstrap.min.css HTTP/1.1" 200 97949
[13/Oct/2020 12:17:46] "GET /static/app/content/site.css HTTP/1.1" 200 10065
[13/Oct/2020 12:17:46] "GET /static/app/content/font-awesome.css HTTP/1.1" 200 30999
[13/Oct/2020 12:17:46] "GET /static/app/scripts/bootstrap.js HTTP/1.1" 200 59250
[13/Oct/2020 12:17:46] "GET /static/app/scripts/jquery-1.10.2.js HTTP/1.1" 200 273990
[13/Oct/2020 12:17:46] "GET /static/app/scripts/modernizr-2.6.2.js HTTP/1.1" 200 51395
[13/Oct/2020 12:17:46] "GET /static/app/scripts/jquery.min.js HTTP/1.1" 200 84345
[13/Oct/2020 12:17:46] "GET /static/app/scripts/bootstrap.min.js HTTP/1.1" 200 28518
[13/Oct/2020 12:17:46] "GET /static/app/scripts/respond.js HTTP/1.1" 200 10318
Not Found: /favicon.ico
[13/Oct/2020 12:17:46] "GET /favicon.ico HTTP/1.1" 404 1762
[13/Oct/2020 12:17:52] "GET / HTTP/1.1" 200 4630
[13/Oct/2020 12:19:48] "GET /login/ HTTP/1.1" 200 5110
[13/Oct/2020 12:19:58] "GET /register/ HTTP/1.1" 200 5253
[13/Oct/2020 12:20:20] "POST /register/ HTTP/1.1" 302 0
[13/Oct/2020 12:20:20] "GET / HTTP/1.1" 200 4754
[13/Oct/2020 12:20:36] "GET /newcompile/ HTTP/1.1" 200 9837
[13/Oct/2020 12:42:04] "GET /newcompile/ HTTP/1.1" 200 9846
[13/Oct/2020 12:42:04] "GET /static/app/content/site.css HTTP/1.1" 200 10158
[13/Oct/2020 12:42:04] "GET /static/app/content/font-awesome.css HTTP/1.1" 200 30999
[13/Oct/2020 12:42:04] "GET /static/app/scripts/modernizr-2.6.2.js HTTP/1.1" 200 51395
[13/Oct/2020 12:42:04] "GET /static/app/scripts/bootstrap.js HTTP/1.1" 200 59250
[13/Oct/2020 12:42:04] "GET /static/app/content/bootstrap.min.css HTTP/1.1" 200 97949
[13/Oct/2020 12:42:04] "GET /static/app/scripts/respond.js HTTP/1.1" 200 10318
[13/Oct/2020 12:42:04] "GET /static/app/scripts/jquery.min.js HTTP/1.1" 200 84345
[13/Oct/2020 12:42:04] "GET /static/app/scripts/jquery-1.10.2.js HTTP/1.1" 200 273990
[13/Oct/2020 12:42:04] "GET /static/app/scripts/bootstrap.min.js HTTP/1.1" 200 28518
Not Found: /favicon.ico
[13/Oct/2020 12:42:04] "GET /favicon.ico HTTP/1.1" 404 1762
[13/Oct/2020 12:42:18] "GET /newcompile/ HTTP/1.1" 200 9846
[13/Oct/2020 12:42:18] "GET /static/app/content/site.css HTTP/1.1" 200 10158
[13/Oct/2020 12:42:18] "GET /static/app/content/font-awesome.css HTTP/1.1" 200 30999
[13/Oct/2020 12:42:18] "GET /static/app/scripts/bootstrap.js HTTP/1.1" 200 59250
[13/Oct/2020 12:42:18] "GET /static/app/scripts/modernizr-2.6.2.js HTTP/1.1" 200 51395
[13/Oct/2020 12:42:18] "GET /static/app/content/bootstrap.min.css HTTP/1.1" 200 97949
[13/Oct/2020 12:42:18] "GET /static/app/scripts/respond.js HTTP/1.1" 200 10318
[13/Oct/2020 12:42:18] "GET /static/app/scripts/jquery.min.js HTTP/1.1" 200 84345
[13/Oct/2020 12:42:18] "GET /static/app/scripts/bootstrap.min.js HTTP/1.1" 200 28518
[13/Oct/2020 12:42:18] "GET /static/app/scripts/jquery-1.10.2.js HTTP/1.1" 200 273990
Not Found: /favicon.ico
[13/Oct/2020 12:42:18] "GET /favicon.ico HTTP/1.1" 404 1762
[13/Oct/2020 12:42:46] "GET /newcompile/ HTTP/1.1" 200 10023
[13/Oct/2020 12:42:46] "GET /static/app/content/site.css HTTP/1.1" 200 10158
[13/Oct/2020 12:42:46] "GET /static/app/content/font-awesome.css HTTP/1.1" 200 30999
[13/Oct/2020 12:42:46] "GET /static/app/scripts/modernizr-2.6.2.js HTTP/1.1" 200 51395
[13/Oct/2020 12:42:46] "GET /static/app/scripts/bootstrap.js HTTP/1.1" 200 59250
[13/Oct/2020 12:42:46] "GET /static/app/content/bootstrap.min.css HTTP/1.1" 200 97949
[13/Oct/2020 12:42:46] "GET /static/app/scripts/respond.js HTTP/1.1" 200 10318
[13/Oct/2020 12:42:46] "GET /static/app/scripts/bootstrap.min.js HTTP/1.1" 200 28518
[13/Oct/2020 12:42:46] "GET /static/app/scripts/jquery.min.js HTTP/1.1" 200 84345
[13/Oct/2020 12:42:47] "GET /static/app/scripts/jquery-1.10.2.js HTTP/1.1" 200 273990
Not Found: /favicon.ico
[13/Oct/2020 12:42:47] "GET /favicon.ico HTTP/1.1" 404 1762
[13/Oct/2020 12:43:06] "GET /newcompile/ HTTP/1.1" 200 10032
[13/Oct/2020 12:43:06] "GET /static/app/content/site.css HTTP/1.1" 304 0
[13/Oct/2020 12:43:34] "GET /newcompile/ HTTP/1.1" 200 8556
[13/Oct/2020 12:43:34] "GET /static/app/content/site.css HTTP/1.1" 304 0
[13/Oct/2020 12:43:36] "GET /newcompile/ HTTP/1.1" 200 8556
[13/Oct/2020 12:43:36] "GET /newcompile/ HTTP/1.1" 200 8556
[13/Oct/2020 12:43:36] "GET /newcompile/ HTTP/1.1" 200 8556
[13/Oct/2020 12:44:17] "GET /newcompile/ HTTP/1.1" 200 3598
[13/Oct/2020 12:44:17] "GET /static/app/content/site.css HTTP/1.1" 304 0
[13/Oct/2020 12:51:24] "GET /newcompile/ HTTP/1.1" 200 3868
[13/Oct/2020 12:51:24] "GET /static/app/content/site.css HTTP/1.1" 304 0
Internal Server Error: /newcompile/
Traceback (most recent call last):
  File "/home/aviox/virtualenvs/codeprove/lib/python3.6/site-packages/django/template/base.py", line 470, in parse
    compile_func = self.tags[command]
KeyError: 'endblock'

During handling of the above exception, another exception occurred:

Traceback (most recent call last):
  File "/home/aviox/virtualenvs/codeprove/lib/python3.6/site-packages/django/core/handlers/exception.py", line 47, in inner
    response = get_response(request)
  File "/home/aviox/virtualenvs/codeprove/lib/python3.6/site-packages/django/core/handlers/base.py", line 179, in _get_response
    response = wrapped_callback(request, *callback_args, **callback_kwargs)
  File "/home/aviox/virtualenvs/codeprove/lib/python3.6/site-packages/django/contrib/auth/decorators.py", line 21, in _wrapped_view
    return view_func(request, *args, **kwargs)
  File "/home/aviox/CodeProve/app/views.py", line 80, in newcompile
    context
  File "/home/aviox/virtualenvs/codeprove/lib/python3.6/site-packages/django/shortcuts.py", line 19, in render
    content = loader.render_to_string(template_name, context, request, using=using)
  File "/home/aviox/virtualenvs/codeprove/lib/python3.6/site-packages/django/template/loader.py", line 61, in render_to_string
    template = get_template(template_name, using=using)
  File "/home/aviox/virtualenvs/codeprove/lib/python3.6/site-packages/django/template/loader.py", line 15, in get_template
    return engine.get_template(template_name)
  File "/home/aviox/virtualenvs/codeprove/lib/python3.6/site-packages/django/template/backends/django.py", line 34, in get_template
    return Template(self.engine.get_template(template_name), self)
  File "/home/aviox/virtualenvs/codeprove/lib/python3.6/site-packages/django/template/engine.py", line 143, in get_template
    template, origin = self.find_template(template_name)
  File "/home/aviox/virtualenvs/codeprove/lib/python3.6/site-packages/django/template/engine.py", line 125, in find_template
    template = loader.get_template(name, skip=skip)
  File "/home/aviox/virtualenvs/codeprove/lib/python3.6/site-packages/django/template/loaders/base.py", line 30, in get_template
    contents, origin, origin.template_name, self.engine,
  File "/home/aviox/virtualenvs/codeprove/lib/python3.6/site-packages/django/template/base.py", line 155, in __init__
    self.nodelist = self.compile_nodelist()
  File "/home/aviox/virtualenvs/codeprove/lib/python3.6/site-packages/django/template/base.py", line 193, in compile_nodelist
    return parser.parse()
  File "/home/aviox/virtualenvs/codeprove/lib/python3.6/site-packages/django/template/base.py", line 478, in parse
    raise self.error(token, e)
  File "/home/aviox/virtualenvs/codeprove/lib/python3.6/site-packages/django/template/base.py", line 476, in parse
    compiled_result = compile_func(self, token)
  File "/home/aviox/virtualenvs/codeprove/lib/python3.6/site-packages/django/template/loader_tags.py", line 270, in do_extends
    nodelist = parser.parse()
  File "/home/aviox/virtualenvs/codeprove/lib/python3.6/site-packages/django/template/base.py", line 472, in parse
    self.invalid_block_tag(token, command, parse_until)
  File "/home/aviox/virtualenvs/codeprove/lib/python3.6/site-packages/django/template/base.py", line 534, in invalid_block_tag
    "or load this tag?" % (token.lineno, command)
django.template.exceptions.TemplateSyntaxError: Invalid block tag on line 16: 'endblock'. Did you forget to register or load this tag?
[13/Oct/2020 12:52:11] "GET /newcompile/ HTTP/1.1" 500 148444
Internal Server Error: /newcompile/
Traceback (most recent call last):
  File "/home/aviox/virtualenvs/codeprove/lib/python3.6/site-packages/django/template/base.py", line 470, in parse
    compile_func = self.tags[command]
KeyError: 'endblock'

During handling of the above exception, another exception occurred:

Traceback (most recent call last):
  File "/home/aviox/virtualenvs/codeprove/lib/python3.6/site-packages/django/core/handlers/exception.py", line 47, in inner
    response = get_response(request)
  File "/home/aviox/virtualenvs/codeprove/lib/python3.6/site-packages/django/core/handlers/base.py", line 179, in _get_response
    response = wrapped_callback(request, *callback_args, **callback_kwargs)
  File "/home/aviox/virtualenvs/codeprove/lib/python3.6/site-packages/django/contrib/auth/decorators.py", line 21, in _wrapped_view
    return view_func(request, *args, **kwargs)
  File "/home/aviox/CodeProve/app/views.py", line 80, in newcompile
    context
  File "/home/aviox/virtualenvs/codeprove/lib/python3.6/site-packages/django/shortcuts.py", line 19, in render
    content = loader.render_to_string(template_name, context, request, using=using)
  File "/home/aviox/virtualenvs/codeprove/lib/python3.6/site-packages/django/template/loader.py", line 61, in render_to_string
    template = get_template(template_name, using=using)
  File "/home/aviox/virtualenvs/codeprove/lib/python3.6/site-packages/django/template/loader.py", line 15, in get_template
    return engine.get_template(template_name)
  File "/home/aviox/virtualenvs/codeprove/lib/python3.6/site-packages/django/template/backends/django.py", line 34, in get_template
    return Template(self.engine.get_template(template_name), self)
  File "/home/aviox/virtualenvs/codeprove/lib/python3.6/site-packages/django/template/engine.py", line 143, in get_template
    template, origin = self.find_template(template_name)
  File "/home/aviox/virtualenvs/codeprove/lib/python3.6/site-packages/django/template/engine.py", line 125, in find_template
    template = loader.get_template(name, skip=skip)
  File "/home/aviox/virtualenvs/codeprove/lib/python3.6/site-packages/django/template/loaders/base.py", line 30, in get_template
    contents, origin, origin.template_name, self.engine,
  File "/home/aviox/virtualenvs/codeprove/lib/python3.6/site-packages/django/template/base.py", line 155, in __init__
    self.nodelist = self.compile_nodelist()
  File "/home/aviox/virtualenvs/codeprove/lib/python3.6/site-packages/django/template/base.py", line 193, in compile_nodelist
    return parser.parse()
  File "/home/aviox/virtualenvs/codeprove/lib/python3.6/site-packages/django/template/base.py", line 478, in parse
    raise self.error(token, e)
  File "/home/aviox/virtualenvs/codeprove/lib/python3.6/site-packages/django/template/base.py", line 476, in parse
    compiled_result = compile_func(self, token)
  File "/home/aviox/virtualenvs/codeprove/lib/python3.6/site-packages/django/template/loader_tags.py", line 270, in do_extends
    nodelist = parser.parse()
  File "/home/aviox/virtualenvs/codeprove/lib/python3.6/site-packages/django/template/base.py", line 472, in parse
    self.invalid_block_tag(token, command, parse_until)
  File "/home/aviox/virtualenvs/codeprove/lib/python3.6/site-packages/django/template/base.py", line 534, in invalid_block_tag
    "or load this tag?" % (token.lineno, command)
django.template.exceptions.TemplateSyntaxError: Invalid block tag on line 17: 'endblock'. Did you forget to register or load this tag?
[13/Oct/2020 12:52:19] "GET /newcompile/ HTTP/1.1" 500 149684
[13/Oct/2020 12:52:27] "GET /newcompile/ HTTP/1.1" 200 3868
[13/Oct/2020 12:52:27] "GET /static/app/content/site.css HTTP/1.1" 304 0
[13/Oct/2020 12:58:07] "GET /newcompile/ HTTP/1.1" 200 4932
[13/Oct/2020 12:58:07] "GET /static/app/content/site.css HTTP/1.1" 304 0
[13/Oct/2020 12:59:40] "GET /newcompile/ HTTP/1.1" 200 4932
[13/Oct/2020 12:59:46] "GET /newcompile/ HTTP/1.1" 200 4738
[13/Oct/2020 12:59:46] "GET /static/app/content/site.css HTTP/1.1" 200 10158
[13/Oct/2020 12:59:46] "GET /static/app/content/font-awesome.css HTTP/1.1" 200 30999
[13/Oct/2020 12:59:46] "GET /static/app/scripts/respond.js HTTP/1.1" 200 10318
[13/Oct/2020 12:59:46] "GET /static/app/content/bootstrap.min.css HTTP/1.1" 200 97949
[13/Oct/2020 12:59:46] "GET /static/app/scripts/modernizr-2.6.2.js HTTP/1.1" 200 51395
[13/Oct/2020 12:59:46] "GET /static/app/scripts/bootstrap.js HTTP/1.1" 200 59250
[13/Oct/2020 12:59:46] "GET /static/app/scripts/bootstrap.min.js HTTP/1.1" 200 28518
[13/Oct/2020 12:59:46] "GET /static/app/scripts/jquery.min.js HTTP/1.1" 200 84345
[13/Oct/2020 12:59:46] "GET /static/app/scripts/jquery-1.10.2.js HTTP/1.1" 200 273990
Not Found: /favicon.ico
[13/Oct/2020 12:59:46] "GET /favicon.ico HTTP/1.1" 404 1762
[13/Oct/2020 13:01:11] "GET /newcompile/ HTTP/1.1" 200 5170
[13/Oct/2020 13:01:11] "GET /static/app/content/site.css HTTP/1.1" 200 10158
[13/Oct/2020 13:01:11] "GET /static/app/content/font-awesome.css HTTP/1.1" 200 30999
[13/Oct/2020 13:01:11] "GET /static/app/scripts/modernizr-2.6.2.js HTTP/1.1" 200 51395
[13/Oct/2020 13:01:11] "GET /static/app/scripts/bootstrap.js HTTP/1.1" 200 59250
[13/Oct/2020 13:01:11] "GET /static/app/scripts/respond.js HTTP/1.1" 200 10318
[13/Oct/2020 13:01:11] "GET /static/app/content/bootstrap.min.css HTTP/1.1" 200 97949
[13/Oct/2020 13:01:11] "GET /static/app/scripts/jquery.min.js HTTP/1.1" 200 84345
[13/Oct/2020 13:01:11] "GET /static/app/scripts/bootstrap.min.js HTTP/1.1" 200 28518
[13/Oct/2020 13:01:11] "GET /static/app/scripts/jquery-1.10.2.js HTTP/1.1" 200 273990
Not Found: /favicon.ico
[13/Oct/2020 13:01:12] "GET /favicon.ico HTTP/1.1" 404 1762
[13/Oct/2020 13:08:31] "GET /newcompile/ HTTP/1.1" 200 7690
[13/Oct/2020 13:08:31] "GET /static/app/content/site.css HTTP/1.1" 304 0
[13/Oct/2020 13:08:58] "GET /newcompile/ HTTP/1.1" 200 7786
[13/Oct/2020 13:09:03] "GET /newcompile/ HTTP/1.1" 200 7786
[13/Oct/2020 13:09:30] "GET /newcompile/ HTTP/1.1" 200 7789
[13/Oct/2020 13:09:32] "GET /newcompile/ HTTP/1.1" 200 7789
[13/Oct/2020 13:17:35] "GET /newcompile/ HTTP/1.1" 200 11935
[13/Oct/2020 13:17:35] "GET /static/app/content/site.css HTTP/1.1" 304 0
[13/Oct/2020 13:19:08] "GET /newcompile/ HTTP/1.1" 200 11973
[13/Oct/2020 13:20:10] "GET /newcompile/ HTTP/1.1" 200 11954
[13/Oct/2020 13:20:59] "GET /newcompile/ HTTP/1.1" 200 11954
[13/Oct/2020 13:22:16] "GET /newcompile/ HTTP/1.1" 200 11981
[13/Oct/2020 13:22:16] "GET /static/app/content/site.css HTTP/1.1" 304 0
[13/Oct/2020 13:28:44] "GET /newcompile/ HTTP/1.1" 200 25632
[13/Oct/2020 13:28:44] "GET /static/app/content/site.css HTTP/1.1" 304 0
Not Found: /problems/two-sum-less-than-k/
[13/Oct/2020 13:32:16] "GET /problems/two-sum-less-than-k/ HTTP/1.1" 404 1815
[13/Oct/2020 13:33:08] "GET /newcompile/ HTTP/1.1" 200 16883
[13/Oct/2020 13:34:54] "GET /newcompile/ HTTP/1.1" 200 16892
[13/Oct/2020 13:34:54] "GET /static/app/content/site.css HTTP/1.1" 304 0
Watching for file changes with StatReloader
[14/Oct/2020 07:25:59] "GET / HTTP/1.1" 200 4754
[14/Oct/2020 07:25:59] "GET /static/app/content/site.css HTTP/1.1" 200 10158
[14/Oct/2020 07:25:59] "GET /static/app/content/font-awesome.css HTTP/1.1" 200 30999
[14/Oct/2020 07:25:59] "GET /static/app/content/bootstrap.min.css HTTP/1.1" 200 97949
[14/Oct/2020 07:25:59] "GET /static/app/scripts/bootstrap.js HTTP/1.1" 200 59250
[14/Oct/2020 07:25:59] "GET /static/app/scripts/respond.js HTTP/1.1" 200 10318
[14/Oct/2020 07:25:59] "GET /static/app/scripts/modernizr-2.6.2.js HTTP/1.1" 200 51395
[14/Oct/2020 07:25:59] "GET /static/app/scripts/jquery.min.js HTTP/1.1" 200 84345
[14/Oct/2020 07:25:59] "GET /static/app/scripts/jquery-1.10.2.js HTTP/1.1" 200 273990
[14/Oct/2020 07:25:59] "GET /static/app/scripts/bootstrap.min.js HTTP/1.1" 200 28518
Not Found: /favicon.ico
[14/Oct/2020 07:26:00] "GET /favicon.ico HTTP/1.1" 404 1762
[14/Oct/2020 07:26:11] "GET /newcompile/ HTTP/1.1" 200 16892
[14/Oct/2020 07:26:11] "GET /static/app/content/site.css HTTP/1.1" 200 10158
[14/Oct/2020 07:26:11] "GET /static/app/content/font-awesome.css HTTP/1.1" 200 30999
[14/Oct/2020 07:26:11] "GET /static/app/content/bootstrap.min.css HTTP/1.1" 200 97949
[14/Oct/2020 07:55:31] "GET /static/app/content/site.css HTTP/1.1" 200 10158
[14/Oct/2020 07:55:31] "GET /static/app/content/font-awesome.css HTTP/1.1" 200 30999
[14/Oct/2020 07:55:31] "GET /static/app/content/bootstrap.min.css HTTP/1.1" 200 97949
[14/Oct/2020 07:56:23] "GET /newcompile/ HTTP/1.1" 200 17500
[14/Oct/2020 07:56:23] "GET /static/app/content/site.css HTTP/1.1" 200 10436
[14/Oct/2020 07:56:23] "GET /static/app/content/bootstrap.min.css HTTP/1.1" 200 97949
[14/Oct/2020 07:56:23] "GET /static/app/content/font-awesome.css HTTP/1.1" 200 30999
[14/Oct/2020 07:56:23] "GET /static/app/scripts/modernizr-2.6.2.js HTTP/1.1" 200 51395
[14/Oct/2020 07:56:23] "GET /static/app/scripts/bootstrap.js HTTP/1.1" 200 59250
[14/Oct/2020 07:56:23] "GET /static/app/scripts/respond.js HTTP/1.1" 200 10318
[14/Oct/2020 07:56:23] "GET /static/app/scripts/jquery.min.js HTTP/1.1" 200 84345
[14/Oct/2020 07:56:23] "GET /static/app/scripts/bootstrap.min.js HTTP/1.1" 200 28518
[14/Oct/2020 07:56:23] "GET /static/app/scripts/jquery-1.10.2.js HTTP/1.1" 200 273990
[14/Oct/2020 08:05:37] "GET /newcompile/ HTTP/1.1" 200 17167
[14/Oct/2020 08:05:37] "GET /static/app/content/font-awesome.css HTTP/1.1" 200 30999
[14/Oct/2020 08:05:37] "GET /static/app/content/site.css HTTP/1.1" 200 10159
[14/Oct/2020 08:05:37] "GET /static/app/content/bootstrap.min.css HTTP/1.1" 200 97949
[14/Oct/2020 09:01:35] "GET /newcompile/ HTTP/1.1" 200 17195
[14/Oct/2020 09:01:35] "GET /static/app/content/font-awesome.css HTTP/1.1" 200 30999
[14/Oct/2020 09:01:35] "GET /static/app/content/site.css HTTP/1.1" 200 10159
[14/Oct/2020 09:01:35] "GET /static/app/content/bootstrap.min.css HTTP/1.1" 200 97949
Watching for file changes with StatReloader
[14/Oct/2020 09:47:30] "GET / HTTP/1.1" 200 4754
[14/Oct/2020 09:47:30] "GET /static/app/scripts/jquery-1.10.2.js HTTP/1.1" 304 0
[14/Oct/2020 09:47:30] "GET /static/app/content/font-awesome.css HTTP/1.1" 304 0
[14/Oct/2020 09:47:30] "GET /static/app/scripts/modernizr-2.6.2.js HTTP/1.1" 304 0
[14/Oct/2020 09:47:30] "GET /static/app/scripts/bootstrap.js HTTP/1.1" 304 0
[14/Oct/2020 09:47:30] "GET /static/app/content/bootstrap.min.css HTTP/1.1" 304 0
[14/Oct/2020 09:47:30] "GET /static/app/content/site.css HTTP/1.1" 200 10159
[14/Oct/2020 09:47:31] "GET /static/app/scripts/respond.js HTTP/1.1" 304 0
[14/Oct/2020 09:47:31] "GET /static/app/scripts/jquery.min.js HTTP/1.1" 304 0
[14/Oct/2020 09:47:31] "GET /static/app/scripts/bootstrap.min.js HTTP/1.1" 304 0
Not Found: /favicon.ico
[14/Oct/2020 09:47:31] "GET /favicon.ico HTTP/1.1" 404 1762
[14/Oct/2020 09:48:53] "GET /newcompile/ HTTP/1.1" 200 17220
[14/Oct/2020 09:51:55] "GET /newcompile/ HTTP/1.1" 200 17430
[14/Oct/2020 09:52:28] "GET /newcompile/ HTTP/1.1" 200 17430
[14/Oct/2020 09:52:28] "GET /static/app/content/site.css HTTP/1.1" 200 10228
[14/Oct/2020 09:52:28] "GET /static/app/scripts/respond.js HTTP/1.1" 200 10318
[14/Oct/2020 09:52:28] "GET /static/app/content/font-awesome.css HTTP/1.1" 200 30999
[14/Oct/2020 09:52:28] "GET /static/app/scripts/jquery.min.js HTTP/1.1" 200 84345
[14/Oct/2020 09:52:28] "GET /static/app/scripts/bootstrap.js HTTP/1.1" 200 59250
[14/Oct/2020 09:52:28] "GET /static/app/scripts/bootstrap.min.js HTTP/1.1" 200 28518
[14/Oct/2020 09:52:28] "GET /static/app/scripts/modernizr-2.6.2.js HTTP/1.1" 200 51395
[14/Oct/2020 09:52:28] "GET /static/app/content/bootstrap.min.css HTTP/1.1" 200 97949
[14/Oct/2020 09:52:28] "GET /static/app/scripts/jquery-1.10.2.js HTTP/1.1" 200 273990
Not Found: /favicon.ico
[14/Oct/2020 09:52:28] "GET /favicon.ico HTTP/1.1" 404 1762
[14/Oct/2020 09:53:17] "GET /newcompile/ HTTP/1.1" 200 17430
[14/Oct/2020 09:53:17] "GET /static/app/content/site.css HTTP/1.1" 200 10258
[14/Oct/2020 10:03:45] "GET /newcompile/ HTTP/1.1" 200 18157
[14/Oct/2020 10:03:45] "GET /static/app/content/site.css HTTP/1.1" 200 10280
[14/Oct/2020 10:04:13] "GET /newcompile/ HTTP/1.1" 200 18165
[14/Oct/2020 10:07:57] "GET /newcompile/ HTTP/1.1" 200 21525
[14/Oct/2020 10:07:57] "GET /static/app/content/site.css HTTP/1.1" 200 10373
[14/Oct/2020 10:11:03] "GET /newcompile/ HTTP/1.1" 200 21709
[14/Oct/2020 10:11:03] "GET /static/app/content/site.css HTTP/1.1" 200 10537
[14/Oct/2020 10:12:42] "GET /newcompile/ HTTP/1.1" 200 21675
[14/Oct/2020 10:12:42] "GET /static/app/content/site.css HTTP/1.1" 304 0
[14/Oct/2020 10:14:12] "GET /newcompile/ HTTP/1.1" 200 21675
[14/Oct/2020 10:14:12] "GET /static/app/content/site.css HTTP/1.1" 200 11166
[14/Oct/2020 10:17:13] "GET /newcompile/ HTTP/1.1" 200 21676
[14/Oct/2020 10:17:13] "GET /static/app/content/bootstrap.min.css HTTP/1.1" 200 97949
[14/Oct/2020 10:17:13] "GET /static/app/content/font-awesome.css HTTP/1.1" 200 30999
[14/Oct/2020 10:17:13] "GET /static/app/content/site.css HTTP/1.1" 200 11166
Not Found: /favicon.ico
[14/Oct/2020 10:17:13] "GET /favicon.ico HTTP/1.1" 404 1758
[14/Oct/2020 10:17:56] "GET /newcompile/ HTTP/1.1" 302 0
[14/Oct/2020 10:17:56] "GET /login/?next=/newcompile/ HTTP/1.1" 200 5110
[14/Oct/2020 10:17:56] "GET /static/app/content/bootstrap.min.css HTTP/1.1" 200 97949
[14/Oct/2020 10:17:56] "GET /static/app/content/site.css HTTP/1.1" 200 11166
[14/Oct/2020 10:17:56] "GET /static/app/content/font-awesome.css HTTP/1.1" 200 30999
[14/Oct/2020 10:17:56] "GET /static/app/scripts/jquery-1.10.2.js HTTP/1.1" 200 273990
[14/Oct/2020 10:17:56] "GET /static/app/scripts/respond.js HTTP/1.1" 200 10318
[14/Oct/2020 10:17:56] "GET /static/app/scripts/bootstrap.js HTTP/1.1" 200 59250
[14/Oct/2020 10:17:56] "GET /static/app/scripts/jquery.min.js HTTP/1.1" 200 84345
[14/Oct/2020 10:17:56] "GET /static/app/scripts/bootstrap.min.js HTTP/1.1" 200 28518
[14/Oct/2020 10:17:56] "GET /static/app/scripts/modernizr-2.6.2.js HTTP/1.1" 200 51395
Not Found: /favicon.ico
[14/Oct/2020 10:17:56] "GET /favicon.ico HTTP/1.1" 404 1758
[14/Oct/2020 10:28:41] "GET /newcompile/ HTTP/1.1" 200 21676
[14/Oct/2020 10:28:41] "GET /static/app/scripts/modernizr-2.6.2.js HTTP/1.1" 304 0
[14/Oct/2020 10:28:41] "GET /static/app/scripts/jquery.min.js HTTP/1.1" 304 0
[14/Oct/2020 10:28:41] "GET /static/app/scripts/bootstrap.js HTTP/1.1" 304 0
[14/Oct/2020 10:28:41] "GET /static/app/scripts/bootstrap.min.js HTTP/1.1" 304 0
[14/Oct/2020 10:28:41] "GET /static/app/scripts/respond.js HTTP/1.1" 304 0
[14/Oct/2020 10:28:41] "GET /static/app/content/site.css HTTP/1.1" 200 11166
[14/Oct/2020 10:28:41] "GET /static/app/scripts/jquery-1.10.2.js HTTP/1.1" 304 0
Not Found: /favicon.ico
[14/Oct/2020 10:28:41] "GET /favicon.ico HTTP/1.1" 404 1758
[14/Oct/2020 10:28:49] "GET /newcompile/ HTTP/1.1" 200 21676
[14/Oct/2020 10:28:49] "GET /static/app/scripts/modernizr-2.6.2.js HTTP/1.1" 304 0
[14/Oct/2020 10:28:49] "GET /static/app/scripts/jquery-1.10.2.js HTTP/1.1" 304 0
[14/Oct/2020 10:28:49] "GET /static/app/scripts/bootstrap.js HTTP/1.1" 304 0
[14/Oct/2020 10:28:49] "GET /static/app/scripts/jquery.min.js HTTP/1.1" 304 0
[14/Oct/2020 10:28:49] "GET /static/app/scripts/bootstrap.min.js HTTP/1.1" 304 0
[14/Oct/2020 10:28:49] "GET /static/app/scripts/respond.js HTTP/1.1" 304 0
Not Found: /favicon.ico
[14/Oct/2020 10:28:49] "GET /favicon.ico HTTP/1.1" 404 1758
[14/Oct/2020 10:29:27] "GET /newcompile/ HTTP/1.1" 200 21943
[14/Oct/2020 10:29:27] "GET /static/app/scripts/modernizr-2.6.2.js HTTP/1.1" 304 0
[14/Oct/2020 10:29:27] "GET /static/app/scripts/jquery-1.10.2.js HTTP/1.1" 304 0
[14/Oct/2020 10:29:27] "GET /static/app/scripts/bootstrap.min.js HTTP/1.1" 304 0
[14/Oct/2020 10:29:27] "GET /static/app/scripts/jquery.min.js HTTP/1.1" 304 0
[14/Oct/2020 10:29:27] "GET /static/app/scripts/bootstrap.js HTTP/1.1" 304 0
[14/Oct/2020 10:29:27] "GET /static/app/scripts/respond.js HTTP/1.1" 304 0
[14/Oct/2020 10:29:49] "GET /newcompile/ HTTP/1.1" 200 21946
[14/Oct/2020 10:29:49] "GET /static/app/scripts/bootstrap.js HTTP/1.1" 304 0
[14/Oct/2020 10:29:49] "GET /static/app/scripts/jquery-1.10.2.js HTTP/1.1" 304 0
[14/Oct/2020 10:29:49] "GET /static/app/scripts/modernizr-2.6.2.js HTTP/1.1" 304 0
[14/Oct/2020 10:29:49] "GET /static/app/scripts/bootstrap.min.js HTTP/1.1" 304 0
[14/Oct/2020 10:29:49] "GET /static/app/scripts/respond.js HTTP/1.1" 304 0
[14/Oct/2020 10:29:49] "GET /static/app/scripts/jquery.min.js HTTP/1.1" 304 0
Not Found: /favicon.ico
[14/Oct/2020 10:29:49] "GET /favicon.ico HTTP/1.1" 404 1758
[14/Oct/2020 10:32:00] "GET /newcompile/ HTTP/1.1" 302 0
[14/Oct/2020 10:32:00] "GET /login/?next=/newcompile/ HTTP/1.1" 200 5110
[14/Oct/2020 10:33:44] "GET /newcompile/ HTTP/1.1" 200 23619
[14/Oct/2020 10:33:44] "GET /static/app/content/site.css HTTP/1.1" 304 0
[14/Oct/2020 10:33:44] "GET /static/app/scripts/jquery-1.10.2.js HTTP/1.1" 304 0
[14/Oct/2020 10:33:44] "GET /static/app/scripts/bootstrap.min.js HTTP/1.1" 304 0
[14/Oct/2020 10:33:44] "GET /static/app/scripts/modernizr-2.6.2.js HTTP/1.1" 304 0
[14/Oct/2020 10:33:44] "GET /static/app/scripts/respond.js HTTP/1.1" 304 0
[14/Oct/2020 10:33:44] "GET /static/app/scripts/bootstrap.js HTTP/1.1" 304 0
[14/Oct/2020 10:33:44] "GET /static/app/scripts/jquery.min.js HTTP/1.1" 304 0
Internal Server Error: /newcompile/
Traceback (most recent call last):
  File "/home/aviox/virtualenvs/codeprove/lib/python3.6/site-packages/django/template/base.py", line 470, in parse
    compile_func = self.tags[command]
KeyError: 'endblock'

During handling of the above exception, another exception occurred:

Traceback (most recent call last):
  File "/home/aviox/virtualenvs/codeprove/lib/python3.6/site-packages/django/core/handlers/exception.py", line 47, in inner
    response = get_response(request)
  File "/home/aviox/virtualenvs/codeprove/lib/python3.6/site-packages/django/core/handlers/base.py", line 179, in _get_response
    response = wrapped_callback(request, *callback_args, **callback_kwargs)
  File "/home/aviox/virtualenvs/codeprove/lib/python3.6/site-packages/django/contrib/auth/decorators.py", line 21, in _wrapped_view
    return view_func(request, *args, **kwargs)
  File "/home/aviox/CodeProve/app/views.py", line 80, in newcompile
    context
  File "/home/aviox/virtualenvs/codeprove/lib/python3.6/site-packages/django/shortcuts.py", line 19, in render
    content = loader.render_to_string(template_name, context, request, using=using)
  File "/home/aviox/virtualenvs/codeprove/lib/python3.6/site-packages/django/template/loader.py", line 61, in render_to_string
    template = get_template(template_name, using=using)
  File "/home/aviox/virtualenvs/codeprove/lib/python3.6/site-packages/django/template/loader.py", line 15, in get_template
    return engine.get_template(template_name)
  File "/home/aviox/virtualenvs/codeprove/lib/python3.6/site-packages/django/template/backends/django.py", line 34, in get_template
    return Template(self.engine.get_template(template_name), self)
  File "/home/aviox/virtualenvs/codeprove/lib/python3.6/site-packages/django/template/engine.py", line 143, in get_template
    template, origin = self.find_template(template_name)
  File "/home/aviox/virtualenvs/codeprove/lib/python3.6/site-packages/django/template/engine.py", line 125, in find_template
    template = loader.get_template(name, skip=skip)
  File "/home/aviox/virtualenvs/codeprove/lib/python3.6/site-packages/django/template/loaders/base.py", line 30, in get_template
    contents, origin, origin.template_name, self.engine,
  File "/home/aviox/virtualenvs/codeprove/lib/python3.6/site-packages/django/template/base.py", line 155, in __init__
    self.nodelist = self.compile_nodelist()
  File "/home/aviox/virtualenvs/codeprove/lib/python3.6/site-packages/django/template/base.py", line 193, in compile_nodelist
    return parser.parse()
  File "/home/aviox/virtualenvs/codeprove/lib/python3.6/site-packages/django/template/base.py", line 478, in parse
    raise self.error(token, e)
  File "/home/aviox/virtualenvs/codeprove/lib/python3.6/site-packages/django/template/base.py", line 476, in parse
    compiled_result = compile_func(self, token)
  File "/home/aviox/virtualenvs/codeprove/lib/python3.6/site-packages/django/template/loader_tags.py", line 270, in do_extends
    nodelist = parser.parse()
  File "/home/aviox/virtualenvs/codeprove/lib/python3.6/site-packages/django/template/base.py", line 472, in parse
    self.invalid_block_tag(token, command, parse_until)
  File "/home/aviox/virtualenvs/codeprove/lib/python3.6/site-packages/django/template/base.py", line 534, in invalid_block_tag
    "or load this tag?" % (token.lineno, command)
django.template.exceptions.TemplateSyntaxError: Invalid block tag on line 290: 'endblock'. Did you forget to register or load this tag?
[14/Oct/2020 10:34:56] "GET /newcompile/ HTTP/1.1" 500 162432
[14/Oct/2020 10:35:12] "GET /newcompile/ HTTP/1.1" 200 25219
[14/Oct/2020 10:35:12] "GET /static/app/scripts/modernizr-2.6.2.js HTTP/1.1" 304 0
[14/Oct/2020 10:35:12] "GET /static/app/scripts/bootstrap.js HTTP/1.1" 304 0
[14/Oct/2020 10:35:12] "GET /static/app/scripts/respond.js HTTP/1.1" 304 0
[14/Oct/2020 10:35:12] "GET /static/app/scripts/jquery.min.js HTTP/1.1" 304 0
[14/Oct/2020 10:35:12] "GET /static/app/scripts/bootstrap.min.js HTTP/1.1" 304 0
[14/Oct/2020 10:35:12] "GET /static/app/scripts/jquery-1.10.2.js HTTP/1.1" 304 0
[14/Oct/2020 10:38:07] "GET /newcompile/ HTTP/1.1" 200 25219
[14/Oct/2020 10:38:07] "GET /static/app/content/site.css HTTP/1.1" 304 0
[14/Oct/2020 10:38:07] "GET /static/app/scripts/modernizr-2.6.2.js HTTP/1.1" 304 0
[14/Oct/2020 10:38:07] "GET /static/app/scripts/bootstrap.js HTTP/1.1" 304 0
[14/Oct/2020 10:38:07] "GET /static/app/scripts/jquery-1.10.2.js HTTP/1.1" 304 0
[14/Oct/2020 10:38:07] "GET /static/app/scripts/bootstrap.min.js HTTP/1.1" 304 0
[14/Oct/2020 10:38:07] "GET /static/app/scripts/jquery.min.js HTTP/1.1" 304 0
[14/Oct/2020 10:38:07] "GET /static/app/scripts/respond.js HTTP/1.1" 304 0
[14/Oct/2020 10:38:27] "GET /newcompile/ HTTP/1.1" 200 25219
[14/Oct/2020 10:38:27] "GET /static/app/content/font-awesome.css HTTP/1.1" 200 4096
Not Found: /newcompile/admin/
[14/Oct/2020 10:38:33] "GET /newcompile/admin/ HTTP/1.1" 404 1775
[14/Oct/2020 10:38:42] "GET /admin/ HTTP/1.1" 200 8080
[14/Oct/2020 10:38:43] "GET /static/admin/css/base.css HTTP/1.1" 200 16307
[14/Oct/2020 10:38:43] "GET /static/admin/css/dashboard.css HTTP/1.1" 200 380
[14/Oct/2020 10:38:43] "GET /static/admin/css/responsive.css HTTP/1.1" 200 18294
[14/Oct/2020 10:38:43] "GET /static/admin/css/nav_sidebar.css HTTP/1.1" 200 2138
[14/Oct/2020 10:38:43] "GET /static/admin/css/fonts.css HTTP/1.1" 200 423
[14/Oct/2020 10:38:43] "GET /static/admin/js/nav_sidebar.js HTTP/1.1" 304 0
[14/Oct/2020 10:38:43] "GET /static/admin/img/icon-addlink.svg HTTP/1.1" 200 331
[14/Oct/2020 10:38:43] "GET /static/admin/img/icon-changelink.svg HTTP/1.1" 200 380
[14/Oct/2020 10:38:43] "GET /static/admin/fonts/Roboto-Regular-webfont.woff HTTP/1.1" 200 85876
[14/Oct/2020 10:38:43] "GET /static/admin/fonts/Roboto-Light-webfont.woff HTTP/1.1" 200 85692
[14/Oct/2020 10:38:43] "GET /static/admin/fonts/Roboto-Bold-webfont.woff HTTP/1.1" 200 86184
[14/Oct/2020 10:38:44] "GET /admin/app/problem/ HTTP/1.1" 200 7114
[14/Oct/2020 10:38:44] "GET /static/admin/js/vendor/jquery/jquery.js HTTP/1.1" 304 0
[14/Oct/2020 10:38:45] "GET /static/admin/js/core.js HTTP/1.1" 304 0
[14/Oct/2020 10:38:45] "GET /static/admin/js/admin/RelatedObjectLookups.js HTTP/1.1" 304 0
[14/Oct/2020 10:38:45] "GET /static/admin/js/actions.js HTTP/1.1" 304 0
[14/Oct/2020 10:38:45] "GET /static/admin/js/urlify.js HTTP/1.1" 304 0
[14/Oct/2020 10:38:45] "GET /static/admin/js/prepopulate.js HTTP/1.1" 304 0
[14/Oct/2020 10:38:45] "GET /static/admin/js/vendor/xregexp/xregexp.js HTTP/1.1" 304 0
[14/Oct/2020 10:38:45] "GET /static/admin/js/jquery.init.js HTTP/1.1" 200 347
[14/Oct/2020 10:38:45] "GET /static/admin/css/changelists.css HTTP/1.1" 200 6263
[14/Oct/2020 10:38:45] "GET /admin/jsi18n/ HTTP/1.1" 200 3187
[14/Oct/2020 10:38:45] "GET /static/admin/img/tooltag-add.svg HTTP/1.1" 200 331
[14/Oct/2020 10:38:46] "GET /admin/app/problem/3/change/ HTTP/1.1" 200 7400
[14/Oct/2020 10:38:47] "GET /admin/jsi18n/ HTTP/1.1" 200 3187
[14/Oct/2020 10:38:47] "GET /static/admin/css/forms.css HTTP/1.1" 200 8423
[14/Oct/2020 10:38:47] "GET /static/admin/js/change_form.js HTTP/1.1" 200 606
[14/Oct/2020 10:38:47] "GET /static/admin/js/prepopulate_init.js HTTP/1.1" 200 492
[14/Oct/2020 10:38:47] "GET /static/admin/css/widgets.css HTTP/1.1" 200 10592
[14/Oct/2020 10:38:54] "GET /admin/app/problem/ HTTP/1.1" 200 7114
[14/Oct/2020 10:39:00] "GET /admin/app/problem/1/change/ HTTP/1.1" 200 7135
[14/Oct/2020 10:39:00] "GET /admin/jsi18n/ HTTP/1.1" 200 3187
[14/Oct/2020 10:39:07] "POST /admin/app/problem/1/change/ HTTP/1.1" 302 0
[14/Oct/2020 10:39:08] "GET /admin/app/problem/ HTTP/1.1" 200 7313
[14/Oct/2020 10:39:08] "GET /admin/jsi18n/ HTTP/1.1" 200 3187
[14/Oct/2020 10:39:08] "GET /static/admin/img/icon-yes.svg HTTP/1.1" 200 436
[14/Oct/2020 10:39:14] "GET /newcompile/ HTTP/1.1" 200 25218
[14/Oct/2020 10:39:14] "GET /static/app/scripts/modernizr-2.6.2.js HTTP/1.1" 304 0
[14/Oct/2020 10:39:14] "GET /static/app/scripts/jquery-1.10.2.js HTTP/1.1" 304 0
[14/Oct/2020 10:39:14] "GET /static/app/scripts/bootstrap.min.js HTTP/1.1" 304 0
[14/Oct/2020 10:39:14] "GET /static/app/scripts/bootstrap.js HTTP/1.1" 304 0
[14/Oct/2020 10:39:14] "GET /static/app/scripts/respond.js HTTP/1.1" 304 0
[14/Oct/2020 10:39:14] "GET /static/app/scripts/jquery.min.js HTTP/1.1" 304 0
[14/Oct/2020 10:39:31] "GET /newcompile/ HTTP/1.1" 200 25219
[14/Oct/2020 10:39:31] "GET /static/app/scripts/modernizr-2.6.2.js HTTP/1.1" 304 0
[14/Oct/2020 10:39:31] "GET /static/app/scripts/jquery-1.10.2.js HTTP/1.1" 304 0
[14/Oct/2020 10:39:31] "GET /static/app/scripts/jquery.min.js HTTP/1.1" 304 0
[14/Oct/2020 10:39:31] "GET /static/app/scripts/respond.js HTTP/1.1" 304 0
[14/Oct/2020 10:39:31] "GET /static/app/scripts/bootstrap.js HTTP/1.1" 304 0
[14/Oct/2020 10:39:31] "GET /static/app/scripts/bootstrap.min.js HTTP/1.1" 304 0
[14/Oct/2020 10:39:48] "GET /newcompile/ HTTP/1.1" 200 25218
[14/Oct/2020 10:39:48] "GET /static/app/scripts/modernizr-2.6.2.js HTTP/1.1" 304 0
[14/Oct/2020 10:39:48] "GET /static/app/scripts/respond.js HTTP/1.1" 304 0
[14/Oct/2020 10:39:48] "GET /static/app/scripts/jquery.min.js HTTP/1.1" 304 0
[14/Oct/2020 10:39:48] "GET /static/app/scripts/bootstrap.min.js HTTP/1.1" 304 0
[14/Oct/2020 10:39:48] "GET /static/app/scripts/bootstrap.js HTTP/1.1" 304 0
[14/Oct/2020 10:39:48] "GET /static/app/scripts/jquery-1.10.2.js HTTP/1.1" 304 0
[14/Oct/2020 10:40:22] "GET /newcompile/ HTTP/1.1" 200 25229
[14/Oct/2020 10:40:22] "GET /static/app/scripts/modernizr-2.6.2.js HTTP/1.1" 304 0
[14/Oct/2020 10:40:22] "GET /static/app/scripts/jquery-1.10.2.js HTTP/1.1" 304 0
[14/Oct/2020 10:40:22] "GET /static/app/scripts/bootstrap.js HTTP/1.1" 304 0
[14/Oct/2020 10:40:22] "GET /static/app/scripts/respond.js HTTP/1.1" 304 0
[14/Oct/2020 10:40:22] "GET /static/app/scripts/jquery.min.js HTTP/1.1" 304 0
[14/Oct/2020 10:40:22] "GET /static/app/scripts/bootstrap.min.js HTTP/1.1" 304 0
[14/Oct/2020 10:40:56] "GET /newcompile/ HTTP/1.1" 200 25229
[14/Oct/2020 10:40:56] "GET /static/app/scripts/jquery-1.10.2.js HTTP/1.1" 304 0
[14/Oct/2020 10:40:56] "GET /static/app/scripts/bootstrap.js HTTP/1.1" 304 0
[14/Oct/2020 10:40:56] "GET /static/app/content/site.css HTTP/1.1" 200 11166
[14/Oct/2020 10:40:56] "GET /static/app/scripts/respond.js HTTP/1.1" 304 0
[14/Oct/2020 10:40:56] "GET /static/app/scripts/bootstrap.min.js HTTP/1.1" 304 0
[14/Oct/2020 10:40:56] "GET /static/app/scripts/jquery.min.js HTTP/1.1" 304 0
[14/Oct/2020 10:40:56] "GET /static/app/scripts/modernizr-2.6.2.js HTTP/1.1" 304 0
[14/Oct/2020 10:41:33] "GET /newcompile/ HTTP/1.1" 200 25236
[14/Oct/2020 10:41:33] "GET /static/app/scripts/modernizr-2.6.2.js HTTP/1.1" 304 0
[14/Oct/2020 10:41:33] "GET /static/app/scripts/jquery-1.10.2.js HTTP/1.1" 304 0
[14/Oct/2020 10:41:33] "GET /static/app/scripts/bootstrap.js HTTP/1.1" 304 0
[14/Oct/2020 10:41:33] "GET /static/app/scripts/jquery.min.js HTTP/1.1" 304 0
[14/Oct/2020 10:41:33] "GET /static/app/scripts/respond.js HTTP/1.1" 304 0
[14/Oct/2020 10:41:33] "GET /static/app/scripts/bootstrap.min.js HTTP/1.1" 304 0
[14/Oct/2020 10:41:52] "GET /newcompile/ HTTP/1.1" 200 25236
[14/Oct/2020 10:41:52] "GET /static/app/scripts/modernizr-2.6.2.js HTTP/1.1" 304 0
[14/Oct/2020 10:41:52] "GET /static/app/scripts/jquery-1.10.2.js HTTP/1.1" 304 0
[14/Oct/2020 10:41:52] "GET /static/app/scripts/bootstrap.js HTTP/1.1" 304 0
[14/Oct/2020 10:41:52] "GET /static/app/scripts/respond.js HTTP/1.1" 304 0
[14/Oct/2020 10:41:52] "GET /static/app/scripts/bootstrap.min.js HTTP/1.1" 304 0
[14/Oct/2020 10:41:52] "GET /static/app/scripts/jquery.min.js HTTP/1.1" 304 0
[14/Oct/2020 10:42:32] "GET /admin/app/problem/1/change/ HTTP/1.1" 200 7400
[14/Oct/2020 10:42:32] "GET /admin/jsi18n/ HTTP/1.1" 200 3187
[14/Oct/2020 10:42:43] "GET /newcompile/ HTTP/1.1" 200 25236
[14/Oct/2020 10:42:43] "GET /static/app/scripts/modernizr-2.6.2.js HTTP/1.1" 304 0
[14/Oct/2020 10:42:43] "GET /static/app/scripts/jquery-1.10.2.js HTTP/1.1" 304 0
[14/Oct/2020 10:42:43] "GET /static/app/scripts/bootstrap.js HTTP/1.1" 304 0
[14/Oct/2020 10:42:43] "GET /static/app/scripts/respond.js HTTP/1.1" 304 0
[14/Oct/2020 10:42:43] "GET /static/app/scripts/jquery.min.js HTTP/1.1" 304 0
[14/Oct/2020 10:42:43] "GET /static/app/scripts/bootstrap.min.js HTTP/1.1" 304 0
[14/Oct/2020 10:43:47] "GET /newcompile/ HTTP/1.1" 200 24823
[14/Oct/2020 10:43:47] "GET /static/app/scripts/bootstrap.js HTTP/1.1" 304 0
[14/Oct/2020 10:43:47] "GET /static/app/content/site.css HTTP/1.1" 304 0
[14/Oct/2020 10:43:47] "GET /static/app/scripts/jquery-1.10.2.js HTTP/1.1" 304 0
[14/Oct/2020 10:43:47] "GET /static/app/scripts/bootstrap.min.js HTTP/1.1" 304 0
[14/Oct/2020 10:43:47] "GET /static/app/scripts/modernizr-2.6.2.js HTTP/1.1" 304 0
[14/Oct/2020 10:43:47] "GET /static/app/scripts/jquery.min.js HTTP/1.1" 304 0
[14/Oct/2020 10:43:47] "GET /static/app/scripts/respond.js HTTP/1.1" 304 0
[14/Oct/2020 10:44:03] "GET /newcompile/ HTTP/1.1" 200 25098
[14/Oct/2020 10:44:03] "GET /static/app/scripts/modernizr-2.6.2.js HTTP/1.1" 304 0
[14/Oct/2020 10:44:03] "GET /static/app/scripts/bootstrap.js HTTP/1.1" 304 0
[14/Oct/2020 10:44:03] "GET /static/app/scripts/jquery-1.10.2.js HTTP/1.1" 304 0
[14/Oct/2020 10:44:03] "GET /static/app/scripts/bootstrap.min.js HTTP/1.1" 304 0
[14/Oct/2020 10:44:03] "GET /static/app/scripts/jquery.min.js HTTP/1.1" 304 0
[14/Oct/2020 10:44:03] "GET /static/app/scripts/respond.js HTTP/1.1" 304 0
[14/Oct/2020 10:44:35] "GET /newcompile/ HTTP/1.1" 200 25098
[14/Oct/2020 10:44:35] "GET /static/app/scripts/modernizr-2.6.2.js HTTP/1.1" 304 0
[14/Oct/2020 10:44:35] "GET /static/app/scripts/jquery-1.10.2.js HTTP/1.1" 304 0
[14/Oct/2020 10:44:35] "GET /static/app/scripts/bootstrap.min.js HTTP/1.1" 304 0
[14/Oct/2020 10:44:35] "GET /static/app/scripts/respond.js HTTP/1.1" 304 0
[14/Oct/2020 10:44:35] "GET /static/app/scripts/bootstrap.js HTTP/1.1" 304 0
[14/Oct/2020 10:44:35] "GET /static/app/scripts/jquery.min.js HTTP/1.1" 304 0
[14/Oct/2020 10:46:40] "GET /admin/app/problem/ HTTP/1.1" 200 7113
Internal Server Error: /newcompile/
Traceback (most recent call last):
  File "/home/aviox/virtualenvs/codeprove/lib/python3.6/site-packages/django/template/base.py", line 470, in parse
    compile_func = self.tags[command]
KeyError: 'endblock'

During handling of the above exception, another exception occurred:

Traceback (most recent call last):
  File "/home/aviox/virtualenvs/codeprove/lib/python3.6/site-packages/django/core/handlers/exception.py", line 47, in inner
    response = get_response(request)
  File "/home/aviox/virtualenvs/codeprove/lib/python3.6/site-packages/django/core/handlers/base.py", line 179, in _get_response
    response = wrapped_callback(request, *callback_args, **callback_kwargs)
  File "/home/aviox/virtualenvs/codeprove/lib/python3.6/site-packages/django/contrib/auth/decorators.py", line 21, in _wrapped_view
    return view_func(request, *args, **kwargs)
  File "/home/aviox/CodeProve/app/views.py", line 80, in newcompile
    context
  File "/home/aviox/virtualenvs/codeprove/lib/python3.6/site-packages/django/shortcuts.py", line 19, in render
    content = loader.render_to_string(template_name, context, request, using=using)
  File "/home/aviox/virtualenvs/codeprove/lib/python3.6/site-packages/django/template/loader.py", line 61, in render_to_string
    template = get_template(template_name, using=using)
  File "/home/aviox/virtualenvs/codeprove/lib/python3.6/site-packages/django/template/loader.py", line 15, in get_template
    return engine.get_template(template_name)
  File "/home/aviox/virtualenvs/codeprove/lib/python3.6/site-packages/django/template/backends/django.py", line 34, in get_template
    return Template(self.engine.get_template(template_name), self)
  File "/home/aviox/virtualenvs/codeprove/lib/python3.6/site-packages/django/template/engine.py", line 143, in get_template
    template, origin = self.find_template(template_name)
  File "/home/aviox/virtualenvs/codeprove/lib/python3.6/site-packages/django/template/engine.py", line 125, in find_template
    template = loader.get_template(name, skip=skip)
  File "/home/aviox/virtualenvs/codeprove/lib/python3.6/site-packages/django/template/loaders/base.py", line 30, in get_template
    contents, origin, origin.template_name, self.engine,
  File "/home/aviox/virtualenvs/codeprove/lib/python3.6/site-packages/django/template/base.py", line 155, in __init__
    self.nodelist = self.compile_nodelist()
  File "/home/aviox/virtualenvs/codeprove/lib/python3.6/site-packages/django/template/base.py", line 193, in compile_nodelist
    return parser.parse()
  File "/home/aviox/virtualenvs/codeprove/lib/python3.6/site-packages/django/template/base.py", line 478, in parse
    raise self.error(token, e)
  File "/home/aviox/virtualenvs/codeprove/lib/python3.6/site-packages/django/template/base.py", line 476, in parse
    compiled_result = compile_func(self, token)
  File "/home/aviox/virtualenvs/codeprove/lib/python3.6/site-packages/django/template/loader_tags.py", line 270, in do_extends
    nodelist = parser.parse()
  File "/home/aviox/virtualenvs/codeprove/lib/python3.6/site-packages/django/template/base.py", line 478, in parse
    raise self.error(token, e)
  File "/home/aviox/virtualenvs/codeprove/lib/python3.6/site-packages/django/template/base.py", line 476, in parse
    compiled_result = compile_func(self, token)
  File "/home/aviox/virtualenvs/codeprove/lib/python3.6/site-packages/django/template/loader_tags.py", line 213, in do_block
    nodelist = parser.parse(('endblock',))
  File "/home/aviox/virtualenvs/codeprove/lib/python3.6/site-packages/django/template/base.py", line 478, in parse
    raise self.error(token, e)
  File "/home/aviox/virtualenvs/codeprove/lib/python3.6/site-packages/django/template/base.py", line 476, in parse
    compiled_result = compile_func(self, token)
  File "/home/aviox/virtualenvs/codeprove/lib/python3.6/site-packages/django/template/defaulttags.py", line 814, in do_for
    nodelist_loop = parser.parse(('empty', 'endfor',))
  File "/home/aviox/virtualenvs/codeprove/lib/python3.6/site-packages/django/template/base.py", line 472, in parse
    self.invalid_block_tag(token, command, parse_until)
  File "/home/aviox/virtualenvs/codeprove/lib/python3.6/site-packages/django/template/base.py", line 528, in invalid_block_tag
    get_text_list(["'%s'" % p for p in parse_until], 'or'),
django.template.exceptions.TemplateSyntaxError: Invalid block tag on line 281: 'endblock', expected 'empty' or 'endfor'. Did you forget to register or load this tag?
[14/Oct/2020 10:47:00] "GET /newcompile/ HTTP/1.1" 500 194910
[14/Oct/2020 10:47:45] "GET /newcompile/ HTTP/1.1" 200 24861
[14/Oct/2020 10:47:45] "GET /static/app/content/site.css HTTP/1.1" 304 0
[14/Oct/2020 10:47:45] "GET /static/app/scripts/modernizr-2.6.2.js HTTP/1.1" 304 0
[14/Oct/2020 10:47:45] "GET /static/app/scripts/jquery-1.10.2.js HTTP/1.1" 304 0
[14/Oct/2020 10:47:45] "GET /static/app/scripts/bootstrap.min.js HTTP/1.1" 304 0
[14/Oct/2020 10:47:45] "GET /static/app/scripts/bootstrap.js HTTP/1.1" 304 0
[14/Oct/2020 10:47:45] "GET /static/app/scripts/jquery.min.js HTTP/1.1" 304 0
[14/Oct/2020 10:47:45] "GET /static/app/scripts/respond.js HTTP/1.1" 304 0
[14/Oct/2020 10:47:55] "GET /admin/app/example/ HTTP/1.1" 200 7322
[14/Oct/2020 10:47:55] "GET /admin/jsi18n/ HTTP/1.1" 200 3187
[14/Oct/2020 10:47:57] "GET /admin/app/example/3/change/ HTTP/1.1" 200 8806
[14/Oct/2020 10:47:57] "GET /admin/jsi18n/ HTTP/1.1" 200 3187
[14/Oct/2020 10:48:11] "GET /admin/app/example/ HTTP/1.1" 200 7322
[14/Oct/2020 10:48:12] "GET /admin/app/example/1/change/ HTTP/1.1" 200 8798
[14/Oct/2020 10:48:13] "GET /admin/jsi18n/ HTTP/1.1" 200 3187
[14/Oct/2020 10:48:57] "GET /newcompile/ HTTP/1.1" 200 24873
[14/Oct/2020 10:48:57] "GET /static/app/scripts/modernizr-2.6.2.js HTTP/1.1" 304 0
[14/Oct/2020 10:48:57] "GET /static/app/scripts/jquery-1.10.2.js HTTP/1.1" 304 0
[14/Oct/2020 10:48:57] "GET /static/app/scripts/bootstrap.js HTTP/1.1" 304 0
[14/Oct/2020 10:48:57] "GET /static/app/scripts/jquery.min.js HTTP/1.1" 304 0
[14/Oct/2020 10:48:57] "GET /static/app/scripts/respond.js HTTP/1.1" 304 0
[14/Oct/2020 10:48:57] "GET /static/app/scripts/bootstrap.min.js HTTP/1.1" 304 0
[14/Oct/2020 10:49:18] "GET /newcompile/ HTTP/1.1" 200 24873
[14/Oct/2020 10:49:18] "GET /static/app/scripts/modernizr-2.6.2.js HTTP/1.1" 304 0
[14/Oct/2020 10:49:18] "GET /static/app/scripts/jquery.min.js HTTP/1.1" 304 0
[14/Oct/2020 10:49:18] "GET /static/app/scripts/jquery-1.10.2.js HTTP/1.1" 304 0
[14/Oct/2020 10:49:18] "GET /static/app/scripts/respond.js HTTP/1.1" 304 0
[14/Oct/2020 10:49:18] "GET /static/app/scripts/bootstrap.js HTTP/1.1" 304 0
[14/Oct/2020 10:49:18] "GET /static/app/scripts/bootstrap.min.js HTTP/1.1" 304 0
Internal Server Error: /newcompile/
Traceback (most recent call last):
  File "/home/aviox/virtualenvs/codeprove/lib/python3.6/site-packages/django/template/base.py", line 470, in parse
    compile_func = self.tags[command]
KeyError: 'endblock'

During handling of the above exception, another exception occurred:

Traceback (most recent call last):
  File "/home/aviox/virtualenvs/codeprove/lib/python3.6/site-packages/django/core/handlers/exception.py", line 47, in inner
    response = get_response(request)
  File "/home/aviox/virtualenvs/codeprove/lib/python3.6/site-packages/django/core/handlers/base.py", line 179, in _get_response
    response = wrapped_callback(request, *callback_args, **callback_kwargs)
  File "/home/aviox/virtualenvs/codeprove/lib/python3.6/site-packages/django/contrib/auth/decorators.py", line 21, in _wrapped_view
    return view_func(request, *args, **kwargs)
  File "/home/aviox/CodeProve/app/views.py", line 80, in newcompile
    context
  File "/home/aviox/virtualenvs/codeprove/lib/python3.6/site-packages/django/shortcuts.py", line 19, in render
    content = loader.render_to_string(template_name, context, request, using=using)
  File "/home/aviox/virtualenvs/codeprove/lib/python3.6/site-packages/django/template/loader.py", line 61, in render_to_string
    template = get_template(template_name, using=using)
  File "/home/aviox/virtualenvs/codeprove/lib/python3.6/site-packages/django/template/loader.py", line 15, in get_template
    return engine.get_template(template_name)
  File "/home/aviox/virtualenvs/codeprove/lib/python3.6/site-packages/django/template/backends/django.py", line 34, in get_template
    return Template(self.engine.get_template(template_name), self)
  File "/home/aviox/virtualenvs/codeprove/lib/python3.6/site-packages/django/template/engine.py", line 143, in get_template
    template, origin = self.find_template(template_name)
  File "/home/aviox/virtualenvs/codeprove/lib/python3.6/site-packages/django/template/engine.py", line 125, in find_template
    template = loader.get_template(name, skip=skip)
  File "/home/aviox/virtualenvs/codeprove/lib/python3.6/site-packages/django/template/loaders/base.py", line 30, in get_template
    contents, origin, origin.template_name, self.engine,
  File "/home/aviox/virtualenvs/codeprove/lib/python3.6/site-packages/django/template/base.py", line 155, in __init__
    self.nodelist = self.compile_nodelist()
  File "/home/aviox/virtualenvs/codeprove/lib/python3.6/site-packages/django/template/base.py", line 193, in compile_nodelist
    return parser.parse()
  File "/home/aviox/virtualenvs/codeprove/lib/python3.6/site-packages/django/template/base.py", line 478, in parse
    raise self.error(token, e)
  File "/home/aviox/virtualenvs/codeprove/lib/python3.6/site-packages/django/template/base.py", line 476, in parse
    compiled_result = compile_func(self, token)
  File "/home/aviox/virtualenvs/codeprove/lib/python3.6/site-packages/django/template/loader_tags.py", line 270, in do_extends
    nodelist = parser.parse()
  File "/home/aviox/virtualenvs/codeprove/lib/python3.6/site-packages/django/template/base.py", line 478, in parse
    raise self.error(token, e)
  File "/home/aviox/virtualenvs/codeprove/lib/python3.6/site-packages/django/template/base.py", line 476, in parse
    compiled_result = compile_func(self, token)
  File "/home/aviox/virtualenvs/codeprove/lib/python3.6/site-packages/django/template/loader_tags.py", line 213, in do_block
    nodelist = parser.parse(('endblock',))
  File "/home/aviox/virtualenvs/codeprove/lib/python3.6/site-packages/django/template/base.py", line 478, in parse
    raise self.error(token, e)
  File "/home/aviox/virtualenvs/codeprove/lib/python3.6/site-packages/django/template/base.py", line 476, in parse
    compiled_result = compile_func(self, token)
  File "/home/aviox/virtualenvs/codeprove/lib/python3.6/site-packages/django/template/defaulttags.py", line 814, in do_for
    nodelist_loop = parser.parse(('empty', 'endfor',))
  File "/home/aviox/virtualenvs/codeprove/lib/python3.6/site-packages/django/template/base.py", line 472, in parse
    self.invalid_block_tag(token, command, parse_until)
  File "/home/aviox/virtualenvs/codeprove/lib/python3.6/site-packages/django/template/base.py", line 528, in invalid_block_tag
    get_text_list(["'%s'" % p for p in parse_until], 'or'),
django.template.exceptions.TemplateSyntaxError: Invalid block tag on line 258: 'endblock', expected 'empty' or 'endfor'. Did you forget to register or load this tag?
[14/Oct/2020 10:51:06] "GET /newcompile/ HTTP/1.1" 500 195543
[14/Oct/2020 10:51:41] "GET /newcompile/ HTTP/1.1" 200 22797
[14/Oct/2020 10:51:41] "GET /static/app/content/site.css HTTP/1.1" 304 0
[14/Oct/2020 10:51:41] "GET /static/app/scripts/jquery-1.10.2.js HTTP/1.1" 304 0
[14/Oct/2020 10:51:41] "GET /static/app/scripts/modernizr-2.6.2.js HTTP/1.1" 304 0
[14/Oct/2020 10:51:41] "GET /static/app/scripts/bootstrap.js HTTP/1.1" 304 0
[14/Oct/2020 10:51:41] "GET /static/app/scripts/bootstrap.min.js HTTP/1.1" 304 0
[14/Oct/2020 10:51:41] "GET /static/app/scripts/jquery.min.js HTTP/1.1" 304 0
[14/Oct/2020 10:51:41] "GET /static/app/scripts/respond.js HTTP/1.1" 304 0
Internal Server Error: /newcompile/
Traceback (most recent call last):
  File "/home/aviox/virtualenvs/codeprove/lib/python3.6/site-packages/django/template/base.py", line 470, in parse
    compile_func = self.tags[command]
KeyError: 'endblock'

During handling of the above exception, another exception occurred:

Traceback (most recent call last):
  File "/home/aviox/virtualenvs/codeprove/lib/python3.6/site-packages/django/core/handlers/exception.py", line 47, in inner
    response = get_response(request)
  File "/home/aviox/virtualenvs/codeprove/lib/python3.6/site-packages/django/core/handlers/base.py", line 179, in _get_response
    response = wrapped_callback(request, *callback_args, **callback_kwargs)
  File "/home/aviox/virtualenvs/codeprove/lib/python3.6/site-packages/django/contrib/auth/decorators.py", line 21, in _wrapped_view
    return view_func(request, *args, **kwargs)
  File "/home/aviox/CodeProve/app/views.py", line 80, in newcompile
    context
  File "/home/aviox/virtualenvs/codeprove/lib/python3.6/site-packages/django/shortcuts.py", line 19, in render
    content = loader.render_to_string(template_name, context, request, using=using)
  File "/home/aviox/virtualenvs/codeprove/lib/python3.6/site-packages/django/template/loader.py", line 61, in render_to_string
    template = get_template(template_name, using=using)
  File "/home/aviox/virtualenvs/codeprove/lib/python3.6/site-packages/django/template/loader.py", line 15, in get_template
    return engine.get_template(template_name)
  File "/home/aviox/virtualenvs/codeprove/lib/python3.6/site-packages/django/template/backends/django.py", line 34, in get_template
    return Template(self.engine.get_template(template_name), self)
  File "/home/aviox/virtualenvs/codeprove/lib/python3.6/site-packages/django/template/engine.py", line 143, in get_template
    template, origin = self.find_template(template_name)
  File "/home/aviox/virtualenvs/codeprove/lib/python3.6/site-packages/django/template/engine.py", line 125, in find_template
    template = loader.get_template(name, skip=skip)
  File "/home/aviox/virtualenvs/codeprove/lib/python3.6/site-packages/django/template/loaders/base.py", line 30, in get_template
    contents, origin, origin.template_name, self.engine,
  File "/home/aviox/virtualenvs/codeprove/lib/python3.6/site-packages/django/template/base.py", line 155, in __init__
    self.nodelist = self.compile_nodelist()
  File "/home/aviox/virtualenvs/codeprove/lib/python3.6/site-packages/django/template/base.py", line 193, in compile_nodelist
    return parser.parse()
  File "/home/aviox/virtualenvs/codeprove/lib/python3.6/site-packages/django/template/base.py", line 478, in parse
    raise self.error(token, e)
  File "/home/aviox/virtualenvs/codeprove/lib/python3.6/site-packages/django/template/base.py", line 476, in parse
    compiled_result = compile_func(self, token)
  File "/home/aviox/virtualenvs/codeprove/lib/python3.6/site-packages/django/template/loader_tags.py", line 270, in do_extends
    nodelist = parser.parse()
  File "/home/aviox/virtualenvs/codeprove/lib/python3.6/site-packages/django/template/base.py", line 478, in parse
    raise self.error(token, e)
  File "/home/aviox/virtualenvs/codeprove/lib/python3.6/site-packages/django/template/base.py", line 476, in parse
    compiled_result = compile_func(self, token)
  File "/home/aviox/virtualenvs/codeprove/lib/python3.6/site-packages/django/template/loader_tags.py", line 213, in do_block
    nodelist = parser.parse(('endblock',))
  File "/home/aviox/virtualenvs/codeprove/lib/python3.6/site-packages/django/template/base.py", line 478, in parse
    raise self.error(token, e)
  File "/home/aviox/virtualenvs/codeprove/lib/python3.6/site-packages/django/template/base.py", line 476, in parse
    compiled_result = compile_func(self, token)
  File "/home/aviox/virtualenvs/codeprove/lib/python3.6/site-packages/django/template/defaulttags.py", line 814, in do_for
    nodelist_loop = parser.parse(('empty', 'endfor',))
  File "/home/aviox/virtualenvs/codeprove/lib/python3.6/site-packages/django/template/base.py", line 472, in parse
    self.invalid_block_tag(token, command, parse_until)
  File "/home/aviox/virtualenvs/codeprove/lib/python3.6/site-packages/django/template/base.py", line 528, in invalid_block_tag
    get_text_list(["'%s'" % p for p in parse_until], 'or'),
django.template.exceptions.TemplateSyntaxError: Invalid block tag on line 257: 'endblock', expected 'empty' or 'endfor'. Did you forget to register or load this tag?
[14/Oct/2020 10:52:34] "GET /newcompile/ HTTP/1.1" 500 195543
Internal Server Error: /newcompile/
Traceback (most recent call last):
  File "/home/aviox/virtualenvs/codeprove/lib/python3.6/site-packages/django/template/base.py", line 470, in parse
    compile_func = self.tags[command]
KeyError: 'endblock'

During handling of the above exception, another exception occurred:

Traceback (most recent call last):
  File "/home/aviox/virtualenvs/codeprove/lib/python3.6/site-packages/django/core/handlers/exception.py", line 47, in inner
    response = get_response(request)
  File "/home/aviox/virtualenvs/codeprove/lib/python3.6/site-packages/django/core/handlers/base.py", line 179, in _get_response
    response = wrapped_callback(request, *callback_args, **callback_kwargs)
  File "/home/aviox/virtualenvs/codeprove/lib/python3.6/site-packages/django/contrib/auth/decorators.py", line 21, in _wrapped_view
    return view_func(request, *args, **kwargs)
  File "/home/aviox/CodeProve/app/views.py", line 80, in newcompile
    context
  File "/home/aviox/virtualenvs/codeprove/lib/python3.6/site-packages/django/shortcuts.py", line 19, in render
    content = loader.render_to_string(template_name, context, request, using=using)
  File "/home/aviox/virtualenvs/codeprove/lib/python3.6/site-packages/django/template/loader.py", line 61, in render_to_string
    template = get_template(template_name, using=using)
  File "/home/aviox/virtualenvs/codeprove/lib/python3.6/site-packages/django/template/loader.py", line 15, in get_template
    return engine.get_template(template_name)
  File "/home/aviox/virtualenvs/codeprove/lib/python3.6/site-packages/django/template/backends/django.py", line 34, in get_template
    return Template(self.engine.get_template(template_name), self)
  File "/home/aviox/virtualenvs/codeprove/lib/python3.6/site-packages/django/template/engine.py", line 143, in get_template
    template, origin = self.find_template(template_name)
  File "/home/aviox/virtualenvs/codeprove/lib/python3.6/site-packages/django/template/engine.py", line 125, in find_template
    template = loader.get_template(name, skip=skip)
  File "/home/aviox/virtualenvs/codeprove/lib/python3.6/site-packages/django/template/loaders/base.py", line 30, in get_template
    contents, origin, origin.template_name, self.engine,
  File "/home/aviox/virtualenvs/codeprove/lib/python3.6/site-packages/django/template/base.py", line 155, in __init__
    self.nodelist = self.compile_nodelist()
  File "/home/aviox/virtualenvs/codeprove/lib/python3.6/site-packages/django/template/base.py", line 193, in compile_nodelist
    return parser.parse()
  File "/home/aviox/virtualenvs/codeprove/lib/python3.6/site-packages/django/template/base.py", line 478, in parse
    raise self.error(token, e)
  File "/home/aviox/virtualenvs/codeprove/lib/python3.6/site-packages/django/template/base.py", line 476, in parse
    compiled_result = compile_func(self, token)
  File "/home/aviox/virtualenvs/codeprove/lib/python3.6/site-packages/django/template/loader_tags.py", line 270, in do_extends
    nodelist = parser.parse()
  File "/home/aviox/virtualenvs/codeprove/lib/python3.6/site-packages/django/template/base.py", line 478, in parse
    raise self.error(token, e)
  File "/home/aviox/virtualenvs/codeprove/lib/python3.6/site-packages/django/template/base.py", line 476, in parse
    compiled_result = compile_func(self, token)
  File "/home/aviox/virtualenvs/codeprove/lib/python3.6/site-packages/django/template/loader_tags.py", line 213, in do_block
    nodelist = parser.parse(('endblock',))
  File "/home/aviox/virtualenvs/codeprove/lib/python3.6/site-packages/django/template/base.py", line 478, in parse
    raise self.error(token, e)
  File "/home/aviox/virtualenvs/codeprove/lib/python3.6/site-packages/django/template/base.py", line 476, in parse
    compiled_result = compile_func(self, token)
  File "/home/aviox/virtualenvs/codeprove/lib/python3.6/site-packages/django/template/defaulttags.py", line 814, in do_for
    nodelist_loop = parser.parse(('empty', 'endfor',))
  File "/home/aviox/virtualenvs/codeprove/lib/python3.6/site-packages/django/template/base.py", line 472, in parse
    self.invalid_block_tag(token, command, parse_until)
  File "/home/aviox/virtualenvs/codeprove/lib/python3.6/site-packages/django/template/base.py", line 528, in invalid_block_tag
    get_text_list(["'%s'" % p for p in parse_until], 'or'),
django.template.exceptions.TemplateSyntaxError: Invalid block tag on line 257: 'endblock', expected 'empty' or 'endfor'. Did you forget to register or load this tag?
[14/Oct/2020 10:52:58] "GET /newcompile/ HTTP/1.1" 500 195543
Internal Server Error: /newcompile/
Traceback (most recent call last):
  File "/home/aviox/virtualenvs/codeprove/lib/python3.6/site-packages/django/template/base.py", line 470, in parse
    compile_func = self.tags[command]
KeyError: 'endblock'

During handling of the above exception, another exception occurred:

Traceback (most recent call last):
  File "/home/aviox/virtualenvs/codeprove/lib/python3.6/site-packages/django/core/handlers/exception.py", line 47, in inner
    response = get_response(request)
  File "/home/aviox/virtualenvs/codeprove/lib/python3.6/site-packages/django/core/handlers/base.py", line 179, in _get_response
    response = wrapped_callback(request, *callback_args, **callback_kwargs)
  File "/home/aviox/virtualenvs/codeprove/lib/python3.6/site-packages/django/contrib/auth/decorators.py", line 21, in _wrapped_view
    return view_func(request, *args, **kwargs)
  File "/home/aviox/CodeProve/app/views.py", line 80, in newcompile
    context
  File "/home/aviox/virtualenvs/codeprove/lib/python3.6/site-packages/django/shortcuts.py", line 19, in render
    content = loader.render_to_string(template_name, context, request, using=using)
  File "/home/aviox/virtualenvs/codeprove/lib/python3.6/site-packages/django/template/loader.py", line 61, in render_to_string
    template = get_template(template_name, using=using)
  File "/home/aviox/virtualenvs/codeprove/lib/python3.6/site-packages/django/template/loader.py", line 15, in get_template
    return engine.get_template(template_name)
  File "/home/aviox/virtualenvs/codeprove/lib/python3.6/site-packages/django/template/backends/django.py", line 34, in get_template
    return Template(self.engine.get_template(template_name), self)
  File "/home/aviox/virtualenvs/codeprove/lib/python3.6/site-packages/django/template/engine.py", line 143, in get_template
    template, origin = self.find_template(template_name)
  File "/home/aviox/virtualenvs/codeprove/lib/python3.6/site-packages/django/template/engine.py", line 125, in find_template
    template = loader.get_template(name, skip=skip)
  File "/home/aviox/virtualenvs/codeprove/lib/python3.6/site-packages/django/template/loaders/base.py", line 30, in get_template
    contents, origin, origin.template_name, self.engine,
  File "/home/aviox/virtualenvs/codeprove/lib/python3.6/site-packages/django/template/base.py", line 155, in __init__
    self.nodelist = self.compile_nodelist()
  File "/home/aviox/virtualenvs/codeprove/lib/python3.6/site-packages/django/template/base.py", line 193, in compile_nodelist
    return parser.parse()
  File "/home/aviox/virtualenvs/codeprove/lib/python3.6/site-packages/django/template/base.py", line 478, in parse
    raise self.error(token, e)
  File "/home/aviox/virtualenvs/codeprove/lib/python3.6/site-packages/django/template/base.py", line 476, in parse
    compiled_result = compile_func(self, token)
  File "/home/aviox/virtualenvs/codeprove/lib/python3.6/site-packages/django/template/loader_tags.py", line 270, in do_extends
    nodelist = parser.parse()
  File "/home/aviox/virtualenvs/codeprove/lib/python3.6/site-packages/django/template/base.py", line 478, in parse
    raise self.error(token, e)
  File "/home/aviox/virtualenvs/codeprove/lib/python3.6/site-packages/django/template/base.py", line 476, in parse
    compiled_result = compile_func(self, token)
  File "/home/aviox/virtualenvs/codeprove/lib/python3.6/site-packages/django/template/loader_tags.py", line 213, in do_block
    nodelist = parser.parse(('endblock',))
  File "/home/aviox/virtualenvs/codeprove/lib/python3.6/site-packages/django/template/base.py", line 478, in parse
    raise self.error(token, e)
  File "/home/aviox/virtualenvs/codeprove/lib/python3.6/site-packages/django/template/base.py", line 476, in parse
    compiled_result = compile_func(self, token)
  File "/home/aviox/virtualenvs/codeprove/lib/python3.6/site-packages/django/template/defaulttags.py", line 814, in do_for
    nodelist_loop = parser.parse(('empty', 'endfor',))
  File "/home/aviox/virtualenvs/codeprove/lib/python3.6/site-packages/django/template/base.py", line 472, in parse
    self.invalid_block_tag(token, command, parse_until)
  File "/home/aviox/virtualenvs/codeprove/lib/python3.6/site-packages/django/template/base.py", line 528, in invalid_block_tag
    get_text_list(["'%s'" % p for p in parse_until], 'or'),
django.template.exceptions.TemplateSyntaxError: Invalid block tag on line 257: 'endblock', expected 'empty' or 'endfor'. Did you forget to register or load this tag?
[14/Oct/2020 10:52:59] "GET /newcompile/ HTTP/1.1" 500 195543
Internal Server Error: /newcompile/
Traceback (most recent call last):
  File "/home/aviox/virtualenvs/codeprove/lib/python3.6/site-packages/django/template/base.py", line 470, in parse
    compile_func = self.tags[command]
KeyError: 'endblock'

During handling of the above exception, another exception occurred:

Traceback (most recent call last):
  File "/home/aviox/virtualenvs/codeprove/lib/python3.6/site-packages/django/core/handlers/exception.py", line 47, in inner
    response = get_response(request)
  File "/home/aviox/virtualenvs/codeprove/lib/python3.6/site-packages/django/core/handlers/base.py", line 179, in _get_response
    response = wrapped_callback(request, *callback_args, **callback_kwargs)
  File "/home/aviox/virtualenvs/codeprove/lib/python3.6/site-packages/django/contrib/auth/decorators.py", line 21, in _wrapped_view
    return view_func(request, *args, **kwargs)
  File "/home/aviox/CodeProve/app/views.py", line 80, in newcompile
    context
  File "/home/aviox/virtualenvs/codeprove/lib/python3.6/site-packages/django/shortcuts.py", line 19, in render
    content = loader.render_to_string(template_name, context, request, using=using)
  File "/home/aviox/virtualenvs/codeprove/lib/python3.6/site-packages/django/template/loader.py", line 61, in render_to_string
    template = get_template(template_name, using=using)
  File "/home/aviox/virtualenvs/codeprove/lib/python3.6/site-packages/django/template/loader.py", line 15, in get_template
    return engine.get_template(template_name)
  File "/home/aviox/virtualenvs/codeprove/lib/python3.6/site-packages/django/template/backends/django.py", line 34, in get_template
    return Template(self.engine.get_template(template_name), self)
  File "/home/aviox/virtualenvs/codeprove/lib/python3.6/site-packages/django/template/engine.py", line 143, in get_template
    template, origin = self.find_template(template_name)
  File "/home/aviox/virtualenvs/codeprove/lib/python3.6/site-packages/django/template/engine.py", line 125, in find_template
    template = loader.get_template(name, skip=skip)
  File "/home/aviox/virtualenvs/codeprove/lib/python3.6/site-packages/django/template/loaders/base.py", line 30, in get_template
    contents, origin, origin.template_name, self.engine,
  File "/home/aviox/virtualenvs/codeprove/lib/python3.6/site-packages/django/template/base.py", line 155, in __init__
    self.nodelist = self.compile_nodelist()
  File "/home/aviox/virtualenvs/codeprove/lib/python3.6/site-packages/django/template/base.py", line 193, in compile_nodelist
    return parser.parse()
  File "/home/aviox/virtualenvs/codeprove/lib/python3.6/site-packages/django/template/base.py", line 478, in parse
    raise self.error(token, e)
  File "/home/aviox/virtualenvs/codeprove/lib/python3.6/site-packages/django/template/base.py", line 476, in parse
    compiled_result = compile_func(self, token)
  File "/home/aviox/virtualenvs/codeprove/lib/python3.6/site-packages/django/template/loader_tags.py", line 270, in do_extends
    nodelist = parser.parse()
  File "/home/aviox/virtualenvs/codeprove/lib/python3.6/site-packages/django/template/base.py", line 478, in parse
    raise self.error(token, e)
  File "/home/aviox/virtualenvs/codeprove/lib/python3.6/site-packages/django/template/base.py", line 476, in parse
    compiled_result = compile_func(self, token)
  File "/home/aviox/virtualenvs/codeprove/lib/python3.6/site-packages/django/template/loader_tags.py", line 213, in do_block
    nodelist = parser.parse(('endblock',))
  File "/home/aviox/virtualenvs/codeprove/lib/python3.6/site-packages/django/template/base.py", line 478, in parse
    raise self.error(token, e)
  File "/home/aviox/virtualenvs/codeprove/lib/python3.6/site-packages/django/template/base.py", line 476, in parse
    compiled_result = compile_func(self, token)
  File "/home/aviox/virtualenvs/codeprove/lib/python3.6/site-packages/django/template/defaulttags.py", line 814, in do_for
    nodelist_loop = parser.parse(('empty', 'endfor',))
  File "/home/aviox/virtualenvs/codeprove/lib/python3.6/site-packages/django/template/base.py", line 472, in parse
    self.invalid_block_tag(token, command, parse_until)
  File "/home/aviox/virtualenvs/codeprove/lib/python3.6/site-packages/django/template/base.py", line 528, in invalid_block_tag
    get_text_list(["'%s'" % p for p in parse_until], 'or'),
django.template.exceptions.TemplateSyntaxError: Invalid block tag on line 257: 'endblock', expected 'empty' or 'endfor'. Did you forget to register or load this tag?
[14/Oct/2020 10:53:33] "GET /newcompile/ HTTP/1.1" 500 194713
Internal Server Error: /newcompile/
Traceback (most recent call last):
  File "/home/aviox/virtualenvs/codeprove/lib/python3.6/site-packages/django/template/base.py", line 470, in parse
    compile_func = self.tags[command]
KeyError: 'endblock'

During handling of the above exception, another exception occurred:

Traceback (most recent call last):
  File "/home/aviox/virtualenvs/codeprove/lib/python3.6/site-packages/django/core/handlers/exception.py", line 47, in inner
    response = get_response(request)
  File "/home/aviox/virtualenvs/codeprove/lib/python3.6/site-packages/django/core/handlers/base.py", line 179, in _get_response
    response = wrapped_callback(request, *callback_args, **callback_kwargs)
  File "/home/aviox/virtualenvs/codeprove/lib/python3.6/site-packages/django/contrib/auth/decorators.py", line 21, in _wrapped_view
    return view_func(request, *args, **kwargs)
  File "/home/aviox/CodeProve/app/views.py", line 80, in newcompile
    context
  File "/home/aviox/virtualenvs/codeprove/lib/python3.6/site-packages/django/shortcuts.py", line 19, in render
    content = loader.render_to_string(template_name, context, request, using=using)
  File "/home/aviox/virtualenvs/codeprove/lib/python3.6/site-packages/django/template/loader.py", line 61, in render_to_string
    template = get_template(template_name, using=using)
  File "/home/aviox/virtualenvs/codeprove/lib/python3.6/site-packages/django/template/loader.py", line 15, in get_template
    return engine.get_template(template_name)
  File "/home/aviox/virtualenvs/codeprove/lib/python3.6/site-packages/django/template/backends/django.py", line 34, in get_template
    return Template(self.engine.get_template(template_name), self)
  File "/home/aviox/virtualenvs/codeprove/lib/python3.6/site-packages/django/template/engine.py", line 143, in get_template
    template, origin = self.find_template(template_name)
  File "/home/aviox/virtualenvs/codeprove/lib/python3.6/site-packages/django/template/engine.py", line 125, in find_template
    template = loader.get_template(name, skip=skip)
  File "/home/aviox/virtualenvs/codeprove/lib/python3.6/site-packages/django/template/loaders/base.py", line 30, in get_template
    contents, origin, origin.template_name, self.engine,
  File "/home/aviox/virtualenvs/codeprove/lib/python3.6/site-packages/django/template/base.py", line 155, in __init__
    self.nodelist = self.compile_nodelist()
  File "/home/aviox/virtualenvs/codeprove/lib/python3.6/site-packages/django/template/base.py", line 193, in compile_nodelist
    return parser.parse()
  File "/home/aviox/virtualenvs/codeprove/lib/python3.6/site-packages/django/template/base.py", line 478, in parse
    raise self.error(token, e)
  File "/home/aviox/virtualenvs/codeprove/lib/python3.6/site-packages/django/template/base.py", line 476, in parse
    compiled_result = compile_func(self, token)
  File "/home/aviox/virtualenvs/codeprove/lib/python3.6/site-packages/django/template/loader_tags.py", line 270, in do_extends
    nodelist = parser.parse()
  File "/home/aviox/virtualenvs/codeprove/lib/python3.6/site-packages/django/template/base.py", line 478, in parse
    raise self.error(token, e)
  File "/home/aviox/virtualenvs/codeprove/lib/python3.6/site-packages/django/template/base.py", line 476, in parse
    compiled_result = compile_func(self, token)
  File "/home/aviox/virtualenvs/codeprove/lib/python3.6/site-packages/django/template/loader_tags.py", line 213, in do_block
    nodelist = parser.parse(('endblock',))
  File "/home/aviox/virtualenvs/codeprove/lib/python3.6/site-packages/django/template/base.py", line 478, in parse
    raise self.error(token, e)
  File "/home/aviox/virtualenvs/codeprove/lib/python3.6/site-packages/django/template/base.py", line 476, in parse
    compiled_result = compile_func(self, token)
  File "/home/aviox/virtualenvs/codeprove/lib/python3.6/site-packages/django/template/defaulttags.py", line 814, in do_for
    nodelist_loop = parser.parse(('empty', 'endfor',))
  File "/home/aviox/virtualenvs/codeprove/lib/python3.6/site-packages/django/template/base.py", line 472, in parse
    self.invalid_block_tag(token, command, parse_until)
  File "/home/aviox/virtualenvs/codeprove/lib/python3.6/site-packages/django/template/base.py", line 528, in invalid_block_tag
    get_text_list(["'%s'" % p for p in parse_until], 'or'),
django.template.exceptions.TemplateSyntaxError: Invalid block tag on line 257: 'endblock', expected 'empty' or 'endfor'. Did you forget to register or load this tag?
[14/Oct/2020 10:53:34] "GET /newcompile/ HTTP/1.1" 500 194713
[14/Oct/2020 10:55:04] "GET /newcompile/ HTTP/1.1" 200 24875
[14/Oct/2020 10:55:04] "GET /static/app/scripts/modernizr-2.6.2.js HTTP/1.1" 304 0
[14/Oct/2020 10:55:04] "GET /static/app/scripts/jquery-1.10.2.js HTTP/1.1" 304 0
[14/Oct/2020 10:55:04] "GET /static/app/scripts/bootstrap.js HTTP/1.1" 304 0
[14/Oct/2020 10:55:04] "GET /static/app/scripts/respond.js HTTP/1.1" 304 0
[14/Oct/2020 10:55:04] "GET /static/app/scripts/jquery.min.js HTTP/1.1" 304 0
[14/Oct/2020 10:55:04] "GET /static/app/scripts/bootstrap.min.js HTTP/1.1" 304 0
[14/Oct/2020 10:57:47] "GET /newcompile/ HTTP/1.1" 200 25881
[14/Oct/2020 10:57:47] "GET /static/app/content/site.css HTTP/1.1" 304 0
[14/Oct/2020 10:57:47] "GET /static/app/scripts/modernizr-2.6.2.js HTTP/1.1" 304 0
[14/Oct/2020 10:57:47] "GET /static/app/scripts/bootstrap.js HTTP/1.1" 304 0
[14/Oct/2020 10:57:47] "GET /static/app/scripts/jquery-1.10.2.js HTTP/1.1" 304 0
[14/Oct/2020 10:57:47] "GET /static/app/scripts/jquery.min.js HTTP/1.1" 304 0
[14/Oct/2020 10:57:47] "GET /static/app/scripts/respond.js HTTP/1.1" 304 0
[14/Oct/2020 10:57:47] "GET /static/app/scripts/bootstrap.min.js HTTP/1.1" 304 0
[14/Oct/2020 10:58:18] "GET /admin/app/hint/ HTTP/1.1" 200 7492
[14/Oct/2020 10:58:18] "GET /admin/jsi18n/ HTTP/1.1" 200 3187
[14/Oct/2020 10:58:23] "GET /admin/app/hint/4/change/ HTTP/1.1" 200 8529
[14/Oct/2020 10:58:23] "GET /admin/jsi18n/ HTTP/1.1" 200 3187
[14/Oct/2020 10:58:34] "GET /admin/app/problem/ HTTP/1.1" 200 7113
[14/Oct/2020 10:58:34] "GET /admin/jsi18n/ HTTP/1.1" 200 3187
[14/Oct/2020 10:58:36] "GET /admin/app/problem/add/ HTTP/1.1" 200 6903
[14/Oct/2020 10:58:36] "GET /admin/jsi18n/ HTTP/1.1" 200 3187
[14/Oct/2020 10:58:38] "GET /admin/app/problem/ HTTP/1.1" 200 7113
[14/Oct/2020 10:58:39] "GET /admin/app/problem/3/change/ HTTP/1.1" 200 7400
[14/Oct/2020 10:58:39] "GET /admin/jsi18n/ HTTP/1.1" 200 3187
[14/Oct/2020 10:58:46] "POST /admin/app/problem/3/change/ HTTP/1.1" 302 0
[14/Oct/2020 10:58:46] "GET /admin/app/problem/ HTTP/1.1" 200 7307
[14/Oct/2020 10:58:46] "GET /admin/jsi18n/ HTTP/1.1" 200 3187
[14/Oct/2020 10:58:48] "GET /admin/app/hint/ HTTP/1.1" 200 7492
[14/Oct/2020 10:58:48] "GET /admin/jsi18n/ HTTP/1.1" 200 3187
[14/Oct/2020 10:58:51] "GET /admin/app/hint/4/change/ HTTP/1.1" 200 8526
[14/Oct/2020 10:58:51] "GET /admin/jsi18n/ HTTP/1.1" 200 3187
[14/Oct/2020 10:58:53] "GET /admin/app/hint/ HTTP/1.1" 200 7492
[14/Oct/2020 10:58:54] "GET /admin/app/hint/1/change/ HTTP/1.1" 200 8283
[14/Oct/2020 10:58:54] "GET /admin/jsi18n/ HTTP/1.1" 200 3187
[14/Oct/2020 10:59:02] "POST /admin/app/hint/1/change/ HTTP/1.1" 302 0
[14/Oct/2020 10:59:02] "GET /admin/app/hint/ HTTP/1.1" 200 7689
[14/Oct/2020 10:59:02] "GET /admin/jsi18n/ HTTP/1.1" 200 3187
[14/Oct/2020 10:59:04] "GET /admin/app/hint/2/change/ HTTP/1.1" 200 8283
[14/Oct/2020 10:59:04] "GET /admin/jsi18n/ HTTP/1.1" 200 3187
[14/Oct/2020 10:59:06] "GET /admin/app/hint/ HTTP/1.1" 200 7492
[14/Oct/2020 11:00:43] "GET /newcompile/ HTTP/1.1" 200 26108
[14/Oct/2020 11:00:43] "GET /static/app/scripts/modernizr-2.6.2.js HTTP/1.1" 304 0
[14/Oct/2020 11:00:43] "GET /static/app/scripts/jquery-1.10.2.js HTTP/1.1" 304 0
[14/Oct/2020 11:00:43] "GET /static/app/scripts/bootstrap.js HTTP/1.1" 304 0
[14/Oct/2020 11:00:43] "GET /static/app/scripts/jquery.min.js HTTP/1.1" 304 0
[14/Oct/2020 11:00:43] "GET /static/app/scripts/respond.js HTTP/1.1" 304 0
[14/Oct/2020 11:00:43] "GET /static/app/scripts/bootstrap.min.js HTTP/1.1" 304 0
[14/Oct/2020 11:01:04] "GET /newcompile/ HTTP/1.1" 200 26108
[14/Oct/2020 11:01:04] "GET /static/app/scripts/modernizr-2.6.2.js HTTP/1.1" 304 0
[14/Oct/2020 11:01:04] "GET /static/app/scripts/jquery-1.10.2.js HTTP/1.1" 304 0
[14/Oct/2020 11:01:04] "GET /static/app/scripts/jquery.min.js HTTP/1.1" 304 0
[14/Oct/2020 11:01:04] "GET /static/app/scripts/bootstrap.min.js HTTP/1.1" 304 0
[14/Oct/2020 11:01:04] "GET /static/app/scripts/respond.js HTTP/1.1" 304 0
[14/Oct/2020 11:01:04] "GET /static/app/scripts/bootstrap.js HTTP/1.1" 304 0
Not Found: /favicon.ico
[14/Oct/2020 11:01:25] "GET /favicon.ico HTTP/1.1" 404 1758
[14/Oct/2020 11:01:27] "GET /newcompile/ HTTP/1.1" 200 26108
[14/Oct/2020 11:01:27] "GET /static/app/scripts/respond.js HTTP/1.1" 304 0
[14/Oct/2020 11:01:27] "GET /static/app/scripts/modernizr-2.6.2.js HTTP/1.1" 304 0
[14/Oct/2020 11:01:27] "GET /static/app/scripts/jquery-1.10.2.js HTTP/1.1" 304 0
[14/Oct/2020 11:01:27] "GET /static/app/scripts/bootstrap.js HTTP/1.1" 304 0
[14/Oct/2020 11:01:27] "GET /static/app/scripts/bootstrap.min.js HTTP/1.1" 304 0
[14/Oct/2020 11:01:27] "GET /static/app/scripts/jquery.min.js HTTP/1.1" 304 0
[14/Oct/2020 11:02:11] "GET /newcompile/ HTTP/1.1" 200 26138
[14/Oct/2020 11:02:11] "GET /static/app/scripts/modernizr-2.6.2.js HTTP/1.1" 304 0
[14/Oct/2020 11:02:11] "GET /static/app/scripts/jquery-1.10.2.js HTTP/1.1" 304 0
[14/Oct/2020 11:02:11] "GET /static/app/scripts/bootstrap.min.js HTTP/1.1" 304 0
[14/Oct/2020 11:02:11] "GET /static/app/scripts/jquery.min.js HTTP/1.1" 304 0
[14/Oct/2020 11:02:11] "GET /static/app/scripts/respond.js HTTP/1.1" 304 0
[14/Oct/2020 11:02:11] "GET /static/app/scripts/bootstrap.js HTTP/1.1" 304 0
[14/Oct/2020 11:02:11] "GET /static/app/content/site.css HTTP/1.1" 200 11166
[14/Oct/2020 11:02:21] "GET /newcompile/ HTTP/1.1" 200 26138
[14/Oct/2020 11:02:21] "GET /static/app/scripts/modernizr-2.6.2.js HTTP/1.1" 304 0
[14/Oct/2020 11:02:21] "GET /static/app/scripts/jquery-1.10.2.js HTTP/1.1" 304 0
[14/Oct/2020 11:02:21] "GET /static/app/scripts/respond.js HTTP/1.1" 304 0
[14/Oct/2020 11:02:21] "GET /static/app/scripts/bootstrap.js HTTP/1.1" 304 0
[14/Oct/2020 11:02:21] "GET /static/app/scripts/jquery.min.js HTTP/1.1" 304 0
[14/Oct/2020 11:02:21] "GET /static/app/scripts/bootstrap.min.js HTTP/1.1" 304 0
[14/Oct/2020 11:02:27] "GET /newcompile/ HTTP/1.1" 200 26138
[14/Oct/2020 11:02:27] "GET /static/app/scripts/modernizr-2.6.2.js HTTP/1.1" 304 0
[14/Oct/2020 11:02:27] "GET /static/app/scripts/jquery-1.10.2.js HTTP/1.1" 304 0
[14/Oct/2020 11:02:27] "GET /static/app/scripts/respond.js HTTP/1.1" 304 0
[14/Oct/2020 11:02:27] "GET /static/app/scripts/jquery.min.js HTTP/1.1" 304 0
[14/Oct/2020 11:02:27] "GET /static/app/scripts/bootstrap.js HTTP/1.1" 304 0
[14/Oct/2020 11:02:27] "GET /static/app/scripts/bootstrap.min.js HTTP/1.1" 304 0
[14/Oct/2020 11:02:30] "GET /newcompile/ HTTP/1.1" 200 26138
[14/Oct/2020 11:02:30] "GET /static/app/scripts/modernizr-2.6.2.js HTTP/1.1" 304 0
[14/Oct/2020 11:02:30] "GET /static/app/scripts/jquery.min.js HTTP/1.1" 304 0
[14/Oct/2020 11:02:30] "GET /static/app/scripts/bootstrap.js HTTP/1.1" 304 0
[14/Oct/2020 11:02:30] "GET /static/app/scripts/respond.js HTTP/1.1" 304 0
[14/Oct/2020 11:02:30] "GET /static/app/scripts/jquery-1.10.2.js HTTP/1.1" 304 0
[14/Oct/2020 11:02:30] "GET /static/app/scripts/bootstrap.min.js HTTP/1.1" 304 0
[14/Oct/2020 11:02:52] "GET /newcompile/ HTTP/1.1" 200 26123
[14/Oct/2020 11:02:52] "GET /static/app/scripts/modernizr-2.6.2.js HTTP/1.1" 304 0
[14/Oct/2020 11:02:52] "GET /static/app/scripts/jquery-1.10.2.js HTTP/1.1" 304 0
[14/Oct/2020 11:02:52] "GET /static/app/scripts/jquery.min.js HTTP/1.1" 304 0
[14/Oct/2020 11:02:52] "GET /static/app/scripts/respond.js HTTP/1.1" 304 0
[14/Oct/2020 11:02:52] "GET /static/app/scripts/bootstrap.js HTTP/1.1" 304 0
[14/Oct/2020 11:02:52] "GET /static/app/scripts/bootstrap.min.js HTTP/1.1" 304 0
[14/Oct/2020 11:03:02] "GET /newcompile/ HTTP/1.1" 200 26123
[14/Oct/2020 11:03:02] "GET /static/app/scripts/jquery-1.10.2.js HTTP/1.1" 304 0
[14/Oct/2020 11:03:02] "GET /static/app/scripts/modernizr-2.6.2.js HTTP/1.1" 304 0
[14/Oct/2020 11:03:02] "GET /static/app/scripts/bootstrap.js HTTP/1.1" 304 0
[14/Oct/2020 11:03:02] "GET /static/app/scripts/respond.js HTTP/1.1" 304 0
[14/Oct/2020 11:03:02] "GET /static/app/scripts/bootstrap.min.js HTTP/1.1" 304 0
[14/Oct/2020 11:03:02] "GET /static/app/scripts/jquery.min.js HTTP/1.1" 304 0
[14/Oct/2020 11:03:10] "GET /admin/app/hint/4/change/ HTTP/1.1" 200 8526
[14/Oct/2020 11:03:10] "GET /admin/jsi18n/ HTTP/1.1" 200 3187
[14/Oct/2020 11:03:13] "POST /admin/app/hint/4/change/ HTTP/1.1" 302 0
[14/Oct/2020 11:03:13] "GET /admin/app/hint/ HTTP/1.1" 200 7685
[14/Oct/2020 11:03:13] "GET /admin/jsi18n/ HTTP/1.1" 200 3187
[14/Oct/2020 11:03:18] "GET /admin/app/hint/3/change/ HTTP/1.1" 200 8283
[14/Oct/2020 11:03:18] "GET /admin/app/hint/3/change/ HTTP/1.1" 200 8283
[14/Oct/2020 11:03:18] "GET /admin/jsi18n/ HTTP/1.1" 200 3187
[14/Oct/2020 11:03:22] "POST /admin/app/hint/3/change/ HTTP/1.1" 302 0
[14/Oct/2020 11:03:22] "GET /admin/app/hint/ HTTP/1.1" 200 7689
[14/Oct/2020 11:03:22] "GET /admin/jsi18n/ HTTP/1.1" 200 3187
[14/Oct/2020 11:03:24] "GET /newcompile/ HTTP/1.1" 200 26370
[14/Oct/2020 11:03:24] "GET /static/app/scripts/jquery-1.10.2.js HTTP/1.1" 304 0
[14/Oct/2020 11:03:24] "GET /static/app/scripts/modernizr-2.6.2.js HTTP/1.1" 304 0
[14/Oct/2020 11:03:24] "GET /static/app/scripts/bootstrap.js HTTP/1.1" 304 0
[14/Oct/2020 11:03:24] "GET /static/app/scripts/respond.js HTTP/1.1" 304 0
[14/Oct/2020 11:03:24] "GET /static/app/scripts/bootstrap.min.js HTTP/1.1" 304 0
[14/Oct/2020 11:03:24] "GET /static/app/scripts/jquery.min.js HTTP/1.1" 304 0
[14/Oct/2020 11:03:30] "GET /newcompile/ HTTP/1.1" 200 26370
[14/Oct/2020 11:03:30] "GET /static/app/scripts/jquery-1.10.2.js HTTP/1.1" 304 0
[14/Oct/2020 11:03:30] "GET /static/app/scripts/bootstrap.js HTTP/1.1" 304 0
[14/Oct/2020 11:03:30] "GET /static/app/scripts/modernizr-2.6.2.js HTTP/1.1" 304 0
[14/Oct/2020 11:03:30] "GET /static/app/scripts/respond.js HTTP/1.1" 304 0
[14/Oct/2020 11:03:30] "GET /static/app/scripts/jquery.min.js HTTP/1.1" 304 0
[14/Oct/2020 11:03:30] "GET /static/app/scripts/bootstrap.min.js HTTP/1.1" 304 0
[14/Oct/2020 11:03:33] "GET /newcompile/ HTTP/1.1" 200 26370
[14/Oct/2020 11:03:33] "GET /static/app/scripts/modernizr-2.6.2.js HTTP/1.1" 304 0
[14/Oct/2020 11:03:33] "GET /static/app/scripts/jquery-1.10.2.js HTTP/1.1" 304 0
[14/Oct/2020 11:03:33] "GET /static/app/scripts/jquery.min.js HTTP/1.1" 304 0
[14/Oct/2020 11:03:33] "GET /static/app/scripts/respond.js HTTP/1.1" 304 0
[14/Oct/2020 11:03:33] "GET /static/app/scripts/bootstrap.min.js HTTP/1.1" 304 0
[14/Oct/2020 11:03:33] "GET /static/app/scripts/bootstrap.js HTTP/1.1" 304 0
[14/Oct/2020 11:03:35] "GET /newcompile/ HTTP/1.1" 200 26370
[14/Oct/2020 11:03:35] "GET /static/app/scripts/modernizr-2.6.2.js HTTP/1.1" 304 0
[14/Oct/2020 11:03:35] "GET /static/app/scripts/bootstrap.js HTTP/1.1" 304 0
[14/Oct/2020 11:03:35] "GET /static/app/scripts/bootstrap.min.js HTTP/1.1" 304 0
[14/Oct/2020 11:03:35] "GET /static/app/scripts/jquery-1.10.2.js HTTP/1.1" 304 0
[14/Oct/2020 11:03:35] "GET /static/app/scripts/jquery.min.js HTTP/1.1" 304 0
[14/Oct/2020 11:03:35] "GET /static/app/scripts/respond.js HTTP/1.1" 304 0
[14/Oct/2020 11:03:38] "GET /newcompile/ HTTP/1.1" 200 26370
[14/Oct/2020 11:03:38] "GET /static/app/scripts/bootstrap.min.js HTTP/1.1" 304 0
[14/Oct/2020 11:03:38] "GET /static/app/scripts/modernizr-2.6.2.js HTTP/1.1" 304 0
[14/Oct/2020 11:03:38] "GET /static/app/scripts/jquery-1.10.2.js HTTP/1.1" 304 0
[14/Oct/2020 11:03:38] "GET /static/app/scripts/jquery.min.js HTTP/1.1" 304 0
[14/Oct/2020 11:03:38] "GET /static/app/scripts/bootstrap.js HTTP/1.1" 304 0
[14/Oct/2020 11:03:38] "GET /static/app/scripts/respond.js HTTP/1.1" 304 0
[14/Oct/2020 11:05:18] "GET /newcompile/ HTTP/1.1" 200 26370
[14/Oct/2020 11:05:18] "GET /static/app/scripts/modernizr-2.6.2.js HTTP/1.1" 304 0
[14/Oct/2020 11:05:18] "GET /static/app/scripts/respond.js HTTP/1.1" 304 0
[14/Oct/2020 11:05:18] "GET /static/app/scripts/jquery-1.10.2.js HTTP/1.1" 304 0
[14/Oct/2020 11:05:18] "GET /static/app/scripts/bootstrap.js HTTP/1.1" 304 0
[14/Oct/2020 11:05:18] "GET /static/app/scripts/bootstrap.min.js HTTP/1.1" 304 0
[14/Oct/2020 11:05:18] "GET /static/app/scripts/jquery.min.js HTTP/1.1" 304 0
[14/Oct/2020 11:05:21] "GET /admin/app/hint/1/change/ HTTP/1.1" 200 8534
[14/Oct/2020 11:05:21] "GET /admin/jsi18n/ HTTP/1.1" 200 3187
[14/Oct/2020 11:05:24] "POST /admin/app/hint/1/change/ HTTP/1.1" 302 0
[14/Oct/2020 11:05:24] "GET /admin/app/hint/ HTTP/1.1" 200 7689
[14/Oct/2020 11:05:24] "GET /admin/jsi18n/ HTTP/1.1" 200 3187
[14/Oct/2020 11:05:26] "GET /admin/app/hint/3/change/ HTTP/1.1" 200 8283
[14/Oct/2020 11:05:26] "GET /admin/jsi18n/ HTTP/1.1" 200 3187
[14/Oct/2020 11:05:30] "GET /admin/app/hint/ HTTP/1.1" 200 7492
[14/Oct/2020 11:05:31] "GET /admin/app/hint/2/change/ HTTP/1.1" 200 8283
[14/Oct/2020 11:05:31] "GET /admin/jsi18n/ HTTP/1.1" 200 3187
[14/Oct/2020 11:05:39] "POST /admin/app/hint/2/change/ HTTP/1.1" 302 0
[14/Oct/2020 11:05:39] "GET /admin/app/hint/ HTTP/1.1" 200 7693
[14/Oct/2020 11:05:39] "GET /admin/jsi18n/ HTTP/1.1" 200 3187
[14/Oct/2020 11:05:42] "GET /newcompile/ HTTP/1.1" 200 25339
[14/Oct/2020 11:05:42] "GET /static/app/scripts/modernizr-2.6.2.js HTTP/1.1" 304 0
[14/Oct/2020 11:05:42] "GET /static/app/scripts/jquery-1.10.2.js HTTP/1.1" 304 0
[14/Oct/2020 11:05:42] "GET /static/app/scripts/bootstrap.js HTTP/1.1" 304 0
[14/Oct/2020 11:05:42] "GET /static/app/scripts/jquery.min.js HTTP/1.1" 304 0
[14/Oct/2020 11:05:42] "GET /static/app/scripts/bootstrap.min.js HTTP/1.1" 304 0
[14/Oct/2020 11:05:42] "GET /static/app/scripts/respond.js HTTP/1.1" 304 0
[14/Oct/2020 11:05:47] "GET /admin/app/hint/2/change/ HTTP/1.1" 200 8287
[14/Oct/2020 11:05:47] "GET /admin/jsi18n/ HTTP/1.1" 200 3187
[14/Oct/2020 11:05:49] "GET /admin/app/hint/ HTTP/1.1" 200 7494
[14/Oct/2020 11:05:50] "GET /admin/app/hint/2/change/ HTTP/1.1" 200 8287
[14/Oct/2020 11:05:50] "GET /admin/jsi18n/ HTTP/1.1" 200 3187
[14/Oct/2020 11:05:55] "POST /admin/app/hint/2/change/ HTTP/1.1" 302 0
[14/Oct/2020 11:05:56] "GET /admin/app/hint/ HTTP/1.1" 200 7681
[14/Oct/2020 11:05:56] "GET /admin/jsi18n/ HTTP/1.1" 200 3187
[14/Oct/2020 11:05:57] "GET /admin/app/hint/ HTTP/1.1" 200 7488
[14/Oct/2020 11:05:57] "GET /static/admin/js/nav_sidebar.js HTTP/1.1" 304 0
[14/Oct/2020 11:05:57] "GET /static/admin/js/core.js HTTP/1.1" 304 0
[14/Oct/2020 11:05:57] "GET /static/admin/js/vendor/jquery/jquery.js HTTP/1.1" 304 0
[14/Oct/2020 11:05:57] "GET /static/admin/js/jquery.init.js HTTP/1.1" 304 0
[14/Oct/2020 11:05:57] "GET /static/admin/js/actions.js HTTP/1.1" 304 0
[14/Oct/2020 11:05:57] "GET /static/admin/js/admin/RelatedObjectLookups.js HTTP/1.1" 304 0
[14/Oct/2020 11:05:57] "GET /static/admin/js/urlify.js HTTP/1.1" 304 0
[14/Oct/2020 11:05:57] "GET /static/admin/js/prepopulate.js HTTP/1.1" 304 0
[14/Oct/2020 11:05:57] "GET /static/admin/js/vendor/xregexp/xregexp.js HTTP/1.1" 304 0
[14/Oct/2020 11:05:57] "GET /admin/jsi18n/ HTTP/1.1" 200 3187
[14/Oct/2020 11:06:02] "GET /newcompile/ HTTP/1.1" 200 25333
[14/Oct/2020 11:06:02] "GET /static/app/scripts/modernizr-2.6.2.js HTTP/1.1" 304 0
[14/Oct/2020 11:06:02] "GET /static/app/scripts/jquery-1.10.2.js HTTP/1.1" 304 0
[14/Oct/2020 11:06:02] "GET /static/app/scripts/bootstrap.min.js HTTP/1.1" 304 0
[14/Oct/2020 11:06:02] "GET /static/app/scripts/jquery.min.js HTTP/1.1" 304 0
[14/Oct/2020 11:06:02] "GET /static/app/scripts/respond.js HTTP/1.1" 304 0
[14/Oct/2020 11:06:02] "GET /static/app/scripts/bootstrap.js HTTP/1.1" 304 0
[14/Oct/2020 11:06:39] "GET /newcompile/ HTTP/1.1" 200 25333
[14/Oct/2020 11:06:39] "GET /static/app/scripts/modernizr-2.6.2.js HTTP/1.1" 304 0
[14/Oct/2020 11:06:39] "GET /static/app/scripts/jquery-1.10.2.js HTTP/1.1" 304 0
[14/Oct/2020 11:06:39] "GET /static/app/scripts/bootstrap.js HTTP/1.1" 304 0
[14/Oct/2020 11:06:39] "GET /static/app/scripts/respond.js HTTP/1.1" 304 0
[14/Oct/2020 11:06:39] "GET /static/app/scripts/jquery.min.js HTTP/1.1" 304 0
[14/Oct/2020 11:06:39] "GET /static/app/scripts/bootstrap.min.js HTTP/1.1" 304 0
Not Found: /favicon.ico
[14/Oct/2020 11:06:39] "GET /favicon.ico HTTP/1.1" 404 1758
[14/Oct/2020 11:06:42] "GET /newcompile/ HTTP/1.1" 200 25333
[14/Oct/2020 11:06:43] "GET /static/app/scripts/jquery-1.10.2.js HTTP/1.1" 304 0
[14/Oct/2020 11:06:43] "GET /static/app/scripts/modernizr-2.6.2.js HTTP/1.1" 304 0
[14/Oct/2020 11:06:43] "GET /static/app/scripts/jquery.min.js HTTP/1.1" 304 0
[14/Oct/2020 11:06:43] "GET /static/app/scripts/bootstrap.min.js HTTP/1.1" 304 0
[14/Oct/2020 11:06:43] "GET /static/app/scripts/bootstrap.js HTTP/1.1" 304 0
[14/Oct/2020 11:06:43] "GET /static/app/scripts/respond.js HTTP/1.1" 304 0
Not Found: /favicon.ico
[14/Oct/2020 11:06:43] "GET /favicon.ico HTTP/1.1" 404 1758
[14/Oct/2020 11:07:31] "GET /newcompile/ HTTP/1.1" 200 25335
[14/Oct/2020 11:07:31] "GET /static/app/scripts/modernizr-2.6.2.js HTTP/1.1" 304 0
[14/Oct/2020 11:07:31] "GET /static/app/scripts/bootstrap.js HTTP/1.1" 304 0
[14/Oct/2020 11:07:31] "GET /static/app/scripts/jquery-1.10.2.js HTTP/1.1" 304 0
[14/Oct/2020 11:07:31] "GET /static/app/scripts/jquery.min.js HTTP/1.1" 304 0
[14/Oct/2020 11:07:31] "GET /static/app/scripts/respond.js HTTP/1.1" 304 0
[14/Oct/2020 11:07:31] "GET /static/app/scripts/bootstrap.min.js HTTP/1.1" 304 0
[14/Oct/2020 11:07:31] "GET /static/app/content/site.css HTTP/1.1" 304 0
[14/Oct/2020 11:07:36] "GET /newcompile/ HTTP/1.1" 200 25335
[14/Oct/2020 11:07:36] "GET /static/app/scripts/modernizr-2.6.2.js HTTP/1.1" 304 0
[14/Oct/2020 11:07:36] "GET /static/app/scripts/jquery-1.10.2.js HTTP/1.1" 304 0
[14/Oct/2020 11:07:36] "GET /static/app/scripts/respond.js HTTP/1.1" 304 0
[14/Oct/2020 11:07:36] "GET /static/app/scripts/jquery.min.js HTTP/1.1" 304 0
[14/Oct/2020 11:07:36] "GET /static/app/scripts/bootstrap.min.js HTTP/1.1" 304 0
[14/Oct/2020 11:07:36] "GET /static/app/scripts/bootstrap.js HTTP/1.1" 304 0
[14/Oct/2020 11:08:44] "GET /newcompile/ HTTP/1.1" 200 25335
[14/Oct/2020 11:08:44] "GET /static/app/scripts/modernizr-2.6.2.js HTTP/1.1" 304 0
[14/Oct/2020 11:08:44] "GET /static/app/scripts/jquery.min.js HTTP/1.1" 304 0
[14/Oct/2020 11:08:44] "GET /static/app/scripts/respond.js HTTP/1.1" 304 0
[14/Oct/2020 11:08:44] "GET /static/app/scripts/bootstrap.js HTTP/1.1" 304 0
[14/Oct/2020 11:08:44] "GET /static/app/scripts/bootstrap.min.js HTTP/1.1" 304 0
[14/Oct/2020 11:08:44] "GET /static/app/scripts/jquery-1.10.2.js HTTP/1.1" 304 0
Not Found: /favicon.ico
[14/Oct/2020 11:08:44] "GET /favicon.ico HTTP/1.1" 404 1758
[14/Oct/2020 11:09:46] "GET /newcompile/ HTTP/1.1" 200 25542
[14/Oct/2020 11:09:46] "GET /static/app/scripts/modernizr-2.6.2.js HTTP/1.1" 304 0
[14/Oct/2020 11:09:46] "GET /static/app/scripts/jquery-1.10.2.js HTTP/1.1" 304 0
[14/Oct/2020 11:09:46] "GET /static/app/scripts/bootstrap.js HTTP/1.1" 304 0
[14/Oct/2020 11:09:46] "GET /static/app/scripts/jquery.min.js HTTP/1.1" 304 0
[14/Oct/2020 11:09:46] "GET /static/app/scripts/respond.js HTTP/1.1" 304 0
[14/Oct/2020 11:09:46] "GET /static/app/scripts/bootstrap.min.js HTTP/1.1" 304 0
Not Found: /favicon.ico
[14/Oct/2020 11:09:46] "GET /favicon.ico HTTP/1.1" 404 1758
[14/Oct/2020 11:10:30] "GET /newcompile/ HTTP/1.1" 200 25542
[14/Oct/2020 11:10:30] "GET /static/app/scripts/respond.js HTTP/1.1" 304 0
[14/Oct/2020 11:10:30] "GET /static/app/scripts/jquery.min.js HTTP/1.1" 304 0
[14/Oct/2020 11:10:30] "GET /static/app/scripts/bootstrap.js HTTP/1.1" 304 0
[14/Oct/2020 11:10:30] "GET /static/app/scripts/modernizr-2.6.2.js HTTP/1.1" 304 0
[14/Oct/2020 11:10:30] "GET /static/app/scripts/jquery-1.10.2.js HTTP/1.1" 304 0
[14/Oct/2020 11:10:30] "GET /static/app/scripts/bootstrap.min.js HTTP/1.1" 304 0
Not Found: /favicon.ico
[14/Oct/2020 11:10:30] "GET /favicon.ico HTTP/1.1" 404 1758
[14/Oct/2020 11:10:32] "GET /newcompile/ HTTP/1.1" 200 25542
[14/Oct/2020 11:10:32] "GET /static/app/scripts/modernizr-2.6.2.js HTTP/1.1" 304 0
[14/Oct/2020 11:10:32] "GET /static/app/scripts/jquery-1.10.2.js HTTP/1.1" 304 0
[14/Oct/2020 11:10:32] "GET /static/app/scripts/respond.js HTTP/1.1" 304 0
[14/Oct/2020 11:10:32] "GET /static/app/scripts/bootstrap.min.js HTTP/1.1" 304 0
[14/Oct/2020 11:10:32] "GET /static/app/scripts/jquery.min.js HTTP/1.1" 304 0
[14/Oct/2020 11:10:32] "GET /static/app/scripts/bootstrap.js HTTP/1.1" 304 0
Not Found: /favicon.ico
[14/Oct/2020 11:10:32] "GET /favicon.ico HTTP/1.1" 404 1758
[14/Oct/2020 11:10:41] "GET /newcompile/ HTTP/1.1" 200 25542
[14/Oct/2020 11:10:41] "GET /static/app/scripts/modernizr-2.6.2.js HTTP/1.1" 304 0
[14/Oct/2020 11:10:41] "GET /static/app/scripts/jquery-1.10.2.js HTTP/1.1" 304 0
[14/Oct/2020 11:10:41] "GET /static/app/scripts/bootstrap.js HTTP/1.1" 304 0
[14/Oct/2020 11:10:41] "GET /static/app/scripts/bootstrap.min.js HTTP/1.1" 304 0
[14/Oct/2020 11:10:41] "GET /static/app/scripts/jquery.min.js HTTP/1.1" 304 0
[14/Oct/2020 11:10:41] "GET /static/app/scripts/respond.js HTTP/1.1" 304 0
[14/Oct/2020 11:11:07] "GET /newcompile/ HTTP/1.1" 200 25464
[14/Oct/2020 11:11:07] "GET /static/app/scripts/modernizr-2.6.2.js HTTP/1.1" 304 0
[14/Oct/2020 11:11:07] "GET /static/app/scripts/jquery-1.10.2.js HTTP/1.1" 304 0
[14/Oct/2020 11:11:07] "GET /static/app/scripts/bootstrap.js HTTP/1.1" 304 0
[14/Oct/2020 11:11:07] "GET /static/app/scripts/bootstrap.min.js HTTP/1.1" 304 0
[14/Oct/2020 11:11:07] "GET /static/app/scripts/jquery.min.js HTTP/1.1" 304 0
[14/Oct/2020 11:11:07] "GET /static/app/scripts/respond.js HTTP/1.1" 304 0
Not Found: /favicon.ico
[14/Oct/2020 11:11:08] "GET /favicon.ico HTTP/1.1" 404 1758
[14/Oct/2020 11:13:08] "GET /newcompile/ HTTP/1.1" 200 25464
[14/Oct/2020 11:13:08] "GET /static/app/scripts/modernizr-2.6.2.js HTTP/1.1" 304 0
[14/Oct/2020 11:13:08] "GET /static/app/scripts/jquery.min.js HTTP/1.1" 304 0
[14/Oct/2020 11:13:08] "GET /static/app/scripts/respond.js HTTP/1.1" 304 0
[14/Oct/2020 11:13:08] "GET /static/app/content/site.css HTTP/1.1" 304 0
[14/Oct/2020 11:13:08] "GET /static/app/scripts/jquery-1.10.2.js HTTP/1.1" 304 0
[14/Oct/2020 11:13:08] "GET /static/app/scripts/bootstrap.js HTTP/1.1" 304 0
[14/Oct/2020 11:13:08] "GET /static/app/scripts/bootstrap.min.js HTTP/1.1" 304 0
[14/Oct/2020 11:15:13] "GET /newcompile/ HTTP/1.1" 200 25464
[14/Oct/2020 11:15:13] "GET /static/app/scripts/modernizr-2.6.2.js HTTP/1.1" 304 0
[14/Oct/2020 11:15:13] "GET /static/app/scripts/jquery-1.10.2.js HTTP/1.1" 304 0
[14/Oct/2020 11:15:13] "GET /static/app/scripts/bootstrap.js HTTP/1.1" 304 0
[14/Oct/2020 11:15:13] "GET /static/app/scripts/jquery.min.js HTTP/1.1" 304 0
[14/Oct/2020 11:15:13] "GET /static/app/scripts/bootstrap.min.js HTTP/1.1" 304 0
[14/Oct/2020 11:15:13] "GET /static/app/scripts/respond.js HTTP/1.1" 304 0
[14/Oct/2020 11:15:21] "GET /newcompile/ HTTP/1.1" 200 25464
[14/Oct/2020 11:15:21] "GET /static/app/scripts/modernizr-2.6.2.js HTTP/1.1" 304 0
[14/Oct/2020 11:15:21] "GET /static/app/scripts/jquery.min.js HTTP/1.1" 304 0
[14/Oct/2020 11:15:21] "GET /static/app/scripts/bootstrap.min.js HTTP/1.1" 304 0
[14/Oct/2020 11:15:21] "GET /static/app/scripts/jquery-1.10.2.js HTTP/1.1" 304 0
[14/Oct/2020 11:15:21] "GET /static/app/scripts/respond.js HTTP/1.1" 304 0
[14/Oct/2020 11:15:21] "GET /static/app/scripts/bootstrap.js HTTP/1.1" 304 0
[14/Oct/2020 11:15:25] "GET /newcompile/ HTTP/1.1" 200 25464
[14/Oct/2020 11:15:25] "GET /static/app/scripts/modernizr-2.6.2.js HTTP/1.1" 304 0
[14/Oct/2020 11:15:25] "GET /static/app/scripts/bootstrap.min.js HTTP/1.1" 304 0
[14/Oct/2020 11:15:25] "GET /static/app/scripts/jquery-1.10.2.js HTTP/1.1" 304 0
[14/Oct/2020 11:15:25] "GET /static/app/scripts/respond.js HTTP/1.1" 304 0
[14/Oct/2020 11:15:25] "GET /static/app/scripts/jquery.min.js HTTP/1.1" 304 0
[14/Oct/2020 11:15:25] "GET /static/app/scripts/bootstrap.js HTTP/1.1" 304 0
Not Found: /favicon.ico
[14/Oct/2020 11:15:25] "GET /favicon.ico HTTP/1.1" 404 1758
[14/Oct/2020 11:16:21] "GET /newcompile/ HTTP/1.1" 200 22708
[14/Oct/2020 11:16:21] "GET /static/app/scripts/modernizr-2.6.2.js HTTP/1.1" 304 0
[14/Oct/2020 11:16:21] "GET /static/app/scripts/jquery-1.10.2.js HTTP/1.1" 304 0
[14/Oct/2020 11:16:21] "GET /static/app/scripts/bootstrap.js HTTP/1.1" 304 0
[14/Oct/2020 11:16:21] "GET /static/app/scripts/jquery.min.js HTTP/1.1" 304 0
[14/Oct/2020 11:16:21] "GET /static/app/scripts/respond.js HTTP/1.1" 304 0
[14/Oct/2020 11:16:21] "GET /static/app/scripts/bootstrap.min.js HTTP/1.1" 304 0
[14/Oct/2020 11:16:27] "GET /newcompile/ HTTP/1.1" 200 22708
[14/Oct/2020 11:16:27] "GET /static/app/scripts/modernizr-2.6.2.js HTTP/1.1" 304 0
[14/Oct/2020 11:16:27] "GET /static/app/scripts/jquery-1.10.2.js HTTP/1.1" 304 0
[14/Oct/2020 11:16:27] "GET /static/app/scripts/jquery.min.js HTTP/1.1" 304 0
[14/Oct/2020 11:16:27] "GET /static/app/scripts/bootstrap.js HTTP/1.1" 304 0
[14/Oct/2020 11:16:27] "GET /static/app/scripts/respond.js HTTP/1.1" 304 0
[14/Oct/2020 11:16:27] "GET /static/app/scripts/bootstrap.min.js HTTP/1.1" 304 0
[14/Oct/2020 11:16:33] "GET /newcompile/ HTTP/1.1" 200 22708
[14/Oct/2020 11:16:33] "GET /static/app/scripts/modernizr-2.6.2.js HTTP/1.1" 304 0
[14/Oct/2020 11:16:33] "GET /static/app/scripts/jquery-1.10.2.js HTTP/1.1" 304 0
[14/Oct/2020 11:16:33] "GET /static/app/scripts/bootstrap.js HTTP/1.1" 304 0
[14/Oct/2020 11:16:33] "GET /static/app/scripts/respond.js HTTP/1.1" 304 0
[14/Oct/2020 11:16:33] "GET /static/app/scripts/bootstrap.min.js HTTP/1.1" 304 0
[14/Oct/2020 11:16:33] "GET /static/app/scripts/jquery.min.js HTTP/1.1" 304 0
Not Found: /favicon.ico
[14/Oct/2020 11:16:33] "GET /favicon.ico HTTP/1.1" 404 1758
[14/Oct/2020 11:17:43] "GET /newcompile/ HTTP/1.1" 200 22706
[14/Oct/2020 11:17:43] "GET /static/app/scripts/modernizr-2.6.2.js HTTP/1.1" 304 0
[14/Oct/2020 11:17:43] "GET /static/app/scripts/jquery-1.10.2.js HTTP/1.1" 304 0
[14/Oct/2020 11:17:43] "GET /static/app/scripts/bootstrap.min.js HTTP/1.1" 304 0
[14/Oct/2020 11:17:43] "GET /static/app/scripts/jquery.min.js HTTP/1.1" 304 0
[14/Oct/2020 11:17:43] "GET /static/app/scripts/bootstrap.js HTTP/1.1" 304 0
[14/Oct/2020 11:17:43] "GET /static/app/scripts/respond.js HTTP/1.1" 304 0
Not Found: /favicon.ico
[14/Oct/2020 11:17:43] "GET /favicon.ico HTTP/1.1" 404 1758
[14/Oct/2020 11:18:07] "GET /newcompile/ HTTP/1.1" 200 22708
[14/Oct/2020 11:18:07] "GET /static/app/scripts/modernizr-2.6.2.js HTTP/1.1" 304 0
[14/Oct/2020 11:18:07] "GET /static/app/scripts/bootstrap.js HTTP/1.1" 304 0
[14/Oct/2020 11:18:07] "GET /static/app/scripts/jquery-1.10.2.js HTTP/1.1" 304 0
[14/Oct/2020 11:18:07] "GET /static/app/scripts/respond.js HTTP/1.1" 304 0
[14/Oct/2020 11:18:07] "GET /static/app/scripts/jquery.min.js HTTP/1.1" 304 0
[14/Oct/2020 11:18:07] "GET /static/app/scripts/bootstrap.min.js HTTP/1.1" 304 0
[14/Oct/2020 11:22:13] "GET /newcompile/ HTTP/1.1" 200 22708
[14/Oct/2020 11:22:13] "GET /static/app/scripts/bootstrap.js HTTP/1.1" 304 0
[14/Oct/2020 11:22:13] "GET /static/app/scripts/modernizr-2.6.2.js HTTP/1.1" 304 0
[14/Oct/2020 11:22:13] "GET /static/app/scripts/jquery-1.10.2.js HTTP/1.1" 304 0
[14/Oct/2020 11:22:13] "GET /static/app/scripts/respond.js HTTP/1.1" 304 0
[14/Oct/2020 11:22:13] "GET /static/app/content/site.css HTTP/1.1" 200 11166
[14/Oct/2020 11:22:13] "GET /static/app/scripts/jquery.min.js HTTP/1.1" 304 0
[14/Oct/2020 11:22:13] "GET /static/app/scripts/bootstrap.min.js HTTP/1.1" 304 0
[14/Oct/2020 11:22:52] "GET /newcompile/ HTTP/1.1" 200 22708
[14/Oct/2020 11:22:52] "GET /static/app/scripts/modernizr-2.6.2.js HTTP/1.1" 304 0
[14/Oct/2020 11:22:52] "GET /static/app/scripts/jquery-1.10.2.js HTTP/1.1" 304 0
[14/Oct/2020 11:22:52] "GET /static/app/scripts/bootstrap.js HTTP/1.1" 304 0
[14/Oct/2020 11:22:52] "GET /static/app/scripts/jquery.min.js HTTP/1.1" 304 0
[14/Oct/2020 11:22:52] "GET /static/app/scripts/bootstrap.min.js HTTP/1.1" 304 0
[14/Oct/2020 11:22:52] "GET /static/app/scripts/respond.js HTTP/1.1" 304 0
[14/Oct/2020 11:23:07] "GET /newcompile/ HTTP/1.1" 200 22708
[14/Oct/2020 11:23:07] "GET /static/app/scripts/modernizr-2.6.2.js HTTP/1.1" 304 0
[14/Oct/2020 11:23:07] "GET /static/app/scripts/respond.js HTTP/1.1" 304 0
[14/Oct/2020 11:23:07] "GET /static/app/scripts/bootstrap.min.js HTTP/1.1" 304 0
[14/Oct/2020 11:23:07] "GET /static/app/scripts/jquery.min.js HTTP/1.1" 304 0
[14/Oct/2020 11:23:07] "GET /static/app/scripts/bootstrap.js HTTP/1.1" 304 0
[14/Oct/2020 11:23:07] "GET /static/app/scripts/jquery-1.10.2.js HTTP/1.1" 304 0
[14/Oct/2020 11:24:12] "GET /newcompile/ HTTP/1.1" 200 22708
[14/Oct/2020 11:24:12] "GET /static/app/scripts/jquery-1.10.2.js HTTP/1.1" 304 0
[14/Oct/2020 11:24:12] "GET /static/app/scripts/modernizr-2.6.2.js HTTP/1.1" 304 0
[14/Oct/2020 11:24:12] "GET /static/app/scripts/bootstrap.js HTTP/1.1" 304 0
[14/Oct/2020 11:24:12] "GET /static/app/scripts/respond.js HTTP/1.1" 304 0
[14/Oct/2020 11:24:12] "GET /static/app/scripts/jquery.min.js HTTP/1.1" 304 0
[14/Oct/2020 11:24:12] "GET /static/app/scripts/bootstrap.min.js HTTP/1.1" 304 0
[14/Oct/2020 11:24:14] "GET / HTTP/1.1" 200 4755
[14/Oct/2020 11:24:15] "GET / HTTP/1.1" 200 4755
[14/Oct/2020 11:24:16] "GET /newcompile/ HTTP/1.1" 200 22708
[14/Oct/2020 11:24:31] "GET /newcompile/ HTTP/1.1" 200 22708
[14/Oct/2020 11:24:31] "GET /static/app/scripts/modernizr-2.6.2.js HTTP/1.1" 304 0
[14/Oct/2020 11:24:31] "GET /static/app/scripts/jquery-1.10.2.js HTTP/1.1" 304 0
[14/Oct/2020 11:24:31] "GET /static/app/scripts/bootstrap.min.js HTTP/1.1" 304 0
[14/Oct/2020 11:24:31] "GET /static/app/scripts/jquery.min.js HTTP/1.1" 304 0
[14/Oct/2020 11:24:31] "GET /static/app/scripts/bootstrap.js HTTP/1.1" 304 0
[14/Oct/2020 11:24:31] "GET /static/app/scripts/respond.js HTTP/1.1" 304 0
Not Found: /favicon.ico
[14/Oct/2020 11:24:32] "GET /favicon.ico HTTP/1.1" 404 1758
[14/Oct/2020 11:25:01] "GET /admin/app/hint/2/change/ HTTP/1.1" 200 8275
[14/Oct/2020 11:25:01] "GET /admin/jsi18n/ HTTP/1.1" 200 3187
Not Found: /favicon.ico
[14/Oct/2020 11:25:01] "GET /favicon.ico HTTP/1.1" 404 1758
[14/Oct/2020 11:25:03] "POST /admin/app/hint/2/change/ HTTP/1.1" 302 0
[14/Oct/2020 11:25:03] "GET /admin/app/hint/ HTTP/1.1" 200 7681
[14/Oct/2020 11:25:03] "GET /admin/jsi18n/ HTTP/1.1" 200 3187
[14/Oct/2020 11:25:06] "GET /newcompile/ HTTP/1.1" 200 22933
[14/Oct/2020 11:25:06] "GET /static/app/scripts/modernizr-2.6.2.js HTTP/1.1" 304 0
[14/Oct/2020 11:25:06] "GET /static/app/scripts/jquery-1.10.2.js HTTP/1.1" 304 0
[14/Oct/2020 11:25:06] "GET /static/app/scripts/bootstrap.js HTTP/1.1" 304 0
[14/Oct/2020 11:25:06] "GET /static/app/scripts/respond.js HTTP/1.1" 304 0
[14/Oct/2020 11:25:06] "GET /static/app/scripts/jquery.min.js HTTP/1.1" 304 0
[14/Oct/2020 11:25:06] "GET /static/app/scripts/bootstrap.min.js HTTP/1.1" 304 0
[14/Oct/2020 11:25:13] "GET /newcompile/ HTTP/1.1" 200 22933
[14/Oct/2020 11:25:13] "GET /static/app/scripts/modernizr-2.6.2.js HTTP/1.1" 304 0
[14/Oct/2020 11:25:13] "GET /static/app/scripts/jquery-1.10.2.js HTTP/1.1" 304 0
[14/Oct/2020 11:25:13] "GET /static/app/scripts/jquery.min.js HTTP/1.1" 304 0
[14/Oct/2020 11:25:13] "GET /static/app/scripts/respond.js HTTP/1.1" 304 0
[14/Oct/2020 11:25:13] "GET /static/app/scripts/bootstrap.js HTTP/1.1" 304 0
[14/Oct/2020 11:25:13] "GET /static/app/scripts/bootstrap.min.js HTTP/1.1" 304 0
[14/Oct/2020 11:36:27] "GET /newcompile/ HTTP/1.1" 302 0
[14/Oct/2020 11:37:49] "GET /newcompile/ HTTP/1.1" 200 22912
[14/Oct/2020 11:37:49] "GET /static/app/content/site.css HTTP/1.1" 304 0
[14/Oct/2020 11:37:49] "GET /static/app/scripts/modernizr-2.6.2.js HTTP/1.1" 304 0
[14/Oct/2020 11:37:49] "GET /static/app/scripts/jquery-1.10.2.js HTTP/1.1" 304 0
[14/Oct/2020 11:37:49] "GET /static/app/scripts/bootstrap.js HTTP/1.1" 304 0
[14/Oct/2020 11:37:49] "GET /static/app/scripts/jquery.min.js HTTP/1.1" 304 0
[14/Oct/2020 11:37:49] "GET /static/app/scripts/respond.js HTTP/1.1" 304 0
[14/Oct/2020 11:37:49] "GET /static/app/scripts/bootstrap.min.js HTTP/1.1" 304 0
[14/Oct/2020 11:38:34] "GET /newcompile/ HTTP/1.1" 302 0
[14/Oct/2020 11:39:30] "GET /newcompile/ HTTP/1.1" 200 22897
[14/Oct/2020 11:39:30] "GET /static/app/scripts/modernizr-2.6.2.js HTTP/1.1" 304 0
[14/Oct/2020 11:39:30] "GET /static/app/scripts/jquery-1.10.2.js HTTP/1.1" 304 0
[14/Oct/2020 11:39:30] "GET /static/app/scripts/bootstrap.js HTTP/1.1" 304 0
[14/Oct/2020 11:39:30] "GET /static/app/scripts/respond.js HTTP/1.1" 304 0
[14/Oct/2020 11:39:30] "GET /static/app/scripts/jquery.min.js HTTP/1.1" 304 0
[14/Oct/2020 11:39:30] "GET /static/app/scripts/bootstrap.min.js HTTP/1.1" 304 0
[14/Oct/2020 11:39:35] "POST /newcompile/ HTTP/1.1" 200 575
[14/Oct/2020 11:41:16] "POST /newcompile/ HTTP/1.1" 200 855
[14/Oct/2020 11:41:35] "POST /logout/ HTTP/1.1" 200 3535
[14/Oct/2020 11:41:37] "GET /register/ HTTP/1.1" 200 5253
[14/Oct/2020 11:41:39] "GET /login/ HTTP/1.1" 200 5110
[14/Oct/2020 11:41:46] "POST /login/ HTTP/1.1" 200 5124
[14/Oct/2020 11:41:56] "POST /login/ HTTP/1.1" 302 0
[14/Oct/2020 11:41:56] "GET / HTTP/1.1" 200 4754
[14/Oct/2020 11:42:00] "GET / HTTP/1.1" 200 4754
[14/Oct/2020 11:42:01] "GET / HTTP/1.1" 200 4754
[14/Oct/2020 11:42:02] "GET /newcompile/ HTTP/1.1" 200 22896
[14/Oct/2020 11:42:24] "POST /newcompile/ HTTP/1.1" 200 685
Internal Server Error: /newcompile/
Traceback (most recent call last):
  File "/home/aviox/virtualenvs/codeprove/lib/python3.6/site-packages/django/template/base.py", line 470, in parse
    compile_func = self.tags[command]
KeyError: 'newcompile'

During handling of the above exception, another exception occurred:

Traceback (most recent call last):
  File "/home/aviox/virtualenvs/codeprove/lib/python3.6/site-packages/django/core/handlers/exception.py", line 47, in inner
    response = get_response(request)
  File "/home/aviox/virtualenvs/codeprove/lib/python3.6/site-packages/django/core/handlers/base.py", line 179, in _get_response
    response = wrapped_callback(request, *callback_args, **callback_kwargs)
  File "/home/aviox/virtualenvs/codeprove/lib/python3.6/site-packages/django/contrib/auth/decorators.py", line 21, in _wrapped_view
    return view_func(request, *args, **kwargs)
  File "/home/aviox/CodeProve/app/views.py", line 80, in newcompile
    context
  File "/home/aviox/virtualenvs/codeprove/lib/python3.6/site-packages/django/shortcuts.py", line 19, in render
    content = loader.render_to_string(template_name, context, request, using=using)
  File "/home/aviox/virtualenvs/codeprove/lib/python3.6/site-packages/django/template/loader.py", line 61, in render_to_string
    template = get_template(template_name, using=using)
  File "/home/aviox/virtualenvs/codeprove/lib/python3.6/site-packages/django/template/loader.py", line 15, in get_template
    return engine.get_template(template_name)
  File "/home/aviox/virtualenvs/codeprove/lib/python3.6/site-packages/django/template/backends/django.py", line 34, in get_template
    return Template(self.engine.get_template(template_name), self)
  File "/home/aviox/virtualenvs/codeprove/lib/python3.6/site-packages/django/template/engine.py", line 143, in get_template
    template, origin = self.find_template(template_name)
  File "/home/aviox/virtualenvs/codeprove/lib/python3.6/site-packages/django/template/engine.py", line 125, in find_template
    template = loader.get_template(name, skip=skip)
  File "/home/aviox/virtualenvs/codeprove/lib/python3.6/site-packages/django/template/loaders/base.py", line 30, in get_template
    contents, origin, origin.template_name, self.engine,
  File "/home/aviox/virtualenvs/codeprove/lib/python3.6/site-packages/django/template/base.py", line 155, in __init__
    self.nodelist = self.compile_nodelist()
  File "/home/aviox/virtualenvs/codeprove/lib/python3.6/site-packages/django/template/base.py", line 193, in compile_nodelist
    return parser.parse()
  File "/home/aviox/virtualenvs/codeprove/lib/python3.6/site-packages/django/template/base.py", line 478, in parse
    raise self.error(token, e)
  File "/home/aviox/virtualenvs/codeprove/lib/python3.6/site-packages/django/template/base.py", line 476, in parse
    compiled_result = compile_func(self, token)
  File "/home/aviox/virtualenvs/codeprove/lib/python3.6/site-packages/django/template/loader_tags.py", line 270, in do_extends
    nodelist = parser.parse()
  File "/home/aviox/virtualenvs/codeprove/lib/python3.6/site-packages/django/template/base.py", line 478, in parse
    raise self.error(token, e)
  File "/home/aviox/virtualenvs/codeprove/lib/python3.6/site-packages/django/template/base.py", line 476, in parse
    compiled_result = compile_func(self, token)
  File "/home/aviox/virtualenvs/codeprove/lib/python3.6/site-packages/django/template/loader_tags.py", line 213, in do_block
    nodelist = parser.parse(('endblock',))
  File "/home/aviox/virtualenvs/codeprove/lib/python3.6/site-packages/django/template/base.py", line 472, in parse
    self.invalid_block_tag(token, command, parse_until)
  File "/home/aviox/virtualenvs/codeprove/lib/python3.6/site-packages/django/template/base.py", line 528, in invalid_block_tag
    get_text_list(["'%s'" % p for p in parse_until], 'or'),
django.template.exceptions.TemplateSyntaxError: Invalid block tag on line 19: 'newcompile', expected 'endblock'. Did you forget to register or load this tag?
[14/Oct/2020 11:46:23] "GET /newcompile/ HTTP/1.1" 500 188133
[14/Oct/2020 11:55:08] "GET /newcompile/ HTTP/1.1" 200 22896
[14/Oct/2020 11:55:08] "GET /static/app/scripts/jquery-1.10.2.js HTTP/1.1" 304 0
[14/Oct/2020 11:55:08] "GET /static/app/scripts/modernizr-2.6.2.js HTTP/1.1" 304 0
[14/Oct/2020 11:55:08] "GET /static/app/scripts/jquery.min.js HTTP/1.1" 304 0
[14/Oct/2020 11:55:08] "GET /static/app/scripts/respond.js HTTP/1.1" 304 0
[14/Oct/2020 11:55:08] "GET /static/app/scripts/bootstrap.js HTTP/1.1" 304 0
[14/Oct/2020 11:55:08] "GET /static/app/content/site.css HTTP/1.1" 304 0
[14/Oct/2020 11:55:08] "GET /static/app/scripts/bootstrap.min.js HTTP/1.1" 304 0
[14/Oct/2020 11:57:52] "GET / HTTP/1.1" 200 4630
[14/Oct/2020 11:57:52] "GET /static/app/content/site.css HTTP/1.1" 200 11166
[14/Oct/2020 11:57:52] "GET /static/app/scripts/jquery-1.10.2.js HTTP/1.1" 200 273990
[14/Oct/2020 11:57:52] "GET /static/app/scripts/respond.js HTTP/1.1" 200 10318
[14/Oct/2020 11:57:52] "GET /static/app/content/font-awesome.css HTTP/1.1" 200 30999
[14/Oct/2020 11:57:52] "GET /static/app/scripts/modernizr-2.6.2.js HTTP/1.1" 200 51395
[14/Oct/2020 11:57:52] "GET /static/app/scripts/bootstrap.js HTTP/1.1" 200 59250
[14/Oct/2020 11:57:52] "GET /static/app/scripts/bootstrap.min.js HTTP/1.1" 200 28518
[14/Oct/2020 11:57:52] "GET /static/app/scripts/jquery.min.js HTTP/1.1" 200 84345
[14/Oct/2020 11:57:52] "GET /static/app/content/bootstrap.min.css HTTP/1.1" 200 97949
Not Found: /favicon.ico
[14/Oct/2020 11:57:52] "GET /favicon.ico HTTP/1.1" 404 1758
[14/Oct/2020 12:00:14] "GET /newcompile/ HTTP/1.1" 200 22903
[14/Oct/2020 12:00:14] "GET /static/app/scripts/jquery-1.10.2.js HTTP/1.1" 304 0
[14/Oct/2020 12:00:14] "GET /static/app/scripts/modernizr-2.6.2.js HTTP/1.1" 304 0
[14/Oct/2020 12:00:14] "GET /static/app/scripts/bootstrap.js HTTP/1.1" 304 0
[14/Oct/2020 12:00:14] "GET /static/app/scripts/bootstrap.min.js HTTP/1.1" 304 0
[14/Oct/2020 12:00:14] "GET /static/app/scripts/respond.js HTTP/1.1" 304 0
[14/Oct/2020 12:00:14] "GET /static/app/scripts/jquery.min.js HTTP/1.1" 304 0
